

================================================================
== Vitis HLS Report for 'addrbound_1'
================================================================
* Date:           Sun Feb 25 00:53:09 2024

* Version:        2020.2.2 (Build 3118627 on Tue Feb  9 05:13:49 MST 2021)
* Project:        grayscaler
* Solution:       solution1 (Vivado IP Flow Target)
* Product family: zynq
* Target device:  xc7z020-clg400-1


================================================================
== Performance Estimates
================================================================
+ Timing: 
    * Summary: 
    +--------+----------+----------+------------+
    |  Clock |  Target  | Estimated| Uncertainty|
    +--------+----------+----------+------------+
    |ap_clk  |  10.00 ns|  6.320 ns|     2.70 ns|
    +--------+----------+----------+------------+

+ Latency: 
    * Summary: 
    +---------+---------+-----------+-----------+-----+-----+---------+
    |  Latency (cycles) |   Latency (absolute)  |  Interval | Pipeline|
    |   min   |   max   |    min    |    max    | min | max |   Type  |
    +---------+---------+-----------+-----------+-----+-----+---------+
    |        2|        2|  20.000 ns|  20.000 ns|    2|    2|     none|
    +---------+---------+-----------+-----------+-----+-----+---------+

    + Detail: 
        * Instance: 
        N/A

        * Loop: 
        N/A



================================================================
== Utilization Estimates
================================================================
* Summary: 
+-----------------+---------+-----+--------+-------+-----+
|       Name      | BRAM_18K| DSP |   FF   |  LUT  | URAM|
+-----------------+---------+-----+--------+-------+-----+
|DSP              |        -|    -|       -|      -|    -|
|Expression       |        -|    -|       0|     34|    -|
|FIFO             |        -|    -|       -|      -|    -|
|Instance         |        -|    1|       0|     24|    -|
|Memory           |        -|    -|       -|      -|    -|
|Multiplexer      |        -|    -|       -|     56|    -|
|Register         |        -|    -|      89|      -|    -|
+-----------------+---------+-----+--------+-------+-----+
|Total            |        0|    1|      89|    114|    0|
+-----------------+---------+-----+--------+-------+-----+
|Available        |      280|  220|  106400|  53200|    0|
+-----------------+---------+-----+--------+-------+-----+
|Utilization (%)  |        0|   ~0|      ~0|     ~0|    0|
+-----------------+---------+-----+--------+-------+-----+

+ Detail: 
    * Instance: 
    +------------------------+--------------------+---------+----+---+----+-----+
    |        Instance        |       Module       | BRAM_18K| DSP| FF| LUT| URAM|
    +------------------------+--------------------+---------+----+---+----+-----+
    |mul_22s_22s_22_1_1_U88  |mul_22s_22s_22_1_1  |        0|   1|  0|  24|    0|
    +------------------------+--------------------+---------+----+---+----+-----+
    |Total                   |                    |        0|   1|  0|  24|    0|
    +------------------------+--------------------+---------+----+---+----+-----+

    * DSP: 
    N/A

    * Memory: 
    N/A

    * FIFO: 
    N/A

    * Expression: 
    +--------------------+----------+----+---+----+------------+------------+
    |    Variable Name   | Operation| DSP| FF| LUT| Bitwidth P0| Bitwidth P1|
    +--------------------+----------+----+---+----+------------+------------+
    |add_ln997_fu_66_p2  |         +|   0|  0|  32|          25|           6|
    |ap_block_state1     |        or|   0|  0|   2|           1|           1|
    +--------------------+----------+----+---+----+------------+------------+
    |Total               |          |   0|  0|  34|          26|           7|
    +--------------------+----------+----+---+----+------------+------------+

    * Multiplexer: 
    +------------+----+-----------+-----+-----------+
    |    Name    | LUT| Input Size| Bits| Total Bits|
    +------------+----+-----------+-----+-----------+
    |ap_NS_fsm   |  20|          4|    1|          4|
    |ap_done     |   9|          2|    1|          2|
    |cols_blk_n  |   9|          2|    1|          2|
    |return_r    |   9|          2|   19|         38|
    |rows_blk_n  |   9|          2|    1|          2|
    +------------+----+-----------+-----+-----------+
    |Total       |  56|         12|   23|         48|
    +------------+----+-----------+-----+-----------+

    * Register: 
    +------------------+----+----+-----+-----------+
    |       Name       | FF | LUT| Bits| Const Bits|
    +------------------+----+----+-----+-----------+
    |ap_CS_fsm         |   3|   0|    3|          0|
    |ap_done_reg       |   1|   0|    1|          0|
    |cols_read_reg_88  |  22|   0|   22|          0|
    |mul_ln997_reg_93  |  22|   0|   22|          0|
    |return_r_preg     |  19|   0|   19|          0|
    |rows_read_reg_83  |  22|   0|   22|          0|
    +------------------+----+----+-----+-----------+
    |Total             |  89|   0|   89|          0|
    +------------------+----+----+-----+-----------+



================================================================
== Interface
================================================================
* Summary: 
+-----------------+-----+-----+------------+--------------+--------------+
|    RTL Ports    | Dir | Bits|  Protocol  | Source Object|    C Type    |
+-----------------+-----+-----+------------+--------------+--------------+
|ap_clk           |   in|    1|  ap_ctrl_hs|   addrbound.1|  return value|
|ap_rst           |   in|    1|  ap_ctrl_hs|   addrbound.1|  return value|
|ap_start         |   in|    1|  ap_ctrl_hs|   addrbound.1|  return value|
|ap_done          |  out|    1|  ap_ctrl_hs|   addrbound.1|  return value|
|ap_continue      |   in|    1|  ap_ctrl_hs|   addrbound.1|  return value|
|ap_idle          |  out|    1|  ap_ctrl_hs|   addrbound.1|  return value|
|ap_ready         |  out|    1|  ap_ctrl_hs|   addrbound.1|  return value|
|return_r         |  out|   19|      ap_vld|      return_r|       pointer|
|return_r_ap_vld  |  out|    1|      ap_vld|      return_r|       pointer|
|rows_dout        |   in|   22|     ap_fifo|          rows|       pointer|
|rows_empty_n     |   in|    1|     ap_fifo|          rows|       pointer|
|rows_read        |  out|    1|     ap_fifo|          rows|       pointer|
|cols_dout        |   in|   22|     ap_fifo|          cols|       pointer|
|cols_empty_n     |   in|    1|     ap_fifo|          cols|       pointer|
|cols_read        |  out|    1|     ap_fifo|          cols|       pointer|
+-----------------+-----+-----+------------+--------------+--------------+

============================================================
+ Verbose Summary: Synthesis Manager
============================================================
InlineROM: 1
ExposeGlobal: 0
============================================================
+ Verbose Summary: CDFG Model
============================================================
IsTopModel: 0
ResetActiveHigh: 1
IsCombinational: 2
IsDatapathOnly: 0
HasWiredReturn: 1
HasMFsm: 0
HasVarLatency: 1
IsPipeline: 0
IsRtlPipelined: 0
IsInstanceOverlapped: 0
IsDontTouch: 0
HasImplIP: 0
IsGatedGlobalClock: 0


============================================================
+ Verbose Summary: Schedule
============================================================
* Number of FSM states : 3
* Pipeline : 0
* Dataflow Pipeline: 0

* FSM state transitions: 
1 --> 2 
2 --> 3 
3 --> 

* FSM state operations: 

State 1 <SV = 0> <Delay = 3.63>
ST_1 : Operation 4 [1/1] (3.63ns)   --->   "%rows_read = read i22 @_ssdm_op_Read.ap_fifo.i22P0A, i22 %rows"   --->   Operation 4 'read' 'rows_read' <Predicate = true> <Delay = 3.63> <CoreInst = "FIFO_SRL">   --->   Core 81 'FIFO_SRL' <Latency = 0> <II = 1> <Delay = 3.63> <Storage> <Opcode : 'read' 'write' 'nbread' 'nbwrite'> <Ports = 0> <Width = 22> <Depth = 2> <FIFO>
ST_1 : Operation 5 [1/1] (3.63ns)   --->   "%cols_read = read i22 @_ssdm_op_Read.ap_fifo.i22P0A, i22 %cols"   --->   Operation 5 'read' 'cols_read' <Predicate = true> <Delay = 3.63> <CoreInst = "FIFO_SRL">   --->   Core 81 'FIFO_SRL' <Latency = 0> <II = 1> <Delay = 3.63> <Storage> <Opcode : 'read' 'write' 'nbread' 'nbwrite'> <Ports = 0> <Width = 22> <Depth = 2> <FIFO>

State 2 <SV = 1> <Delay = 6.32>
ST_2 : Operation 6 [1/1] (6.32ns)   --->   "%mul_ln997 = mul i22 %rows_read, i22 %cols_read" [../../Vitis_Libraries/vision/L1/include/common/xf_structs.hpp:997]   --->   Operation 6 'mul' 'mul_ln997' <Predicate = true> <Delay = 6.32> <CoreInst = "Multiplier">   --->   Core 3 'Multiplier' <Latency = 0> <II = 1> <Delay = 6.32> <FuncUnit> <Opcode : 'mul'> <InPorts = 2> <OutPorts = 1>

State 3 <SV = 2> <Delay = 2.34>
ST_3 : Operation 7 [1/1] (0.00ns)   --->   "%specinterface_ln0 = specinterface void @_ssdm_op_SpecInterface, i22 %cols, void @ap_fifo_str, i32 0, i32 0, void @p_str, i32 0, i32 0, void @p_str, void @p_str, void @p_str, i32 2, i32 2, i32 16, i32 16, void @p_str, void @ScalarProp_str"   --->   Operation 7 'specinterface' 'specinterface_ln0' <Predicate = true> <Delay = 0.00>
ST_3 : Operation 8 [1/1] (0.00ns)   --->   "%specinterface_ln0 = specinterface void @_ssdm_op_SpecInterface, i22 %rows, void @ap_fifo_str, i32 0, i32 0, void @p_str, i32 0, i32 0, void @p_str, void @p_str, void @p_str, i32 2, i32 2, i32 16, i32 16, void @p_str, void @ScalarProp_str"   --->   Operation 8 'specinterface' 'specinterface_ln0' <Predicate = true> <Delay = 0.00>
ST_3 : Operation 9 [1/1] (0.00ns)   --->   "%shl_ln = bitconcatenate i25 @_ssdm_op_BitConcatenate.i25.i22.i3, i22 %mul_ln997, i3 0" [../../Vitis_Libraries/vision/L1/include/common/xf_structs.hpp:997]   --->   Operation 9 'bitconcatenate' 'shl_ln' <Predicate = true> <Delay = 0.00>
ST_3 : Operation 10 [1/1] (2.34ns)   --->   "%add_ln997 = add i25 %shl_ln, i25 63" [../../Vitis_Libraries/vision/L1/include/common/xf_structs.hpp:997]   --->   Operation 10 'add' 'add_ln997' <Predicate = true> <Delay = 2.34> <CoreInst = "Adder">   --->   Core 1 'Adder' <Latency = 0> <II = 1> <Delay = 2.34> <FuncUnit> <Opcode : 'add' 'sub'> <InPorts = 2> <OutPorts = 1>
ST_3 : Operation 11 [1/1] (0.00ns)   --->   "%trunc_ln = partselect i19 @_ssdm_op_PartSelect.i19.i25.i32.i32, i25 %add_ln997, i32 6, i32 24" [../../Vitis_Libraries/vision/L1/include/common/xf_structs.hpp:997]   --->   Operation 11 'partselect' 'trunc_ln' <Predicate = true> <Delay = 0.00>
ST_3 : Operation 12 [1/1] (0.00ns)   --->   "%write_ln997 = write void @_ssdm_op_Write.ap_auto.volatile.i19P0A, i19 %return_r, i19 %trunc_ln" [../../Vitis_Libraries/vision/L1/include/common/xf_structs.hpp:997]   --->   Operation 12 'write' 'write_ln997' <Predicate = true> <Delay = 0.00>
ST_3 : Operation 13 [1/1] (0.00ns)   --->   "%ret_ln301 = ret"   --->   Operation 13 'ret' 'ret_ln301' <Predicate = true> <Delay = 0.00>


============================================================
+ Verbose Summary: Binding
============================================================
STG Binding: 
---------------- STG Properties BEGIN ----------------
- Is combinational: 0
- Is one-state seq: 0
- Is datapath-only: 0
- Is pipelined: 0
- Is top level: 0
Port [ Return ] is wired: 1; IO mode=ap_ctrl_hs:ce=0
Port [ return_r]:  wired=1; compound=0; hidden=0; nouse=0; global=0; static=0; extern=0; dir=1; type=0; pingpong=0; private_global=0; IO mode=ap_vld:ce=0
Port [ rows]:  wired=1; compound=1; hidden=0; nouse=0; global=0; static=0; extern=0; dir=0; type=3; pingpong=0; private_global=0; IO mode=ap_fifo:ce=0
Port [ cols]:  wired=1; compound=1; hidden=0; nouse=0; global=0; static=0; extern=0; dir=0; type=3; pingpong=0; private_global=0; IO mode=ap_fifo:ce=0
---------------- STG Properties END ------------------

---------------- Datapath Model BEGIN ----------------

<LifeTime>
<method=bitvector/>
rows_read         (read          ) [ 0010]
cols_read         (read          ) [ 0010]
mul_ln997         (mul           ) [ 0001]
specinterface_ln0 (specinterface ) [ 0000]
specinterface_ln0 (specinterface ) [ 0000]
shl_ln            (bitconcatenate) [ 0000]
add_ln997         (add           ) [ 0000]
trunc_ln          (partselect    ) [ 0000]
write_ln997       (write         ) [ 0000]
ret_ln301         (ret           ) [ 0000]
</LifeTime>

<model>

<comp_list>
<comp id="0" class="1000" name="return_r">
<pin_list>
<pin id="1" dir="1" index="0" bw="1" slack="0"/>
</pin_list>
<bind>
<StgValue><ssdm name="return_r"/></StgValue>
</bind>
</comp>

<comp id="2" class="1000" name="rows">
<pin_list>
<pin id="3" dir="1" index="0" bw="1" slack="0"/>
</pin_list>
<bind>
<StgValue><ssdm name="rows"/></StgValue>
</bind>
</comp>

<comp id="4" class="1000" name="cols">
<pin_list>
<pin id="5" dir="1" index="0" bw="1" slack="0"/>
</pin_list>
<bind>
<StgValue><ssdm name="cols"/></StgValue>
</bind>
</comp>

<comp id="6" class="1001" name="const_6">
<pin_list>
<pin id="7" dir="1" index="0" bw="1" slack="0"/>
</pin_list>
<bind>
<StgValue><ssdm name="_ssdm_op_Read.ap_fifo.i22P0A"/></StgValue>
</bind>
</comp>

<comp id="8" class="1001" name="const_8">
<pin_list>
<pin id="9" dir="1" index="0" bw="1" slack="2147483647"/>
</pin_list>
<bind>
<StgValue><ssdm name="_ssdm_op_SpecInterface"/></StgValue>
</bind>
</comp>

<comp id="10" class="1001" name="const_10">
<pin_list>
<pin id="11" dir="1" index="0" bw="1" slack="2147483647"/>
</pin_list>
<bind>
<StgValue><ssdm name="ap_fifo_str"/></StgValue>
</bind>
</comp>

<comp id="12" class="1001" name="const_12">
<pin_list>
<pin id="13" dir="1" index="0" bw="1" slack="2147483647"/>
</pin_list>
<bind>
<StgValue><ssdm name=""/></StgValue>
</bind>
</comp>

<comp id="14" class="1001" name="const_14">
<pin_list>
<pin id="15" dir="1" index="0" bw="1" slack="2147483647"/>
</pin_list>
<bind>
<StgValue><ssdm name="p_str"/></StgValue>
</bind>
</comp>

<comp id="16" class="1001" name="const_16">
<pin_list>
<pin id="17" dir="1" index="0" bw="1" slack="2147483647"/>
</pin_list>
<bind>
<StgValue><ssdm name=""/></StgValue>
</bind>
</comp>

<comp id="18" class="1001" name="const_18">
<pin_list>
<pin id="19" dir="1" index="0" bw="1" slack="2147483647"/>
</pin_list>
<bind>
<StgValue><ssdm name=""/></StgValue>
</bind>
</comp>

<comp id="20" class="1001" name="const_20">
<pin_list>
<pin id="21" dir="1" index="0" bw="1" slack="2147483647"/>
</pin_list>
<bind>
<StgValue><ssdm name="ScalarProp_str"/></StgValue>
</bind>
</comp>

<comp id="22" class="1001" name="const_22">
<pin_list>
<pin id="23" dir="1" index="0" bw="1" slack="0"/>
</pin_list>
<bind>
<StgValue><ssdm name="_ssdm_op_BitConcatenate.i25.i22.i3"/></StgValue>
</bind>
</comp>

<comp id="24" class="1001" name="const_24">
<pin_list>
<pin id="25" dir="1" index="0" bw="1" slack="0"/>
</pin_list>
<bind>
<StgValue><ssdm name=""/></StgValue>
</bind>
</comp>

<comp id="26" class="1001" name="const_26">
<pin_list>
<pin id="27" dir="1" index="0" bw="1" slack="0"/>
</pin_list>
<bind>
<StgValue><ssdm name=""/></StgValue>
</bind>
</comp>

<comp id="28" class="1001" name="const_28">
<pin_list>
<pin id="29" dir="1" index="0" bw="1" slack="0"/>
</pin_list>
<bind>
<StgValue><ssdm name="_ssdm_op_PartSelect.i19.i25.i32.i32"/></StgValue>
</bind>
</comp>

<comp id="30" class="1001" name="const_30">
<pin_list>
<pin id="31" dir="1" index="0" bw="1" slack="0"/>
</pin_list>
<bind>
<StgValue><ssdm name=""/></StgValue>
</bind>
</comp>

<comp id="32" class="1001" name="const_32">
<pin_list>
<pin id="33" dir="1" index="0" bw="1" slack="0"/>
</pin_list>
<bind>
<StgValue><ssdm name=""/></StgValue>
</bind>
</comp>

<comp id="34" class="1001" name="const_34">
<pin_list>
<pin id="35" dir="1" index="0" bw="1" slack="0"/>
</pin_list>
<bind>
<StgValue><ssdm name="_ssdm_op_Write.ap_auto.volatile.i19P0A"/></StgValue>
</bind>
</comp>

<comp id="36" class="1004" name="rows_read_read_fu_36">
<pin_list>
<pin id="37" dir="0" index="0" bw="22" slack="0"/>
<pin id="38" dir="0" index="1" bw="22" slack="0"/>
<pin id="39" dir="1" index="2" bw="22" slack="1"/>
</pin_list>
<bind>
<opcode="read(1150) " fcode="read"/>
<opset="rows_read/1 "/>
</bind>
</comp>

<comp id="42" class="1004" name="cols_read_read_fu_42">
<pin_list>
<pin id="43" dir="0" index="0" bw="22" slack="0"/>
<pin id="44" dir="0" index="1" bw="22" slack="0"/>
<pin id="45" dir="1" index="2" bw="22" slack="1"/>
</pin_list>
<bind>
<opcode="read(1150) " fcode="read"/>
<opset="cols_read/1 "/>
</bind>
</comp>

<comp id="48" class="1004" name="write_ln997_write_fu_48">
<pin_list>
<pin id="49" dir="0" index="0" bw="0" slack="0"/>
<pin id="50" dir="0" index="1" bw="19" slack="0"/>
<pin id="51" dir="0" index="2" bw="19" slack="0"/>
<pin id="52" dir="1" index="3" bw="0" slack="2147483647"/>
</pin_list>
<bind>
<opcode="write(1151) " fcode="write"/>
<opset="write_ln997/3 "/>
</bind>
</comp>

<comp id="55" class="1004" name="mul_ln997_fu_55">
<pin_list>
<pin id="56" dir="0" index="0" bw="22" slack="1"/>
<pin id="57" dir="0" index="1" bw="22" slack="1"/>
<pin id="58" dir="1" index="2" bw="22" slack="1"/>
</pin_list>
<bind>
<opcode="mul(12) " fcode="mul"/>
<opset="mul_ln997/2 "/>
</bind>
</comp>

<comp id="59" class="1004" name="shl_ln_fu_59">
<pin_list>
<pin id="60" dir="0" index="0" bw="25" slack="0"/>
<pin id="61" dir="0" index="1" bw="22" slack="1"/>
<pin id="62" dir="0" index="2" bw="1" slack="0"/>
<pin id="63" dir="1" index="3" bw="25" slack="0"/>
</pin_list>
<bind>
<opcode="bitconcatenate(1004) " fcode="bitconcatenate"/>
<opset="shl_ln/3 "/>
</bind>
</comp>

<comp id="66" class="1004" name="add_ln997_fu_66">
<pin_list>
<pin id="67" dir="0" index="0" bw="25" slack="0"/>
<pin id="68" dir="0" index="1" bw="7" slack="0"/>
<pin id="69" dir="1" index="2" bw="25" slack="0"/>
</pin_list>
<bind>
<opcode="add(8) " fcode="add"/>
<opset="add_ln997/3 "/>
</bind>
</comp>

<comp id="72" class="1004" name="trunc_ln_fu_72">
<pin_list>
<pin id="73" dir="0" index="0" bw="19" slack="0"/>
<pin id="74" dir="0" index="1" bw="25" slack="0"/>
<pin id="75" dir="0" index="2" bw="4" slack="0"/>
<pin id="76" dir="0" index="3" bw="6" slack="0"/>
<pin id="77" dir="1" index="4" bw="19" slack="0"/>
</pin_list>
<bind>
<opcode="partselect(1002) " fcode="partselect"/>
<opset="trunc_ln/3 "/>
</bind>
</comp>

<comp id="83" class="1005" name="rows_read_reg_83">
<pin_list>
<pin id="84" dir="0" index="0" bw="22" slack="1"/>
<pin id="85" dir="1" index="1" bw="22" slack="1"/>
</pin_list>
<bind>
<opset="rows_read "/>
</bind>
</comp>

<comp id="88" class="1005" name="cols_read_reg_88">
<pin_list>
<pin id="89" dir="0" index="0" bw="22" slack="1"/>
<pin id="90" dir="1" index="1" bw="22" slack="1"/>
</pin_list>
<bind>
<opset="cols_read "/>
</bind>
</comp>

<comp id="93" class="1005" name="mul_ln997_reg_93">
<pin_list>
<pin id="94" dir="0" index="0" bw="22" slack="1"/>
<pin id="95" dir="1" index="1" bw="22" slack="1"/>
</pin_list>
<bind>
<opset="mul_ln997 "/>
</bind>
</comp>

</comp_list>

<net_list>
<net id="40"><net_src comp="6" pin="0"/><net_sink comp="36" pin=0"/></net>

<net id="41"><net_src comp="2" pin="0"/><net_sink comp="36" pin=1"/></net>

<net id="46"><net_src comp="6" pin="0"/><net_sink comp="42" pin=0"/></net>

<net id="47"><net_src comp="4" pin="0"/><net_sink comp="42" pin=1"/></net>

<net id="53"><net_src comp="34" pin="0"/><net_sink comp="48" pin=0"/></net>

<net id="54"><net_src comp="0" pin="0"/><net_sink comp="48" pin=1"/></net>

<net id="64"><net_src comp="22" pin="0"/><net_sink comp="59" pin=0"/></net>

<net id="65"><net_src comp="24" pin="0"/><net_sink comp="59" pin=2"/></net>

<net id="70"><net_src comp="59" pin="3"/><net_sink comp="66" pin=0"/></net>

<net id="71"><net_src comp="26" pin="0"/><net_sink comp="66" pin=1"/></net>

<net id="78"><net_src comp="28" pin="0"/><net_sink comp="72" pin=0"/></net>

<net id="79"><net_src comp="66" pin="2"/><net_sink comp="72" pin=1"/></net>

<net id="80"><net_src comp="30" pin="0"/><net_sink comp="72" pin=2"/></net>

<net id="81"><net_src comp="32" pin="0"/><net_sink comp="72" pin=3"/></net>

<net id="82"><net_src comp="72" pin="4"/><net_sink comp="48" pin=2"/></net>

<net id="86"><net_src comp="36" pin="2"/><net_sink comp="83" pin=0"/></net>

<net id="87"><net_src comp="83" pin="1"/><net_sink comp="55" pin=0"/></net>

<net id="91"><net_src comp="42" pin="2"/><net_sink comp="88" pin=0"/></net>

<net id="92"><net_src comp="88" pin="1"/><net_sink comp="55" pin=1"/></net>

<net id="96"><net_src comp="55" pin="2"/><net_sink comp="93" pin=0"/></net>

<net id="97"><net_src comp="93" pin="1"/><net_sink comp="59" pin=1"/></net>

</net_list>

</model> 
---------------- Datapath Model END ------------------

* FSMD analyzer results:
  - Output states:
	Port: return_r | {3 }
 - Input state : 
	Port: addrbound.1 : rows | {1 }
	Port: addrbound.1 : cols | {1 }
  - Chain level:
	State 1
	State 2
	State 3
		add_ln997 : 1
		trunc_ln : 2
		write_ln997 : 3


============================================================
+ Verbose Summary: Datapath Resource usage 
============================================================

* Functional unit list:
|----------|-------------------------|---------|---------|---------|
| Operation|     Functional Unit     |   DSP   |    FF   |   LUT   |
|----------|-------------------------|---------|---------|---------|
|    add   |     add_ln997_fu_66     |    0    |    0    |    32   |
|----------|-------------------------|---------|---------|---------|
|    mul   |     mul_ln997_fu_55     |    1    |    0    |    24   |
|----------|-------------------------|---------|---------|---------|
|   read   |   rows_read_read_fu_36  |    0    |    0    |    0    |
|          |   cols_read_read_fu_42  |    0    |    0    |    0    |
|----------|-------------------------|---------|---------|---------|
|   write  | write_ln997_write_fu_48 |    0    |    0    |    0    |
|----------|-------------------------|---------|---------|---------|
|bitconcatenate|       shl_ln_fu_59      |    0    |    0    |    0    |
|----------|-------------------------|---------|---------|---------|
|partselect|      trunc_ln_fu_72     |    0    |    0    |    0    |
|----------|-------------------------|---------|---------|---------|
|   Total  |                         |    1    |    0    |    56   |
|----------|-------------------------|---------|---------|---------|

Memories:
N/A

* Register list:
+----------------+--------+
|                |   FF   |
+----------------+--------+
|cols_read_reg_88|   22   |
|mul_ln997_reg_93|   22   |
|rows_read_reg_83|   22   |
+----------------+--------+
|      Total     |   66   |
+----------------+--------+

* Multiplexer (MUX) list: 
|--------|------|------|------|--------|
|  Comp  |  Pin | Size |  BW  | S x BW |
|--------|------|------|------|--------|
|  Total |      |      |      |    0   |
|--------|------|------|------|--------|



* Summary:
+-----------+--------+--------+--------+
|           |   DSP  |   FF   |   LUT  |
+-----------+--------+--------+--------+
|  Function |    1   |    0   |   56   |
|   Memory  |    -   |    -   |    -   |
|Multiplexer|    -   |    -   |    -   |
|  Register |    -   |   66   |    -   |
+-----------+--------+--------+--------+
|   Total   |    1   |   66   |   56   |
+-----------+--------+--------+--------+
