

================================================================
== Vitis HLS Report for 'AxiStream2MatStream'
================================================================
* Date:           Mon Feb 26 05:31:40 2024

* Version:        2020.2.2 (Build 3118627 on Tue Feb  9 05:13:49 MST 2021)
* Project:        thresholded_sobel_edge_detector
* Solution:       solution1 (Vivado IP Flow Target)
* Product family: zynq
* Target device:  xc7z020-clg400-1


================================================================
== Performance Estimates
================================================================
+ Timing: 
    * Summary: 
    +--------+----------+----------+------------+
    |  Clock |  Target  | Estimated| Uncertainty|
    +--------+----------+----------+------------+
    |ap_clk  |  10.00 ns|  6.912 ns|     2.70 ns|
    +--------+----------+----------+------------+

+ Latency: 
    * Summary: 
    +---------+---------+-----------+----------+-----+--------+---------+
    |  Latency (cycles) |  Latency (absolute)  |   Interval   | Pipeline|
    |   min   |   max   |    min    |    max   | min |   max  |   Type  |
    +---------+---------+-----------+----------+-----+--------+---------+
    |        8|   921607|  80.000 ns|  9.216 ms|    8|  921607|     none|
    +---------+---------+-----------+----------+-----+--------+---------+

    + Detail: 
        * Instance: 
        N/A

        * Loop: 
        +-------------------+---------+---------+----------+-----------+-----------+------------+----------+
        |                   |  Latency (cycles) | Iteration|  Initiation Interval  |    Trip    |          |
        |     Loop Name     |   min   |   max   |  Latency |  achieved |   target  |    Count   | Pipelined|
        +-------------------+---------+---------+----------+-----------+-----------+------------+----------+
        |- MMIterInLoopRow  |        4|   921603|         5|          1|          1|  1 ~ 921600|       yes|
        +-------------------+---------+---------+----------+-----------+-----------+------------+----------+

============================================================
+ Verbose Summary: Synthesis Manager
============================================================
InlineROM: 1
ExposeGlobal: 0
============================================================
+ Verbose Summary: CDFG Model
============================================================
IsTopModel: 0
ResetActiveHigh: 1
IsCombinational: 2
IsDatapathOnly: 0
HasWiredReturn: 1
HasMFsm: 0
HasVarLatency: 1
IsPipeline: 0
IsRtlPipelined: 0
IsInstanceOverlapped: 0
IsDontTouch: 0
HasImplIP: 0
IsGatedGlobalClock: 0

+ Individual pipeline summary: 
  * Pipeline-0: initiation interval (II) = 1, depth = 5


============================================================
+ Verbose Summary: Schedule
============================================================
* Number of FSM states : 9
* Pipeline : 1
  Pipeline-0 : II = 1, D = 5, States = { 4 5 6 7 8 }
* Dataflow Pipeline: 0

* FSM state transitions: 
1 --> 2 
2 --> 3 
3 --> 4 
4 --> 9 5 
5 --> 6 
6 --> 7 
7 --> 8 
8 --> 4 
9 --> 

* FSM state operations: 

State 1 <SV = 0> <Delay = 3.63>
ST_1 : Operation 10 [1/1] (0.00ns)   --->   "%rem = alloca i32 1"   --->   Operation 10 'alloca' 'rem' <Predicate = true> <Delay = 0.00>
ST_1 : Operation 11 [1/1] (0.00ns)   --->   "%p_Val2_s = alloca i32 1"   --->   Operation 11 'alloca' 'p_Val2_s' <Predicate = true> <Delay = 0.00>
ST_1 : Operation 12 [1/1] (3.63ns)   --->   "%rows_read = read i32 @_ssdm_op_Read.ap_fifo.i32P0A, i32 %rows" [/home/soc/Documents/canny-approximate-compute_git_new_ip/IP/Vitis_Libraries/vision/L1/include/common/xf_structs.hpp:1071]   --->   Operation 12 'read' 'rows_read' <Predicate = true> <Delay = 3.63> <CoreInst = "FIFO_SRL">   --->   Core 81 'FIFO_SRL' <Latency = 0> <II = 1> <Delay = 3.63> <Storage> <Opcode : 'read' 'write' 'nbread' 'nbwrite'> <Ports = 0> <Width = 32> <Depth = 4> <FIFO>
ST_1 : Operation 13 [1/1] (3.63ns)   --->   "%cols_bound_per_npc_read = read i32 @_ssdm_op_Read.ap_fifo.i32P0A, i32 %cols_bound_per_npc" [/home/soc/Documents/canny-approximate-compute_git_new_ip/IP/Vitis_Libraries/vision/L1/include/common/xf_structs.hpp:1071]   --->   Operation 13 'read' 'cols_bound_per_npc_read' <Predicate = true> <Delay = 3.63> <CoreInst = "FIFO_SRL">   --->   Core 81 'FIFO_SRL' <Latency = 0> <II = 1> <Delay = 3.63> <Storage> <Opcode : 'read' 'write' 'nbread' 'nbwrite'> <Ports = 0> <Width = 32> <Depth = 4> <FIFO>
ST_1 : Operation 14 [1/1] (3.63ns)   --->   "%last_blk_width_read = read i4 @_ssdm_op_Read.ap_fifo.i4P0A, i4 %last_blk_width" [/home/soc/Documents/canny-approximate-compute_git_new_ip/IP/Vitis_Libraries/vision/L1/include/common/xf_structs.hpp:1079]   --->   Operation 14 'read' 'last_blk_width_read' <Predicate = true> <Delay = 3.63> <CoreInst = "FIFO_SRL">   --->   Core 81 'FIFO_SRL' <Latency = 0> <II = 1> <Delay = 3.63> <Storage> <Opcode : 'read' 'write' 'nbread' 'nbwrite'> <Ports = 0> <Width = 4> <Depth = 4> <FIFO>
ST_1 : Operation 15 [1/1] (1.58ns)   --->   "%store_ln1073 = store i64 0, i64 %p_Val2_s" [/home/soc/Documents/canny-approximate-compute_git_new_ip/IP/Vitis_Libraries/vision/L1/include/common/xf_structs.hpp:1073->/home/soc/Documents/canny-approximate-compute_git_new_ip/IP/Vitis_Libraries/vision/L1/include/common/xf_structs.hpp:1161]   --->   Operation 15 'store' 'store_ln1073' <Predicate = true> <Delay = 1.58>
ST_1 : Operation 16 [1/1] (1.70ns)   --->   "%store_ln1073 = store i32 0, i32 %rem" [/home/soc/Documents/canny-approximate-compute_git_new_ip/IP/Vitis_Libraries/vision/L1/include/common/xf_structs.hpp:1073->/home/soc/Documents/canny-approximate-compute_git_new_ip/IP/Vitis_Libraries/vision/L1/include/common/xf_structs.hpp:1161]   --->   Operation 16 'store' 'store_ln1073' <Predicate = true> <Delay = 1.70>

State 2 <SV = 1> <Delay = 6.91>
ST_2 : Operation 17 [2/2] (6.91ns)   --->   "%bound = mul i32 %cols_bound_per_npc_read, i32 %rows_read" [/home/soc/Documents/canny-approximate-compute_git_new_ip/IP/Vitis_Libraries/vision/L1/include/common/xf_structs.hpp:1071->/home/soc/Documents/canny-approximate-compute_git_new_ip/IP/Vitis_Libraries/vision/L1/include/common/xf_structs.hpp:1161]   --->   Operation 17 'mul' 'bound' <Predicate = true> <Delay = 6.91> <CoreInst = "Multiplier">   --->   Core 3 'Multiplier' <Latency = 1> <II = 1> <Delay = 6.91> <FuncUnit> <Opcode : 'mul'> <InPorts = 2> <OutPorts = 1>

State 3 <SV = 2> <Delay = 6.91>
ST_3 : Operation 18 [1/1] (0.00ns)   --->   "%specinterface_ln0 = specinterface void @_ssdm_op_SpecInterface, i64 %ldata1, void @empty_6, i32 0, i32 0, void @empty_19, i32 0, i32 0, void @empty_19, void @empty_19, void @empty_19, i32 0, i32 0, i32 0, i32 0, void @empty_19, void @empty_19"   --->   Operation 18 'specinterface' 'specinterface_ln0' <Predicate = true> <Delay = 0.00>
ST_3 : Operation 19 [1/1] (0.00ns)   --->   "%specinterface_ln0 = specinterface void @_ssdm_op_SpecInterface, i24 %mat_in_478, void @empty_6, i32 0, i32 0, void @empty_19, i32 0, i32 0, void @empty_19, void @empty_19, void @empty_19, i32 0, i32 0, i32 0, i32 0, void @empty_19, void @empty_19"   --->   Operation 19 'specinterface' 'specinterface_ln0' <Predicate = true> <Delay = 0.00>
ST_3 : Operation 20 [1/1] (0.00ns)   --->   "%specinterface_ln0 = specinterface void @_ssdm_op_SpecInterface, i4 %last_blk_width, void @ap_fifo_str, i32 0, i32 0, void @p_str, i32 0, i32 0, void @p_str, void @p_str, void @p_str, i32 2, i32 2, i32 16, i32 16, void @p_str, void @ScalarProp_str"   --->   Operation 20 'specinterface' 'specinterface_ln0' <Predicate = true> <Delay = 0.00>
ST_3 : Operation 21 [1/1] (0.00ns)   --->   "%specinterface_ln0 = specinterface void @_ssdm_op_SpecInterface, i32 %cols_bound_per_npc, void @ap_fifo_str, i32 0, i32 0, void @p_str, i32 0, i32 0, void @p_str, void @p_str, void @p_str, i32 2, i32 2, i32 16, i32 16, void @p_str, void @ScalarProp_str"   --->   Operation 21 'specinterface' 'specinterface_ln0' <Predicate = true> <Delay = 0.00>
ST_3 : Operation 22 [1/1] (0.00ns)   --->   "%specinterface_ln0 = specinterface void @_ssdm_op_SpecInterface, i32 %rows, void @ap_fifo_str, i32 0, i32 0, void @p_str, i32 0, i32 0, void @p_str, void @p_str, void @p_str, i32 2, i32 2, i32 16, i32 16, void @p_str, void @ScalarProp_str"   --->   Operation 22 'specinterface' 'specinterface_ln0' <Predicate = true> <Delay = 0.00>
ST_3 : Operation 23 [1/1] (0.00ns)   --->   "%last_blk_width_cast1_cast6_i_cast_cast_cast = sext i4 %last_blk_width_read" [/home/soc/Documents/canny-approximate-compute_git_new_ip/IP/Vitis_Libraries/vision/L1/include/common/xf_structs.hpp:1079]   --->   Operation 23 'sext' 'last_blk_width_cast1_cast6_i_cast_cast_cast' <Predicate = true> <Delay = 0.00>
ST_3 : Operation 24 [1/1] (0.00ns)   --->   "%last_blk_width_cast1_cast6_i_cast_cast_cast_cast = zext i5 %last_blk_width_cast1_cast6_i_cast_cast_cast" [/home/soc/Documents/canny-approximate-compute_git_new_ip/IP/Vitis_Libraries/vision/L1/include/common/xf_structs.hpp:1079]   --->   Operation 24 'zext' 'last_blk_width_cast1_cast6_i_cast_cast_cast_cast' <Predicate = true> <Delay = 0.00>
ST_3 : Operation 25 [1/1] (0.00ns)   --->   "%specinterface_ln0 = specinterface void @_ssdm_op_SpecInterface, i64 %ldata1, void @empty_6, i32 0, i32 0, void @empty_19, i32 0, i32 0, void @empty_19, void @empty_19, void @empty_19, i32 0, i32 0, i32 0, i32 0, void @empty_19, void @empty_19"   --->   Operation 25 'specinterface' 'specinterface_ln0' <Predicate = true> <Delay = 0.00>
ST_3 : Operation 26 [1/1] (0.00ns)   --->   "%specinterface_ln0 = specinterface void @_ssdm_op_SpecInterface, i24 %mat_in_478, void @empty_6, i32 0, i32 0, void @empty_19, i32 0, i32 0, void @empty_19, void @empty_19, void @empty_19, i32 0, i32 0, i32 0, i32 0, void @empty_19, void @empty_19"   --->   Operation 26 'specinterface' 'specinterface_ln0' <Predicate = true> <Delay = 0.00>
ST_3 : Operation 27 [1/2] (6.91ns)   --->   "%bound = mul i32 %cols_bound_per_npc_read, i32 %rows_read" [/home/soc/Documents/canny-approximate-compute_git_new_ip/IP/Vitis_Libraries/vision/L1/include/common/xf_structs.hpp:1071->/home/soc/Documents/canny-approximate-compute_git_new_ip/IP/Vitis_Libraries/vision/L1/include/common/xf_structs.hpp:1161]   --->   Operation 27 'mul' 'bound' <Predicate = true> <Delay = 6.91> <CoreInst = "Multiplier">   --->   Core 3 'Multiplier' <Latency = 1> <II = 1> <Delay = 6.91> <FuncUnit> <Opcode : 'mul'> <InPorts = 2> <OutPorts = 1>
ST_3 : Operation 28 [1/1] (2.55ns)   --->   "%sub_i = add i32 %cols_bound_per_npc_read, i32 4294967295" [/home/soc/Documents/canny-approximate-compute_git_new_ip/IP/Vitis_Libraries/vision/L1/include/common/xf_structs.hpp:1071]   --->   Operation 28 'add' 'sub_i' <Predicate = true> <Delay = 2.55> <CoreInst = "Adder">   --->   Core 1 'Adder' <Latency = 0> <II = 1> <Delay = 1.87> <FuncUnit> <Opcode : 'add' 'sub'> <InPorts = 2> <OutPorts = 1>
ST_3 : Operation 29 [1/1] (1.87ns)   --->   "%sub4_i = sub i7 64, i7 %last_blk_width_cast1_cast6_i_cast_cast_cast_cast" [/home/soc/Documents/canny-approximate-compute_git_new_ip/IP/Vitis_Libraries/vision/L1/include/common/xf_structs.hpp:1079]   --->   Operation 29 'sub' 'sub4_i' <Predicate = true> <Delay = 1.87> <CoreInst = "Adder">   --->   Core 1 'Adder' <Latency = 0> <II = 1> <Delay = 1.87> <FuncUnit> <Opcode : 'add' 'sub'> <InPorts = 2> <OutPorts = 1>
ST_3 : Operation 30 [1/1] (1.87ns)   --->   "%add_ln1093 = add i7 %last_blk_width_cast1_cast6_i_cast_cast_cast_cast, i7 63" [/home/soc/Documents/canny-approximate-compute_git_new_ip/IP/Vitis_Libraries/vision/L1/include/common/xf_structs.hpp:1093->/home/soc/Documents/canny-approximate-compute_git_new_ip/IP/Vitis_Libraries/vision/L1/include/common/xf_structs.hpp:1161]   --->   Operation 30 'add' 'add_ln1093' <Predicate = true> <Delay = 1.87> <CoreInst = "Adder">   --->   Core 1 'Adder' <Latency = 0> <II = 1> <Delay = 1.87> <FuncUnit> <Opcode : 'add' 'sub'> <InPorts = 2> <OutPorts = 1>
ST_3 : Operation 31 [1/1] (1.58ns)   --->   "%br_ln1073 = br void" [/home/soc/Documents/canny-approximate-compute_git_new_ip/IP/Vitis_Libraries/vision/L1/include/common/xf_structs.hpp:1073->/home/soc/Documents/canny-approximate-compute_git_new_ip/IP/Vitis_Libraries/vision/L1/include/common/xf_structs.hpp:1161]   --->   Operation 31 'br' 'br_ln1073' <Predicate = true> <Delay = 1.58>

State 4 <SV = 3> <Delay = 3.25>
ST_4 : Operation 32 [1/1] (0.00ns)   --->   "%j = phi i32 0, void %entry, i32 %j_2, void %._crit_edge2.i"   --->   Operation 32 'phi' 'j' <Predicate = true> <Delay = 0.00>
ST_4 : Operation 33 [1/1] (0.00ns)   --->   "%i = phi i31 0, void %entry, i31 %add_ln1073, void %._crit_edge2.i" [/home/soc/Documents/canny-approximate-compute_git_new_ip/IP/Vitis_Libraries/vision/L1/include/common/xf_structs.hpp:1073->/home/soc/Documents/canny-approximate-compute_git_new_ip/IP/Vitis_Libraries/vision/L1/include/common/xf_structs.hpp:1161]   --->   Operation 33 'phi' 'i' <Predicate = true> <Delay = 0.00>
ST_4 : Operation 34 [1/1] (2.52ns)   --->   "%add_ln1073 = add i31 %i, i31 1" [/home/soc/Documents/canny-approximate-compute_git_new_ip/IP/Vitis_Libraries/vision/L1/include/common/xf_structs.hpp:1073->/home/soc/Documents/canny-approximate-compute_git_new_ip/IP/Vitis_Libraries/vision/L1/include/common/xf_structs.hpp:1161]   --->   Operation 34 'add' 'add_ln1073' <Predicate = true> <Delay = 2.52> <CoreInst = "Adder">   --->   Core 1 'Adder' <Latency = 0> <II = 1> <Delay = 1.87> <FuncUnit> <Opcode : 'add' 'sub'> <InPorts = 2> <OutPorts = 1>
ST_4 : Operation 35 [1/1] (0.00ns)   --->   "%zext_ln1053 = zext i31 %i" [/home/soc/Documents/canny-approximate-compute_git_new_ip/IP/Vitis_Libraries/vision/L1/include/common/xf_structs.hpp:1053->/home/soc/Documents/canny-approximate-compute_git_new_ip/IP/Vitis_Libraries/vision/L1/include/common/xf_structs.hpp:1161]   --->   Operation 35 'zext' 'zext_ln1053' <Predicate = true> <Delay = 0.00>
ST_4 : Operation 36 [1/1] (2.47ns)   --->   "%icmp_ln1073 = icmp_slt  i32 %zext_ln1053, i32 %bound" [/home/soc/Documents/canny-approximate-compute_git_new_ip/IP/Vitis_Libraries/vision/L1/include/common/xf_structs.hpp:1073->/home/soc/Documents/canny-approximate-compute_git_new_ip/IP/Vitis_Libraries/vision/L1/include/common/xf_structs.hpp:1161]   --->   Operation 36 'icmp' 'icmp_ln1073' <Predicate = true> <Delay = 2.47> <CoreInst = "Cmp">   --->   Core 9 'Cmp' <Latency = 0> <II = 1> <Delay = 2.47> <FuncUnit> <Opcode : 'icmp'> <InPorts = 2> <OutPorts = 1>
ST_4 : Operation 37 [1/1] (0.00ns)   --->   "%br_ln1073 = br i1 %icmp_ln1073, void %.exit, void %.split.i" [/home/soc/Documents/canny-approximate-compute_git_new_ip/IP/Vitis_Libraries/vision/L1/include/common/xf_structs.hpp:1073->/home/soc/Documents/canny-approximate-compute_git_new_ip/IP/Vitis_Libraries/vision/L1/include/common/xf_structs.hpp:1161]   --->   Operation 37 'br' 'br_ln1073' <Predicate = true> <Delay = 0.00>
ST_4 : Operation 38 [1/1] (2.47ns)   --->   "%bLast = icmp_eq  i32 %j, i32 %sub_i" [/home/soc/Documents/canny-approximate-compute_git_new_ip/IP/Vitis_Libraries/vision/L1/include/common/xf_structs.hpp:1078->/home/soc/Documents/canny-approximate-compute_git_new_ip/IP/Vitis_Libraries/vision/L1/include/common/xf_structs.hpp:1161]   --->   Operation 38 'icmp' 'bLast' <Predicate = (icmp_ln1073)> <Delay = 2.47> <CoreInst = "Cmp">   --->   Core 9 'Cmp' <Latency = 0> <II = 1> <Delay = 2.47> <FuncUnit> <Opcode : 'icmp'> <InPorts = 2> <OutPorts = 1>
ST_4 : Operation 39 [1/1] (2.47ns)   --->   "%icmp_ln1104 = icmp_slt  i32 %j, i32 %cols_bound_per_npc_read" [/home/soc/Documents/canny-approximate-compute_git_new_ip/IP/Vitis_Libraries/vision/L1/include/common/xf_structs.hpp:1104->/home/soc/Documents/canny-approximate-compute_git_new_ip/IP/Vitis_Libraries/vision/L1/include/common/xf_structs.hpp:1161]   --->   Operation 39 'icmp' 'icmp_ln1104' <Predicate = (icmp_ln1073)> <Delay = 2.47> <CoreInst = "Cmp">   --->   Core 9 'Cmp' <Latency = 0> <II = 1> <Delay = 2.47> <FuncUnit> <Opcode : 'icmp'> <InPorts = 2> <OutPorts = 1>
ST_4 : Operation 40 [1/1] (0.00ns)   --->   "%br_ln1104 = br i1 %icmp_ln1104, void %._crit_edge2.i, void" [/home/soc/Documents/canny-approximate-compute_git_new_ip/IP/Vitis_Libraries/vision/L1/include/common/xf_structs.hpp:1104->/home/soc/Documents/canny-approximate-compute_git_new_ip/IP/Vitis_Libraries/vision/L1/include/common/xf_structs.hpp:1161]   --->   Operation 40 'br' 'br_ln1104' <Predicate = (icmp_ln1073)> <Delay = 0.00>
ST_4 : Operation 41 [1/1] (2.55ns)   --->   "%add_ln1105 = add i32 %j, i32 1" [/home/soc/Documents/canny-approximate-compute_git_new_ip/IP/Vitis_Libraries/vision/L1/include/common/xf_structs.hpp:1105->/home/soc/Documents/canny-approximate-compute_git_new_ip/IP/Vitis_Libraries/vision/L1/include/common/xf_structs.hpp:1161]   --->   Operation 41 'add' 'add_ln1105' <Predicate = (icmp_ln1073)> <Delay = 2.55> <CoreInst = "Adder">   --->   Core 1 'Adder' <Latency = 0> <II = 1> <Delay = 1.87> <FuncUnit> <Opcode : 'add' 'sub'> <InPorts = 2> <OutPorts = 1>
ST_4 : Operation 42 [1/1] (0.69ns)   --->   "%j_2 = select i1 %bLast, i32 0, i32 %add_ln1105" [/home/soc/Documents/canny-approximate-compute_git_new_ip/IP/Vitis_Libraries/vision/L1/include/common/xf_structs.hpp:1105->/home/soc/Documents/canny-approximate-compute_git_new_ip/IP/Vitis_Libraries/vision/L1/include/common/xf_structs.hpp:1161]   --->   Operation 42 'select' 'j_2' <Predicate = (icmp_ln1073)> <Delay = 0.69> <CoreInst = "Sel">   --->   Core 73 'Sel' <Latency = 0> <II = 1> <Delay = 0.69> <FuncUnit> <Opcode : 'select'> <InPorts = 3> <OutPorts = 1>
ST_4 : Operation 43 [1/1] (0.00ns)   --->   "%br_ln0 = br void"   --->   Operation 43 'br' 'br_ln0' <Predicate = (icmp_ln1073)> <Delay = 0.00>

State 5 <SV = 4> <Delay = 6.89>
ST_5 : Operation 44 [1/1] (0.00ns)   --->   "%rem_load = load i32 %rem" [/home/soc/Documents/canny-approximate-compute_git_new_ip/IP/Vitis_Libraries/vision/L1/include/common/xf_structs.hpp:1084->/home/soc/Documents/canny-approximate-compute_git_new_ip/IP/Vitis_Libraries/vision/L1/include/common/xf_structs.hpp:1161]   --->   Operation 44 'load' 'rem_load' <Predicate = (icmp_ln1073)> <Delay = 0.00>
ST_5 : Operation 45 [1/1] (1.02ns)   --->   "%xf_bits_per_clock = select i1 %bLast, i4 %last_blk_width_read, i4 8" [/home/soc/Documents/canny-approximate-compute_git_new_ip/IP/Vitis_Libraries/vision/L1/include/common/xf_structs.hpp:1079->/home/soc/Documents/canny-approximate-compute_git_new_ip/IP/Vitis_Libraries/vision/L1/include/common/xf_structs.hpp:1161]   --->   Operation 45 'select' 'xf_bits_per_clock' <Predicate = (icmp_ln1073)> <Delay = 1.02> <CoreInst = "Sel">   --->   Core 73 'Sel' <Latency = 0> <II = 1> <Delay = 0.69> <FuncUnit> <Opcode : 'select'> <InPorts = 3> <OutPorts = 1>
ST_5 : Operation 46 [1/1] (0.00ns)   --->   "%sext_ln1079 = sext i4 %xf_bits_per_clock" [/home/soc/Documents/canny-approximate-compute_git_new_ip/IP/Vitis_Libraries/vision/L1/include/common/xf_structs.hpp:1079->/home/soc/Documents/canny-approximate-compute_git_new_ip/IP/Vitis_Libraries/vision/L1/include/common/xf_structs.hpp:1161]   --->   Operation 46 'sext' 'sext_ln1079' <Predicate = (icmp_ln1073)> <Delay = 0.00>
ST_5 : Operation 47 [1/1] (0.00ns)   --->   "%zext_ln1079 = zext i5 %sext_ln1079" [/home/soc/Documents/canny-approximate-compute_git_new_ip/IP/Vitis_Libraries/vision/L1/include/common/xf_structs.hpp:1079->/home/soc/Documents/canny-approximate-compute_git_new_ip/IP/Vitis_Libraries/vision/L1/include/common/xf_structs.hpp:1161]   --->   Operation 47 'zext' 'zext_ln1079' <Predicate = (icmp_ln1073)> <Delay = 0.00>
ST_5 : Operation 48 [1/1] (0.00ns)   --->   "%zext_ln1079_1 = zext i5 %sext_ln1079" [/home/soc/Documents/canny-approximate-compute_git_new_ip/IP/Vitis_Libraries/vision/L1/include/common/xf_structs.hpp:1079->/home/soc/Documents/canny-approximate-compute_git_new_ip/IP/Vitis_Libraries/vision/L1/include/common/xf_structs.hpp:1161]   --->   Operation 48 'zext' 'zext_ln1079_1' <Predicate = (icmp_ln1073)> <Delay = 0.00>
ST_5 : Operation 49 [1/1] (0.99ns)   --->   "%ptr_width_minus = select i1 %bLast, i7 %sub4_i, i7 40" [/home/soc/Documents/canny-approximate-compute_git_new_ip/IP/Vitis_Libraries/vision/L1/include/common/xf_structs.hpp:1080->/home/soc/Documents/canny-approximate-compute_git_new_ip/IP/Vitis_Libraries/vision/L1/include/common/xf_structs.hpp:1161]   --->   Operation 49 'select' 'ptr_width_minus' <Predicate = (icmp_ln1073)> <Delay = 0.99> <CoreInst = "Sel">   --->   Core 73 'Sel' <Latency = 0> <II = 1> <Delay = 0.69> <FuncUnit> <Opcode : 'select'> <InPorts = 3> <OutPorts = 1>
ST_5 : Operation 50 [1/1] (0.00ns)   --->   "%zext_ln1080 = zext i7 %ptr_width_minus" [/home/soc/Documents/canny-approximate-compute_git_new_ip/IP/Vitis_Libraries/vision/L1/include/common/xf_structs.hpp:1080->/home/soc/Documents/canny-approximate-compute_git_new_ip/IP/Vitis_Libraries/vision/L1/include/common/xf_structs.hpp:1161]   --->   Operation 50 'zext' 'zext_ln1080' <Predicate = (icmp_ln1073)> <Delay = 0.00>
ST_5 : Operation 51 [1/1] (2.47ns)   --->   "%icmp_ln1084 = icmp_slt  i32 %rem_load, i32 %zext_ln1079" [/home/soc/Documents/canny-approximate-compute_git_new_ip/IP/Vitis_Libraries/vision/L1/include/common/xf_structs.hpp:1084->/home/soc/Documents/canny-approximate-compute_git_new_ip/IP/Vitis_Libraries/vision/L1/include/common/xf_structs.hpp:1161]   --->   Operation 51 'icmp' 'icmp_ln1084' <Predicate = (icmp_ln1073)> <Delay = 2.47> <CoreInst = "Cmp">   --->   Core 9 'Cmp' <Latency = 0> <II = 1> <Delay = 2.47> <FuncUnit> <Opcode : 'icmp'> <InPorts = 2> <OutPorts = 1>
ST_5 : Operation 52 [1/1] (0.00ns)   --->   "%br_ln1084 = br i1 %icmp_ln1084, void, void %_ifconv" [/home/soc/Documents/canny-approximate-compute_git_new_ip/IP/Vitis_Libraries/vision/L1/include/common/xf_structs.hpp:1084->/home/soc/Documents/canny-approximate-compute_git_new_ip/IP/Vitis_Libraries/vision/L1/include/common/xf_structs.hpp:1161]   --->   Operation 52 'br' 'br_ln1084' <Predicate = (icmp_ln1073)> <Delay = 0.00>
ST_5 : Operation 53 [1/1] (0.00ns) (grouped into LUT with out node sub_ln1093)   --->   "%select_ln1093 = select i1 %bLast, i7 %add_ln1093, i7 87" [/home/soc/Documents/canny-approximate-compute_git_new_ip/IP/Vitis_Libraries/vision/L1/include/common/xf_structs.hpp:1093->/home/soc/Documents/canny-approximate-compute_git_new_ip/IP/Vitis_Libraries/vision/L1/include/common/xf_structs.hpp:1161]   --->   Operation 53 'select' 'select_ln1093' <Predicate = (icmp_ln1073 & !icmp_ln1084)> <Delay = 0.00> <CoreInst = "Sel">   --->   Core 73 'Sel' <Latency = 0> <II = 1> <Delay = 0.69> <FuncUnit> <Opcode : 'select'> <InPorts = 3> <OutPorts = 1>
ST_5 : Operation 54 [1/1] (0.00ns) (grouped into LUT with out node sub_ln1093)   --->   "%zext_ln1093 = zext i7 %select_ln1093" [/home/soc/Documents/canny-approximate-compute_git_new_ip/IP/Vitis_Libraries/vision/L1/include/common/xf_structs.hpp:1093->/home/soc/Documents/canny-approximate-compute_git_new_ip/IP/Vitis_Libraries/vision/L1/include/common/xf_structs.hpp:1161]   --->   Operation 54 'zext' 'zext_ln1093' <Predicate = (icmp_ln1073 & !icmp_ln1084)> <Delay = 0.00>
ST_5 : Operation 55 [1/1] (2.55ns) (out node of the LUT)   --->   "%sub_ln1093 = sub i32 %zext_ln1093, i32 %rem_load" [/home/soc/Documents/canny-approximate-compute_git_new_ip/IP/Vitis_Libraries/vision/L1/include/common/xf_structs.hpp:1093->/home/soc/Documents/canny-approximate-compute_git_new_ip/IP/Vitis_Libraries/vision/L1/include/common/xf_structs.hpp:1161]   --->   Operation 55 'sub' 'sub_ln1093' <Predicate = (icmp_ln1073 & !icmp_ln1084)> <Delay = 2.55> <CoreInst = "Adder">   --->   Core 1 'Adder' <Latency = 0> <II = 1> <Delay = 1.87> <FuncUnit> <Opcode : 'add' 'sub'> <InPorts = 2> <OutPorts = 1>
ST_5 : Operation 56 [1/1] (2.55ns)   --->   "%sub_ln1093_1 = sub i32 64, i32 %rem_load" [/home/soc/Documents/canny-approximate-compute_git_new_ip/IP/Vitis_Libraries/vision/L1/include/common/xf_structs.hpp:1093->/home/soc/Documents/canny-approximate-compute_git_new_ip/IP/Vitis_Libraries/vision/L1/include/common/xf_structs.hpp:1161]   --->   Operation 56 'sub' 'sub_ln1093_1' <Predicate = (icmp_ln1073 & !icmp_ln1084)> <Delay = 2.55> <CoreInst = "Adder">   --->   Core 1 'Adder' <Latency = 0> <II = 1> <Delay = 1.87> <FuncUnit> <Opcode : 'add' 'sub'> <InPorts = 2> <OutPorts = 1>
ST_5 : Operation 57 [1/1] (2.47ns)   --->   "%icmp_ln674_1 = icmp_ugt  i32 %sub_ln1093_1, i32 %sub_ln1093"   --->   Operation 57 'icmp' 'icmp_ln674_1' <Predicate = (icmp_ln1073 & !icmp_ln1084)> <Delay = 2.47> <CoreInst = "Cmp">   --->   Core 9 'Cmp' <Latency = 0> <II = 1> <Delay = 2.47> <FuncUnit> <Opcode : 'icmp'> <InPorts = 2> <OutPorts = 1>
ST_5 : Operation 58 [1/1] (0.00ns)   --->   "%trunc_ln674_1 = trunc i32 %sub_ln1093_1"   --->   Operation 58 'trunc' 'trunc_ln674_1' <Predicate = (icmp_ln1073 & !icmp_ln1084)> <Delay = 0.00>
ST_5 : Operation 59 [1/1] (0.00ns)   --->   "%trunc_ln674_2 = trunc i32 %sub_ln1093"   --->   Operation 59 'trunc' 'trunc_ln674_2' <Predicate = (icmp_ln1073 & !icmp_ln1084)> <Delay = 0.00>
ST_5 : Operation 60 [1/1] (1.87ns)   --->   "%sub_ln674_4 = sub i7 %trunc_ln674_1, i7 %trunc_ln674_2"   --->   Operation 60 'sub' 'sub_ln674_4' <Predicate = (icmp_ln1073 & !icmp_ln1084)> <Delay = 1.87> <CoreInst = "Adder">   --->   Core 1 'Adder' <Latency = 0> <II = 1> <Delay = 1.87> <FuncUnit> <Opcode : 'add' 'sub'> <InPorts = 2> <OutPorts = 1>
ST_5 : Operation 61 [1/1] (1.87ns)   --->   "%sub_ln674_6 = sub i7 %trunc_ln674_2, i7 %trunc_ln674_1"   --->   Operation 61 'sub' 'sub_ln674_6' <Predicate = (icmp_ln1073 & !icmp_ln1084)> <Delay = 1.87> <CoreInst = "Adder">   --->   Core 1 'Adder' <Latency = 0> <II = 1> <Delay = 1.87> <FuncUnit> <Opcode : 'add' 'sub'> <InPorts = 2> <OutPorts = 1>
ST_5 : Operation 62 [1/1] (0.00ns) (grouped into LUT with out node sub_ln674_7)   --->   "%select_ln674_3 = select i1 %icmp_ln674_1, i7 %sub_ln674_4, i7 %sub_ln674_6"   --->   Operation 62 'select' 'select_ln674_3' <Predicate = (icmp_ln1073 & !icmp_ln1084)> <Delay = 0.00> <CoreInst = "Sel">   --->   Core 73 'Sel' <Latency = 0> <II = 1> <Delay = 0.69> <FuncUnit> <Opcode : 'select'> <InPorts = 3> <OutPorts = 1>
ST_5 : Operation 63 [1/1] (1.87ns) (out node of the LUT)   --->   "%sub_ln674_7 = sub i7 63, i7 %select_ln674_3"   --->   Operation 63 'sub' 'sub_ln674_7' <Predicate = (icmp_ln1073 & !icmp_ln1084)> <Delay = 1.87> <CoreInst = "Adder">   --->   Core 1 'Adder' <Latency = 0> <II = 1> <Delay = 1.87> <FuncUnit> <Opcode : 'add' 'sub'> <InPorts = 2> <OutPorts = 1>
ST_5 : Operation 64 [1/1] (2.55ns)   --->   "%rem_2 = sub i32 %rem_load, i32 %zext_ln1079" [/home/soc/Documents/canny-approximate-compute_git_new_ip/IP/Vitis_Libraries/vision/L1/include/common/xf_structs.hpp:1094->/home/soc/Documents/canny-approximate-compute_git_new_ip/IP/Vitis_Libraries/vision/L1/include/common/xf_structs.hpp:1161]   --->   Operation 64 'sub' 'rem_2' <Predicate = (icmp_ln1073 & !icmp_ln1084)> <Delay = 2.55> <CoreInst = "Adder">   --->   Core 1 'Adder' <Latency = 0> <II = 1> <Delay = 1.87> <FuncUnit> <Opcode : 'add' 'sub'> <InPorts = 2> <OutPorts = 1>
ST_5 : Operation 65 [1/1] (1.70ns)   --->   "%store_ln1094 = store i32 %rem_2, i32 %rem" [/home/soc/Documents/canny-approximate-compute_git_new_ip/IP/Vitis_Libraries/vision/L1/include/common/xf_structs.hpp:1094->/home/soc/Documents/canny-approximate-compute_git_new_ip/IP/Vitis_Libraries/vision/L1/include/common/xf_structs.hpp:1161]   --->   Operation 65 'store' 'store_ln1094' <Predicate = (icmp_ln1073 & !icmp_ln1084)> <Delay = 1.70>
ST_5 : Operation 66 [1/1] (2.47ns)   --->   "%icmp_ln1085 = icmp_eq  i32 %rem_load, i32 0" [/home/soc/Documents/canny-approximate-compute_git_new_ip/IP/Vitis_Libraries/vision/L1/include/common/xf_structs.hpp:1085->/home/soc/Documents/canny-approximate-compute_git_new_ip/IP/Vitis_Libraries/vision/L1/include/common/xf_structs.hpp:1161]   --->   Operation 66 'icmp' 'icmp_ln1085' <Predicate = (icmp_ln1073 & icmp_ln1084)> <Delay = 2.47> <CoreInst = "Cmp">   --->   Core 9 'Cmp' <Latency = 0> <II = 1> <Delay = 2.47> <FuncUnit> <Opcode : 'icmp'> <InPorts = 2> <OutPorts = 1>
ST_5 : Operation 67 [1/1] (2.55ns)   --->   "%sub_ln1086 = sub i32 64, i32 %rem_load" [/home/soc/Documents/canny-approximate-compute_git_new_ip/IP/Vitis_Libraries/vision/L1/include/common/xf_structs.hpp:1086->/home/soc/Documents/canny-approximate-compute_git_new_ip/IP/Vitis_Libraries/vision/L1/include/common/xf_structs.hpp:1161]   --->   Operation 67 'sub' 'sub_ln1086' <Predicate = (icmp_ln1073 & icmp_ln1084)> <Delay = 2.55> <CoreInst = "Adder">   --->   Core 1 'Adder' <Latency = 0> <II = 1> <Delay = 1.87> <FuncUnit> <Opcode : 'add' 'sub'> <InPorts = 2> <OutPorts = 1>
ST_5 : Operation 68 [1/1] (0.00ns)   --->   "%trunc_ln1086 = trunc i32 %rem_load" [/home/soc/Documents/canny-approximate-compute_git_new_ip/IP/Vitis_Libraries/vision/L1/include/common/xf_structs.hpp:1086->/home/soc/Documents/canny-approximate-compute_git_new_ip/IP/Vitis_Libraries/vision/L1/include/common/xf_structs.hpp:1161]   --->   Operation 68 'trunc' 'trunc_ln1086' <Predicate = (icmp_ln1073 & icmp_ln1084)> <Delay = 0.00>
ST_5 : Operation 69 [1/1] (0.00ns)   --->   "%tmp = partselect i26 @_ssdm_op_PartSelect.i26.i32.i32.i32, i32 %sub_ln1086, i32 6, i32 31"   --->   Operation 69 'partselect' 'tmp' <Predicate = (icmp_ln1073 & icmp_ln1084)> <Delay = 0.00>
ST_5 : Operation 70 [1/1] (2.45ns)   --->   "%icmp_ln674 = icmp_ne  i26 %tmp, i26 0"   --->   Operation 70 'icmp' 'icmp_ln674' <Predicate = (icmp_ln1073 & icmp_ln1084)> <Delay = 2.45> <CoreInst = "Cmp">   --->   Core 9 'Cmp' <Latency = 0> <II = 1> <Delay = 2.47> <FuncUnit> <Opcode : 'icmp'> <InPorts = 2> <OutPorts = 1>
ST_5 : Operation 71 [1/1] (0.00ns)   --->   "%trunc_ln674 = trunc i32 %sub_ln1086"   --->   Operation 71 'trunc' 'trunc_ln674' <Predicate = (icmp_ln1073 & icmp_ln1084)> <Delay = 0.00>
ST_5 : Operation 72 [1/1] (1.78ns)   --->   "%add_ln1090 = add i6 %zext_ln1079_1, i6 63" [/home/soc/Documents/canny-approximate-compute_git_new_ip/IP/Vitis_Libraries/vision/L1/include/common/xf_structs.hpp:1090->/home/soc/Documents/canny-approximate-compute_git_new_ip/IP/Vitis_Libraries/vision/L1/include/common/xf_structs.hpp:1161]   --->   Operation 72 'add' 'add_ln1090' <Predicate = (icmp_ln1073 & icmp_ln1084)> <Delay = 1.78> <CoreInst = "Adder">   --->   Core 1 'Adder' <Latency = 0> <II = 1> <Delay = 1.87> <FuncUnit> <Opcode : 'add' 'sub'> <InPorts = 2> <OutPorts = 1>
ST_5 : Operation 73 [1/1] (0.00ns)   --->   "%sext_ln1090 = sext i6 %add_ln1090" [/home/soc/Documents/canny-approximate-compute_git_new_ip/IP/Vitis_Libraries/vision/L1/include/common/xf_structs.hpp:1090->/home/soc/Documents/canny-approximate-compute_git_new_ip/IP/Vitis_Libraries/vision/L1/include/common/xf_structs.hpp:1161]   --->   Operation 73 'sext' 'sext_ln1090' <Predicate = (icmp_ln1073 & icmp_ln1084)> <Delay = 0.00>
ST_5 : Operation 74 [1/1] (0.00ns)   --->   "%sext_ln1090_1 = sext i6 %add_ln1090" [/home/soc/Documents/canny-approximate-compute_git_new_ip/IP/Vitis_Libraries/vision/L1/include/common/xf_structs.hpp:1090->/home/soc/Documents/canny-approximate-compute_git_new_ip/IP/Vitis_Libraries/vision/L1/include/common/xf_structs.hpp:1161]   --->   Operation 74 'sext' 'sext_ln1090_1' <Predicate = (icmp_ln1073 & icmp_ln1084)> <Delay = 0.00>
ST_5 : Operation 75 [1/1] (0.00ns)   --->   "%trunc_ln1090 = trunc i32 %rem_load" [/home/soc/Documents/canny-approximate-compute_git_new_ip/IP/Vitis_Libraries/vision/L1/include/common/xf_structs.hpp:1090->/home/soc/Documents/canny-approximate-compute_git_new_ip/IP/Vitis_Libraries/vision/L1/include/common/xf_structs.hpp:1161]   --->   Operation 75 'trunc' 'trunc_ln1090' <Predicate = (icmp_ln1073 & icmp_ln1084)> <Delay = 0.00>
ST_5 : Operation 76 [1/1] (0.00ns) (grouped into TernaryAdder)   --->   "%sub_ln674_3 = sub i7 %trunc_ln1090, i7 %sext_ln1090_1"   --->   Operation 76 'sub' 'sub_ln674_3' <Predicate = (icmp_ln1073 & icmp_ln1084)> <Delay = 0.00> <CoreInst = "TAddSub">   --->   Core 10 'TAddSub' <Latency = 0> <II = 1> <Delay = 1.79> <IPBlock> <Opcode : 'add' 'sub'> <InPorts = 3> <OutPorts = 1> <Sync>
ST_5 : Operation 77 [1/1] (3.58ns) (root node of TernaryAdder)   --->   "%add_ln674_1 = add i7 %sub_ln674_3, i7 63"   --->   Operation 77 'add' 'add_ln674_1' <Predicate = (icmp_ln1073 & icmp_ln1084)> <Delay = 3.58> <CoreInst = "TAddSub">   --->   Core 10 'TAddSub' <Latency = 0> <II = 1> <Delay = 1.79> <IPBlock> <Opcode : 'add' 'sub'> <InPorts = 3> <OutPorts = 1> <Sync>
ST_5 : Operation 78 [1/1] (2.47ns)   --->   "%icmp_ln414 = icmp_ugt  i32 %rem_load, i32 %sext_ln1090"   --->   Operation 78 'icmp' 'icmp_ln414' <Predicate = (icmp_ln1073 & icmp_ln1084)> <Delay = 2.47> <CoreInst = "Cmp">   --->   Core 9 'Cmp' <Latency = 0> <II = 1> <Delay = 2.47> <FuncUnit> <Opcode : 'icmp'> <InPorts = 2> <OutPorts = 1>
ST_5 : Operation 79 [1/1] (0.00ns)   --->   "%trunc_ln414 = trunc i32 %rem_load"   --->   Operation 79 'trunc' 'trunc_ln414' <Predicate = (icmp_ln1073 & icmp_ln1084)> <Delay = 0.00>
ST_5 : Operation 80 [1/1] (0.00ns)   --->   "%trunc_ln414_1 = trunc i6 %add_ln1090"   --->   Operation 80 'trunc' 'trunc_ln414_1' <Predicate = (icmp_ln1073 & icmp_ln1084)> <Delay = 0.00>
ST_5 : Operation 81 [1/1] (2.55ns)   --->   "%rem_1 = add i32 %rem_load, i32 %zext_ln1080" [/home/soc/Documents/canny-approximate-compute_git_new_ip/IP/Vitis_Libraries/vision/L1/include/common/xf_structs.hpp:1091->/home/soc/Documents/canny-approximate-compute_git_new_ip/IP/Vitis_Libraries/vision/L1/include/common/xf_structs.hpp:1161]   --->   Operation 81 'add' 'rem_1' <Predicate = (icmp_ln1073 & icmp_ln1084)> <Delay = 2.55> <CoreInst = "Adder">   --->   Core 1 'Adder' <Latency = 0> <II = 1> <Delay = 1.87> <FuncUnit> <Opcode : 'add' 'sub'> <InPorts = 2> <OutPorts = 1>
ST_5 : Operation 82 [1/1] (1.70ns)   --->   "%store_ln1092 = store i32 %rem_1, i32 %rem" [/home/soc/Documents/canny-approximate-compute_git_new_ip/IP/Vitis_Libraries/vision/L1/include/common/xf_structs.hpp:1092->/home/soc/Documents/canny-approximate-compute_git_new_ip/IP/Vitis_Libraries/vision/L1/include/common/xf_structs.hpp:1161]   --->   Operation 82 'store' 'store_ln1092' <Predicate = (icmp_ln1073 & icmp_ln1084)> <Delay = 1.70>

State 6 <SV = 5> <Delay = 6.46>
ST_6 : Operation 83 [1/1] (0.00ns)   --->   "%specpipeline_ln1068 = specpipeline void @_ssdm_op_SpecPipeline, i32 4294967295, i32 0, i32 0, i32 0, void @empty_19" [/home/soc/Documents/canny-approximate-compute_git_new_ip/IP/Vitis_Libraries/vision/L1/include/common/xf_structs.hpp:1068->/home/soc/Documents/canny-approximate-compute_git_new_ip/IP/Vitis_Libraries/vision/L1/include/common/xf_structs.hpp:1161]   --->   Operation 83 'specpipeline' 'specpipeline_ln1068' <Predicate = (icmp_ln1073)> <Delay = 0.00>
ST_6 : Operation 84 [1/1] (0.00ns)   --->   "%speclooptripcount_ln1068 = speclooptripcount void @_ssdm_op_SpecLoopTripCount, i64 1, i64 921600, i64 460800" [/home/soc/Documents/canny-approximate-compute_git_new_ip/IP/Vitis_Libraries/vision/L1/include/common/xf_structs.hpp:1068->/home/soc/Documents/canny-approximate-compute_git_new_ip/IP/Vitis_Libraries/vision/L1/include/common/xf_structs.hpp:1161]   --->   Operation 84 'speclooptripcount' 'speclooptripcount_ln1068' <Predicate = (icmp_ln1073)> <Delay = 0.00>
ST_6 : Operation 85 [1/1] (0.00ns)   --->   "%specloopname_ln1068 = specloopname void @_ssdm_op_SpecLoopName, void @empty_7" [/home/soc/Documents/canny-approximate-compute_git_new_ip/IP/Vitis_Libraries/vision/L1/include/common/xf_structs.hpp:1068->/home/soc/Documents/canny-approximate-compute_git_new_ip/IP/Vitis_Libraries/vision/L1/include/common/xf_structs.hpp:1161]   --->   Operation 85 'specloopname' 'specloopname_ln1068' <Predicate = (icmp_ln1073)> <Delay = 0.00>
ST_6 : Operation 86 [1/1] (0.00ns)   --->   "%p_Val2_load = load i64 %p_Val2_s"   --->   Operation 86 'load' 'p_Val2_load' <Predicate = (icmp_ln1073)> <Delay = 0.00>
ST_6 : Operation 87 [1/1] (0.00ns) (grouped into LUT with out node lshr_ln674_3)   --->   "%tmp_8 = partselect i64 @llvm.part.select.i64, i64 %p_Val2_load, i32 63, i32 0"   --->   Operation 87 'partselect' 'tmp_8' <Predicate = (icmp_ln1073 & !icmp_ln1084 & icmp_ln674_1)> <Delay = 0.00>
ST_6 : Operation 88 [1/1] (1.87ns)   --->   "%sub_ln674_5 = sub i7 63, i7 %trunc_ln674_1"   --->   Operation 88 'sub' 'sub_ln674_5' <Predicate = (icmp_ln1073 & !icmp_ln1084 & icmp_ln674_1)> <Delay = 1.87> <CoreInst = "Adder">   --->   Core 1 'Adder' <Latency = 0> <II = 1> <Delay = 1.87> <FuncUnit> <Opcode : 'add' 'sub'> <InPorts = 2> <OutPorts = 1>
ST_6 : Operation 89 [1/1] (0.00ns) (grouped into LUT with out node lshr_ln674_3)   --->   "%select_ln674_4 = select i1 %icmp_ln674_1, i64 %tmp_8, i64 %p_Val2_load"   --->   Operation 89 'select' 'select_ln674_4' <Predicate = (icmp_ln1073 & !icmp_ln1084)> <Delay = 0.00> <CoreInst = "Sel">   --->   Core 73 'Sel' <Latency = 0> <II = 1> <Delay = 0.69> <FuncUnit> <Opcode : 'select'> <InPorts = 3> <OutPorts = 1>
ST_6 : Operation 90 [1/1] (0.00ns) (grouped into LUT with out node lshr_ln674_3)   --->   "%select_ln674_5 = select i1 %icmp_ln674_1, i7 %sub_ln674_5, i7 %trunc_ln674_1"   --->   Operation 90 'select' 'select_ln674_5' <Predicate = (icmp_ln1073 & !icmp_ln1084)> <Delay = 0.00> <CoreInst = "Sel">   --->   Core 73 'Sel' <Latency = 0> <II = 1> <Delay = 0.69> <FuncUnit> <Opcode : 'select'> <InPorts = 3> <OutPorts = 1>
ST_6 : Operation 91 [1/1] (0.00ns) (grouped into LUT with out node lshr_ln674_3)   --->   "%zext_ln674_3 = zext i7 %select_ln674_5"   --->   Operation 91 'zext' 'zext_ln674_3' <Predicate = (icmp_ln1073 & !icmp_ln1084)> <Delay = 0.00>
ST_6 : Operation 92 [1/1] (4.59ns) (out node of the LUT)   --->   "%lshr_ln674_3 = lshr i64 %select_ln674_4, i64 %zext_ln674_3"   --->   Operation 92 'lshr' 'lshr_ln674_3' <Predicate = (icmp_ln1073 & !icmp_ln1084)> <Delay = 4.59> <CoreInst = "Shifter">   --->   Core 75 'Shifter' <Latency = 0> <II = 1> <Delay = 2.66> <FuncUnit> <Opcode : 'shl' 'lshr' 'ashr'> <InPorts = 2> <OutPorts = 1>
ST_6 : Operation 93 [1/1] (0.00ns) (grouped into LUT with out node lshr_ln674)   --->   "%tmp_3 = partselect i64 @llvm.part.select.i64, i64 %p_Val2_load, i32 63, i32 0"   --->   Operation 93 'partselect' 'tmp_3' <Predicate = (icmp_ln1073 & icmp_ln1084 & icmp_ln674 & !icmp_ln1085)> <Delay = 0.00>
ST_6 : Operation 94 [1/1] (1.87ns)   --->   "%add_ln674 = add i7 %trunc_ln674, i7 65"   --->   Operation 94 'add' 'add_ln674' <Predicate = (icmp_ln1073 & icmp_ln1084 & icmp_ln674 & !icmp_ln1085)> <Delay = 1.87> <CoreInst = "Adder">   --->   Core 1 'Adder' <Latency = 0> <II = 1> <Delay = 1.87> <FuncUnit> <Opcode : 'add' 'sub'> <InPorts = 2> <OutPorts = 1>
ST_6 : Operation 95 [1/1] (1.87ns)   --->   "%sub_ln674 = sub i7 63, i7 %trunc_ln674"   --->   Operation 95 'sub' 'sub_ln674' <Predicate = (icmp_ln1073 & icmp_ln1084 & icmp_ln674 & !icmp_ln1085)> <Delay = 1.87> <CoreInst = "Adder">   --->   Core 1 'Adder' <Latency = 0> <II = 1> <Delay = 1.87> <FuncUnit> <Opcode : 'add' 'sub'> <InPorts = 2> <OutPorts = 1>
ST_6 : Operation 96 [1/1] (1.87ns)   --->   "%sub_ln674_1 = sub i7 63, i7 %trunc_ln674"   --->   Operation 96 'sub' 'sub_ln674_1' <Predicate = (icmp_ln1073 & icmp_ln1084 & !icmp_ln674 & !icmp_ln1085)> <Delay = 1.87> <CoreInst = "Adder">   --->   Core 1 'Adder' <Latency = 0> <II = 1> <Delay = 1.87> <FuncUnit> <Opcode : 'add' 'sub'> <InPorts = 2> <OutPorts = 1>
ST_6 : Operation 97 [1/1] (0.00ns) (grouped into LUT with out node sub_ln674_2)   --->   "%select_ln674 = select i1 %icmp_ln674, i7 %add_ln674, i7 %sub_ln674_1"   --->   Operation 97 'select' 'select_ln674' <Predicate = (icmp_ln1073 & icmp_ln1084 & !icmp_ln1085)> <Delay = 0.00> <CoreInst = "Sel">   --->   Core 73 'Sel' <Latency = 0> <II = 1> <Delay = 0.69> <FuncUnit> <Opcode : 'select'> <InPorts = 3> <OutPorts = 1>
ST_6 : Operation 98 [1/1] (0.00ns) (grouped into LUT with out node lshr_ln674)   --->   "%select_ln674_1 = select i1 %icmp_ln674, i64 %tmp_3, i64 %p_Val2_load"   --->   Operation 98 'select' 'select_ln674_1' <Predicate = (icmp_ln1073 & icmp_ln1084 & !icmp_ln1085)> <Delay = 0.00> <CoreInst = "Sel">   --->   Core 73 'Sel' <Latency = 0> <II = 1> <Delay = 0.69> <FuncUnit> <Opcode : 'select'> <InPorts = 3> <OutPorts = 1>
ST_6 : Operation 99 [1/1] (0.00ns) (grouped into LUT with out node lshr_ln674)   --->   "%select_ln674_2 = select i1 %icmp_ln674, i7 %sub_ln674, i7 %trunc_ln674"   --->   Operation 99 'select' 'select_ln674_2' <Predicate = (icmp_ln1073 & icmp_ln1084 & !icmp_ln1085)> <Delay = 0.00> <CoreInst = "Sel">   --->   Core 73 'Sel' <Latency = 0> <II = 1> <Delay = 0.69> <FuncUnit> <Opcode : 'select'> <InPorts = 3> <OutPorts = 1>
ST_6 : Operation 100 [1/1] (1.87ns) (out node of the LUT)   --->   "%sub_ln674_2 = sub i7 63, i7 %select_ln674"   --->   Operation 100 'sub' 'sub_ln674_2' <Predicate = (icmp_ln1073 & icmp_ln1084 & !icmp_ln1085)> <Delay = 1.87> <CoreInst = "Adder">   --->   Core 1 'Adder' <Latency = 0> <II = 1> <Delay = 1.87> <FuncUnit> <Opcode : 'add' 'sub'> <InPorts = 2> <OutPorts = 1>
ST_6 : Operation 101 [1/1] (0.00ns) (grouped into LUT with out node lshr_ln674)   --->   "%zext_ln674 = zext i7 %select_ln674_2"   --->   Operation 101 'zext' 'zext_ln674' <Predicate = (icmp_ln1073 & icmp_ln1084 & !icmp_ln1085)> <Delay = 0.00>
ST_6 : Operation 102 [1/1] (4.59ns) (out node of the LUT)   --->   "%lshr_ln674 = lshr i64 %select_ln674_1, i64 %zext_ln674"   --->   Operation 102 'lshr' 'lshr_ln674' <Predicate = (icmp_ln1073 & icmp_ln1084 & !icmp_ln1085)> <Delay = 4.59> <CoreInst = "Shifter">   --->   Core 75 'Shifter' <Latency = 0> <II = 1> <Delay = 2.66> <FuncUnit> <Opcode : 'shl' 'lshr' 'ashr'> <InPorts = 2> <OutPorts = 1>
ST_6 : Operation 103 [1/1] (1.78ns)   --->   "%sub_ln414 = sub i5 24, i5 %trunc_ln1086"   --->   Operation 103 'sub' 'sub_ln414' <Predicate = (icmp_ln1073 & icmp_ln1084 & !icmp_ln1085)> <Delay = 1.78> <CoreInst = "Adder">   --->   Core 1 'Adder' <Latency = 0> <II = 1> <Delay = 1.87> <FuncUnit> <Opcode : 'add' 'sub'> <InPorts = 2> <OutPorts = 1>
ST_6 : Operation 104 [1/1] (3.63ns)   --->   "%tmp_10 = read i64 @_ssdm_op_Read.ap_fifo.volatile.i64P0A, i64 %ldata1" [/tools/Xilinx/Vitis_HLS/2020.2/common/technology/autopilot/hls_stream_39.h:145]   --->   Operation 104 'read' 'tmp_10' <Predicate = (icmp_ln1073 & icmp_ln1084)> <Delay = 3.63> <CoreInst = "FIFO_SRL">   --->   Core 81 'FIFO_SRL' <Latency = 0> <II = 1> <Delay = 3.63> <Storage> <Opcode : 'read' 'write' 'nbread' 'nbwrite'> <Ports = 0> <Width = 64> <Depth = 2> <FIFO>
ST_6 : Operation 105 [1/1] (1.78ns)   --->   "%sub_ln414_1 = sub i5 23, i5 %trunc_ln414"   --->   Operation 105 'sub' 'sub_ln414_1' <Predicate = (icmp_ln1073 & icmp_ln1084 & icmp_ln414)> <Delay = 1.78> <CoreInst = "Adder">   --->   Core 1 'Adder' <Latency = 0> <II = 1> <Delay = 1.87> <FuncUnit> <Opcode : 'add' 'sub'> <InPorts = 2> <OutPorts = 1>
ST_6 : Operation 106 [1/1] (0.00ns) (grouped into LUT with out node sub_ln414_2)   --->   "%select_ln414 = select i1 %icmp_ln414, i5 %trunc_ln414, i5 %trunc_ln414_1"   --->   Operation 106 'select' 'select_ln414' <Predicate = (icmp_ln1073 & icmp_ln1084)> <Delay = 0.00> <CoreInst = "Sel">   --->   Core 73 'Sel' <Latency = 0> <II = 1> <Delay = 0.69> <FuncUnit> <Opcode : 'select'> <InPorts = 3> <OutPorts = 1>
ST_6 : Operation 107 [1/1] (0.00ns) (grouped into LUT with out node and_ln414)   --->   "%select_ln414_1 = select i1 %icmp_ln414, i5 %trunc_ln414_1, i5 %trunc_ln414"   --->   Operation 107 'select' 'select_ln414_1' <Predicate = (icmp_ln1073 & icmp_ln1084)> <Delay = 0.00> <CoreInst = "Sel">   --->   Core 73 'Sel' <Latency = 0> <II = 1> <Delay = 0.69> <FuncUnit> <Opcode : 'select'> <InPorts = 3> <OutPorts = 1>
ST_6 : Operation 108 [1/1] (1.78ns) (out node of the LUT)   --->   "%sub_ln414_2 = sub i5 23, i5 %select_ln414"   --->   Operation 108 'sub' 'sub_ln414_2' <Predicate = (icmp_ln1073 & icmp_ln1084)> <Delay = 1.78> <CoreInst = "Adder">   --->   Core 1 'Adder' <Latency = 0> <II = 1> <Delay = 1.87> <FuncUnit> <Opcode : 'add' 'sub'> <InPorts = 2> <OutPorts = 1>
ST_6 : Operation 109 [1/1] (0.00ns) (grouped into LUT with out node and_ln414)   --->   "%zext_ln414_2 = zext i5 %select_ln414_1"   --->   Operation 109 'zext' 'zext_ln414_2' <Predicate = (icmp_ln1073 & icmp_ln1084)> <Delay = 0.00>
ST_6 : Operation 110 [1/1] (0.00ns) (grouped into LUT with out node and_ln414)   --->   "%zext_ln414_3 = zext i5 %sub_ln414_2"   --->   Operation 110 'zext' 'zext_ln414_3' <Predicate = (icmp_ln1073 & icmp_ln1084)> <Delay = 0.00>
ST_6 : Operation 111 [1/1] (0.00ns) (grouped into LUT with out node and_ln414)   --->   "%shl_ln414_1 = shl i24 16777215, i24 %zext_ln414_2"   --->   Operation 111 'shl' 'shl_ln414_1' <Predicate = (icmp_ln1073 & icmp_ln1084)> <Delay = 0.00> <CoreInst = "Shifter">   --->   Core 75 'Shifter' <Latency = 0> <II = 1> <Delay = 2.66> <FuncUnit> <Opcode : 'shl' 'lshr' 'ashr'> <InPorts = 2> <OutPorts = 1>
ST_6 : Operation 112 [1/1] (0.00ns) (grouped into LUT with out node and_ln414)   --->   "%lshr_ln414_1 = lshr i24 16777215, i24 %zext_ln414_3"   --->   Operation 112 'lshr' 'lshr_ln414_1' <Predicate = (icmp_ln1073 & icmp_ln1084)> <Delay = 0.00> <CoreInst = "Shifter">   --->   Core 75 'Shifter' <Latency = 0> <II = 1> <Delay = 2.66> <FuncUnit> <Opcode : 'shl' 'lshr' 'ashr'> <InPorts = 2> <OutPorts = 1>
ST_6 : Operation 113 [1/1] (2.66ns) (out node of the LUT)   --->   "%and_ln414 = and i24 %shl_ln414_1, i24 %lshr_ln414_1"   --->   Operation 113 'and' 'and_ln414' <Predicate = (icmp_ln1073 & icmp_ln1084)> <Delay = 2.66> <CoreInst = "LogicGate">   --->   Core 74 'LogicGate' <Latency = 0> <II = 1> <Delay = 1.03> <FuncUnit> <Opcode : 'and' 'or' 'xor'> <InPorts = 2> <OutPorts = 1>
ST_6 : Operation 114 [1/1] (1.58ns)   --->   "%store_ln1092 = store i64 %tmp_10, i64 %p_Val2_s" [/home/soc/Documents/canny-approximate-compute_git_new_ip/IP/Vitis_Libraries/vision/L1/include/common/xf_structs.hpp:1092->/home/soc/Documents/canny-approximate-compute_git_new_ip/IP/Vitis_Libraries/vision/L1/include/common/xf_structs.hpp:1161]   --->   Operation 114 'store' 'store_ln1092' <Predicate = (icmp_ln1073 & icmp_ln1084)> <Delay = 1.58>

State 7 <SV = 6> <Delay = 5.23>
ST_7 : Operation 115 [1/1] (0.00ns) (grouped into LUT with out node p_Result_8)   --->   "%zext_ln674_4 = zext i7 %sub_ln674_7"   --->   Operation 115 'zext' 'zext_ln674_4' <Predicate = (icmp_ln1073 & !icmp_ln1084)> <Delay = 0.00>
ST_7 : Operation 116 [1/1] (0.00ns) (grouped into LUT with out node p_Result_8)   --->   "%lshr_ln674_4 = lshr i64 18446744073709551615, i64 %zext_ln674_4"   --->   Operation 116 'lshr' 'lshr_ln674_4' <Predicate = (icmp_ln1073 & !icmp_ln1084)> <Delay = 0.00> <CoreInst = "Shifter">   --->   Core 75 'Shifter' <Latency = 0> <II = 1> <Delay = 2.66> <FuncUnit> <Opcode : 'shl' 'lshr' 'ashr'> <InPorts = 2> <OutPorts = 1>
ST_7 : Operation 117 [1/1] (3.04ns) (out node of the LUT)   --->   "%p_Result_8 = and i64 %lshr_ln674_3, i64 %lshr_ln674_4"   --->   Operation 117 'and' 'p_Result_8' <Predicate = (icmp_ln1073 & !icmp_ln1084)> <Delay = 3.04> <CoreInst = "LogicGate">   --->   Core 74 'LogicGate' <Latency = 0> <II = 1> <Delay = 1.03> <FuncUnit> <Opcode : 'and' 'or' 'xor'> <InPorts = 2> <OutPorts = 1>
ST_7 : Operation 118 [1/1] (0.00ns)   --->   "%localbuffer_V_6 = trunc i64 %p_Result_8"   --->   Operation 118 'trunc' 'localbuffer_V_6' <Predicate = (icmp_ln1073 & !icmp_ln1084)> <Delay = 0.00>
ST_7 : Operation 119 [1/1] (1.58ns)   --->   "%br_ln0 = br void %_ifconv1"   --->   Operation 119 'br' 'br_ln0' <Predicate = (icmp_ln1073 & !icmp_ln1084)> <Delay = 1.58>
ST_7 : Operation 120 [1/1] (0.00ns) (grouped into LUT with out node and_ln414_1)   --->   "%zext_ln674_1 = zext i7 %sub_ln674_2"   --->   Operation 120 'zext' 'zext_ln674_1' <Predicate = (icmp_ln1073 & icmp_ln1084 & !icmp_ln1085)> <Delay = 0.00>
ST_7 : Operation 121 [1/1] (0.00ns) (grouped into LUT with out node and_ln414_1)   --->   "%lshr_ln674_1 = lshr i64 18446744073709551615, i64 %zext_ln674_1"   --->   Operation 121 'lshr' 'lshr_ln674_1' <Predicate = (icmp_ln1073 & icmp_ln1084 & !icmp_ln1085)> <Delay = 0.00> <CoreInst = "Shifter">   --->   Core 75 'Shifter' <Latency = 0> <II = 1> <Delay = 2.66> <FuncUnit> <Opcode : 'shl' 'lshr' 'ashr'> <InPorts = 2> <OutPorts = 1>
ST_7 : Operation 122 [1/1] (0.00ns) (grouped into LUT with out node and_ln414_1)   --->   "%p_Result_s = and i64 %lshr_ln674, i64 %lshr_ln674_1"   --->   Operation 122 'and' 'p_Result_s' <Predicate = (icmp_ln1073 & icmp_ln1084 & !icmp_ln1085)> <Delay = 0.00> <CoreInst = "LogicGate">   --->   Core 74 'LogicGate' <Latency = 0> <II = 1> <Delay = 1.03> <FuncUnit> <Opcode : 'and' 'or' 'xor'> <InPorts = 2> <OutPorts = 1>
ST_7 : Operation 123 [1/1] (0.00ns) (grouped into LUT with out node and_ln414_1)   --->   "%tmp_9 = trunc i64 %p_Result_s"   --->   Operation 123 'trunc' 'tmp_9' <Predicate = (icmp_ln1073 & icmp_ln1084 & !icmp_ln1085)> <Delay = 0.00>
ST_7 : Operation 124 [1/1] (0.00ns) (grouped into LUT with out node and_ln414_1)   --->   "%zext_ln414 = zext i5 %sub_ln414"   --->   Operation 124 'zext' 'zext_ln414' <Predicate = (icmp_ln1073 & icmp_ln1084 & !icmp_ln1085)> <Delay = 0.00>
ST_7 : Operation 125 [1/1] (0.00ns) (grouped into LUT with out node and_ln414_1)   --->   "%lshr_ln414 = lshr i24 16777215, i24 %zext_ln414"   --->   Operation 125 'lshr' 'lshr_ln414' <Predicate = (icmp_ln1073 & icmp_ln1084 & !icmp_ln1085)> <Delay = 0.00> <CoreInst = "Shifter">   --->   Core 75 'Shifter' <Latency = 0> <II = 1> <Delay = 2.66> <FuncUnit> <Opcode : 'shl' 'lshr' 'ashr'> <InPorts = 2> <OutPorts = 1>
ST_7 : Operation 126 [1/1] (0.00ns) (grouped into LUT with out node and_ln414_1)   --->   "%p_Result_5 = and i24 %tmp_9, i24 %lshr_ln414"   --->   Operation 126 'and' 'p_Result_5' <Predicate = (icmp_ln1073 & icmp_ln1084 & !icmp_ln1085)> <Delay = 0.00> <CoreInst = "LogicGate">   --->   Core 74 'LogicGate' <Latency = 0> <II = 1> <Delay = 1.03> <FuncUnit> <Opcode : 'and' 'or' 'xor'> <InPorts = 2> <OutPorts = 1>
ST_7 : Operation 127 [1/1] (0.00ns) (grouped into LUT with out node and_ln414_1)   --->   "%localbuffer_V = select i1 %icmp_ln1085, i24 0, i24 %p_Result_5" [/home/soc/Documents/canny-approximate-compute_git_new_ip/IP/Vitis_Libraries/vision/L1/include/common/xf_structs.hpp:1085->/home/soc/Documents/canny-approximate-compute_git_new_ip/IP/Vitis_Libraries/vision/L1/include/common/xf_structs.hpp:1161]   --->   Operation 127 'select' 'localbuffer_V' <Predicate = (icmp_ln1073 & icmp_ln1084)> <Delay = 0.00> <CoreInst = "Sel">   --->   Core 73 'Sel' <Latency = 0> <II = 1> <Delay = 0.69> <FuncUnit> <Opcode : 'select'> <InPorts = 3> <OutPorts = 1>
ST_7 : Operation 128 [1/1] (0.00ns) (grouped into LUT with out node shl_ln414)   --->   "%zext_ln674_2 = zext i7 %add_ln674_1"   --->   Operation 128 'zext' 'zext_ln674_2' <Predicate = (icmp_ln1073 & icmp_ln1084)> <Delay = 0.00>
ST_7 : Operation 129 [1/1] (0.00ns) (grouped into LUT with out node shl_ln414)   --->   "%lshr_ln674_2 = lshr i64 18446744073709551615, i64 %zext_ln674_2"   --->   Operation 129 'lshr' 'lshr_ln674_2' <Predicate = (icmp_ln1073 & icmp_ln1084)> <Delay = 0.00> <CoreInst = "Shifter">   --->   Core 75 'Shifter' <Latency = 0> <II = 1> <Delay = 2.66> <FuncUnit> <Opcode : 'shl' 'lshr' 'ashr'> <InPorts = 2> <OutPorts = 1>
ST_7 : Operation 130 [1/1] (0.00ns) (grouped into LUT with out node shl_ln414)   --->   "%p_Result_6 = and i64 %tmp_10, i64 %lshr_ln674_2"   --->   Operation 130 'and' 'p_Result_6' <Predicate = (icmp_ln1073 & icmp_ln1084)> <Delay = 0.00> <CoreInst = "LogicGate">   --->   Core 74 'LogicGate' <Latency = 0> <II = 1> <Delay = 1.03> <FuncUnit> <Opcode : 'and' 'or' 'xor'> <InPorts = 2> <OutPorts = 1>
ST_7 : Operation 131 [1/1] (0.00ns) (grouped into LUT with out node shl_ln414)   --->   "%tmp_11 = trunc i64 %p_Result_6"   --->   Operation 131 'trunc' 'tmp_11' <Predicate = (icmp_ln1073 & icmp_ln1084)> <Delay = 0.00>
ST_7 : Operation 132 [1/1] (0.00ns) (grouped into LUT with out node shl_ln414)   --->   "%select_ln414_2 = select i1 %icmp_ln414, i5 %sub_ln414_1, i5 %trunc_ln414"   --->   Operation 132 'select' 'select_ln414_2' <Predicate = (icmp_ln1073 & icmp_ln1084)> <Delay = 0.00> <CoreInst = "Sel">   --->   Core 73 'Sel' <Latency = 0> <II = 1> <Delay = 0.69> <FuncUnit> <Opcode : 'select'> <InPorts = 3> <OutPorts = 1>
ST_7 : Operation 133 [1/1] (0.00ns) (grouped into LUT with out node shl_ln414)   --->   "%zext_ln414_1 = zext i5 %select_ln414_2"   --->   Operation 133 'zext' 'zext_ln414_1' <Predicate = (icmp_ln1073 & icmp_ln1084)> <Delay = 0.00>
ST_7 : Operation 134 [1/1] (4.20ns) (out node of the LUT)   --->   "%shl_ln414 = shl i24 %tmp_11, i24 %zext_ln414_1"   --->   Operation 134 'shl' 'shl_ln414' <Predicate = (icmp_ln1073 & icmp_ln1084)> <Delay = 4.20> <CoreInst = "Shifter">   --->   Core 75 'Shifter' <Latency = 0> <II = 1> <Delay = 2.66> <FuncUnit> <Opcode : 'shl' 'lshr' 'ashr'> <InPorts = 2> <OutPorts = 1>
ST_7 : Operation 135 [1/1] (0.00ns) (grouped into LUT with out node p_Result_7)   --->   "%tmp_7 = partselect i24 @llvm.part.select.i24, i24 %shl_ln414, i32 23, i32 0"   --->   Operation 135 'partselect' 'tmp_7' <Predicate = (icmp_ln1073 & icmp_ln1084 & icmp_ln414)> <Delay = 0.00>
ST_7 : Operation 136 [1/1] (0.00ns) (grouped into LUT with out node p_Result_7)   --->   "%select_ln414_3 = select i1 %icmp_ln414, i24 %tmp_7, i24 %shl_ln414"   --->   Operation 136 'select' 'select_ln414_3' <Predicate = (icmp_ln1073 & icmp_ln1084)> <Delay = 0.00> <CoreInst = "Sel">   --->   Core 73 'Sel' <Latency = 0> <II = 1> <Delay = 0.69> <FuncUnit> <Opcode : 'select'> <InPorts = 3> <OutPorts = 1>
ST_7 : Operation 137 [1/1] (0.00ns) (grouped into LUT with out node and_ln414_1)   --->   "%xor_ln414 = xor i24 %and_ln414, i24 16777215"   --->   Operation 137 'xor' 'xor_ln414' <Predicate = (icmp_ln1073 & icmp_ln1084)> <Delay = 0.00> <CoreInst = "LogicGate">   --->   Core 74 'LogicGate' <Latency = 0> <II = 1> <Delay = 1.03> <FuncUnit> <Opcode : 'and' 'or' 'xor'> <InPorts = 2> <OutPorts = 1>
ST_7 : Operation 138 [1/1] (3.04ns) (out node of the LUT)   --->   "%and_ln414_1 = and i24 %localbuffer_V, i24 %xor_ln414"   --->   Operation 138 'and' 'and_ln414_1' <Predicate = (icmp_ln1073 & icmp_ln1084)> <Delay = 3.04> <CoreInst = "LogicGate">   --->   Core 74 'LogicGate' <Latency = 0> <II = 1> <Delay = 1.03> <FuncUnit> <Opcode : 'and' 'or' 'xor'> <InPorts = 2> <OutPorts = 1>
ST_7 : Operation 139 [1/1] (0.00ns) (grouped into LUT with out node p_Result_7)   --->   "%and_ln414_2 = and i24 %select_ln414_3, i24 %and_ln414"   --->   Operation 139 'and' 'and_ln414_2' <Predicate = (icmp_ln1073 & icmp_ln1084)> <Delay = 0.00> <CoreInst = "LogicGate">   --->   Core 74 'LogicGate' <Latency = 0> <II = 1> <Delay = 1.03> <FuncUnit> <Opcode : 'and' 'or' 'xor'> <InPorts = 2> <OutPorts = 1>
ST_7 : Operation 140 [1/1] (1.03ns) (out node of the LUT)   --->   "%p_Result_7 = or i24 %and_ln414_1, i24 %and_ln414_2"   --->   Operation 140 'or' 'p_Result_7' <Predicate = (icmp_ln1073 & icmp_ln1084)> <Delay = 1.03> <CoreInst = "LogicGate">   --->   Core 74 'LogicGate' <Latency = 0> <II = 1> <Delay = 1.03> <FuncUnit> <Opcode : 'and' 'or' 'xor'> <InPorts = 2> <OutPorts = 1>
ST_7 : Operation 141 [1/1] (1.58ns)   --->   "%br_ln1092 = br void %_ifconv1" [/home/soc/Documents/canny-approximate-compute_git_new_ip/IP/Vitis_Libraries/vision/L1/include/common/xf_structs.hpp:1092->/home/soc/Documents/canny-approximate-compute_git_new_ip/IP/Vitis_Libraries/vision/L1/include/common/xf_structs.hpp:1161]   --->   Operation 141 'br' 'br_ln1092' <Predicate = (icmp_ln1073 & icmp_ln1084)> <Delay = 1.58>
ST_7 : Operation 142 [1/1] (1.73ns)   --->   "%sub_ln674_8 = sub i5 24, i5 %last_blk_width_cast1_cast6_i_cast_cast_cast"   --->   Operation 142 'sub' 'sub_ln674_8' <Predicate = (bLast)> <Delay = 1.73> <CoreInst = "Adder">   --->   Core 1 'Adder' <Latency = 0> <II = 1> <Delay = 1.87> <FuncUnit> <Opcode : 'add' 'sub'> <InPorts = 2> <OutPorts = 1>

State 8 <SV = 7> <Delay = 6.30>
ST_8 : Operation 143 [1/1] (0.00ns) (grouped into LUT with out node localbuffer2_V)   --->   "%localbuffer_V_8 = phi i24 %p_Result_7, void %_ifconv, i24 %localbuffer_V_6, void"   --->   Operation 143 'phi' 'localbuffer_V_8' <Predicate = true> <Delay = 0.00>
ST_8 : Operation 144 [1/1] (0.00ns) (grouped into LUT with out node localbuffer2_V)   --->   "%zext_ln674_5 = zext i5 %sub_ln674_8"   --->   Operation 144 'zext' 'zext_ln674_5' <Predicate = (bLast)> <Delay = 0.00>
ST_8 : Operation 145 [1/1] (0.00ns) (grouped into LUT with out node localbuffer2_V)   --->   "%lshr_ln674_5 = lshr i24 16777215, i24 %zext_ln674_5"   --->   Operation 145 'lshr' 'lshr_ln674_5' <Predicate = (bLast)> <Delay = 0.00> <CoreInst = "Shifter">   --->   Core 75 'Shifter' <Latency = 0> <II = 1> <Delay = 2.66> <FuncUnit> <Opcode : 'shl' 'lshr' 'ashr'> <InPorts = 2> <OutPorts = 1>
ST_8 : Operation 146 [1/1] (0.00ns) (grouped into LUT with out node localbuffer2_V)   --->   "%select_ln1078 = select i1 %bLast, i24 %lshr_ln674_5, i24 16777215" [/home/soc/Documents/canny-approximate-compute_git_new_ip/IP/Vitis_Libraries/vision/L1/include/common/xf_structs.hpp:1078->/home/soc/Documents/canny-approximate-compute_git_new_ip/IP/Vitis_Libraries/vision/L1/include/common/xf_structs.hpp:1161]   --->   Operation 146 'select' 'select_ln1078' <Predicate = true> <Delay = 0.00> <CoreInst = "Sel">   --->   Core 73 'Sel' <Latency = 0> <II = 1> <Delay = 0.69> <FuncUnit> <Opcode : 'select'> <InPorts = 3> <OutPorts = 1>
ST_8 : Operation 147 [1/1] (2.66ns) (out node of the LUT)   --->   "%localbuffer2_V = and i24 %localbuffer_V_8, i24 %select_ln1078" [/home/soc/Documents/canny-approximate-compute_git_new_ip/IP/Vitis_Libraries/vision/L1/include/common/xf_structs.hpp:1078->/home/soc/Documents/canny-approximate-compute_git_new_ip/IP/Vitis_Libraries/vision/L1/include/common/xf_structs.hpp:1161]   --->   Operation 147 'and' 'localbuffer2_V' <Predicate = true> <Delay = 2.66> <CoreInst = "LogicGate">   --->   Core 74 'LogicGate' <Latency = 0> <II = 1> <Delay = 1.03> <FuncUnit> <Opcode : 'and' 'or' 'xor'> <InPorts = 2> <OutPorts = 1>
ST_8 : Operation 148 [1/1] (3.63ns)   --->   "%write_ln174 = write void @_ssdm_op_Write.ap_fifo.volatile.i24P0A, i24 %mat_in_478, i24 %localbuffer2_V" [/tools/Xilinx/Vitis_HLS/2020.2/common/technology/autopilot/hls_stream_39.h:174]   --->   Operation 148 'write' 'write_ln174' <Predicate = (icmp_ln1104)> <Delay = 3.63> <CoreInst = "FIFO_SRL">   --->   Core 81 'FIFO_SRL' <Latency = 0> <II = 1> <Delay = 3.63> <Storage> <Opcode : 'read' 'write' 'nbread' 'nbwrite'> <Ports = 0> <Width = 24> <Depth = 2> <FIFO>
ST_8 : Operation 149 [1/1] (0.00ns)   --->   "%br_ln1104 = br void %._crit_edge2.i" [/home/soc/Documents/canny-approximate-compute_git_new_ip/IP/Vitis_Libraries/vision/L1/include/common/xf_structs.hpp:1104->/home/soc/Documents/canny-approximate-compute_git_new_ip/IP/Vitis_Libraries/vision/L1/include/common/xf_structs.hpp:1161]   --->   Operation 149 'br' 'br_ln1104' <Predicate = (icmp_ln1104)> <Delay = 0.00>

State 9 <SV = 4> <Delay = 0.00>
ST_9 : Operation 150 [1/1] (0.00ns)   --->   "%ret_ln1161 = ret" [/home/soc/Documents/canny-approximate-compute_git_new_ip/IP/Vitis_Libraries/vision/L1/include/common/xf_structs.hpp:1161]   --->   Operation 150 'ret' 'ret_ln1161' <Predicate = true> <Delay = 0.00>


============================================================
+ Verbose Summary: Timing violations
============================================================
Target clock period: 10ns, clock uncertainty: 2.7ns.

 <State 1>: 3.63ns
The critical path consists of the following:
	fifo read on port 'rows' (/home/soc/Documents/canny-approximate-compute_git_new_ip/IP/Vitis_Libraries/vision/L1/include/common/xf_structs.hpp:1071) [13]  (3.63 ns)

 <State 2>: 6.91ns
The critical path consists of the following:
	'mul' operation ('bound', /home/soc/Documents/canny-approximate-compute_git_new_ip/IP/Vitis_Libraries/vision/L1/include/common/xf_structs.hpp:1071->/home/soc/Documents/canny-approximate-compute_git_new_ip/IP/Vitis_Libraries/vision/L1/include/common/xf_structs.hpp:1161) [20]  (6.91 ns)

 <State 3>: 6.91ns
The critical path consists of the following:
	'mul' operation ('bound', /home/soc/Documents/canny-approximate-compute_git_new_ip/IP/Vitis_Libraries/vision/L1/include/common/xf_structs.hpp:1071->/home/soc/Documents/canny-approximate-compute_git_new_ip/IP/Vitis_Libraries/vision/L1/include/common/xf_structs.hpp:1161) [20]  (6.91 ns)

 <State 4>: 3.25ns
The critical path consists of the following:
	'phi' operation ('j') with incoming values : ('j', /home/soc/Documents/canny-approximate-compute_git_new_ip/IP/Vitis_Libraries/vision/L1/include/common/xf_structs.hpp:1105->/home/soc/Documents/canny-approximate-compute_git_new_ip/IP/Vitis_Libraries/vision/L1/include/common/xf_structs.hpp:1161) [28]  (0 ns)
	'add' operation ('add_ln1105', /home/soc/Documents/canny-approximate-compute_git_new_ip/IP/Vitis_Libraries/vision/L1/include/common/xf_structs.hpp:1105->/home/soc/Documents/canny-approximate-compute_git_new_ip/IP/Vitis_Libraries/vision/L1/include/common/xf_structs.hpp:1161) [149]  (2.55 ns)
	'select' operation ('j', /home/soc/Documents/canny-approximate-compute_git_new_ip/IP/Vitis_Libraries/vision/L1/include/common/xf_structs.hpp:1105->/home/soc/Documents/canny-approximate-compute_git_new_ip/IP/Vitis_Libraries/vision/L1/include/common/xf_structs.hpp:1161) [150]  (0.698 ns)

 <State 5>: 6.9ns
The critical path consists of the following:
	'load' operation ('rem_load', /home/soc/Documents/canny-approximate-compute_git_new_ip/IP/Vitis_Libraries/vision/L1/include/common/xf_structs.hpp:1084->/home/soc/Documents/canny-approximate-compute_git_new_ip/IP/Vitis_Libraries/vision/L1/include/common/xf_structs.hpp:1161) on local variable 'rem' [35]  (0 ns)
	'sub' operation ('sub_ln1093', /home/soc/Documents/canny-approximate-compute_git_new_ip/IP/Vitis_Libraries/vision/L1/include/common/xf_structs.hpp:1093->/home/soc/Documents/canny-approximate-compute_git_new_ip/IP/Vitis_Libraries/vision/L1/include/common/xf_structs.hpp:1161) [52]  (2.55 ns)
	'icmp' operation ('icmp_ln674_1') [54]  (2.47 ns)
	'select' operation ('select_ln674_3') [61]  (0 ns)
	'sub' operation ('sub_ln674_7') [64]  (1.87 ns)

 <State 6>: 6.46ns
The critical path consists of the following:
	'sub' operation ('sub_ln674') [83]  (1.87 ns)
	'select' operation ('select_ln674_2') [87]  (0 ns)
	'lshr' operation ('lshr_ln674') [91]  (4.59 ns)

 <State 7>: 5.24ns
The critical path consists of the following:
	'lshr' operation ('lshr_ln674_2') [108]  (0 ns)
	'and' operation ('__Result__') [109]  (0 ns)
	'shl' operation ('shl_ln414') [122]  (4.2 ns)
	'select' operation ('select_ln414_3') [124]  (0 ns)
	'and' operation ('and_ln414_2') [130]  (0 ns)
	'or' operation ('__Result__') [131]  (1.03 ns)

 <State 8>: 6.3ns
The critical path consists of the following:
	'phi' operation ('localbuffer.V') with incoming values : ('localbuffer.V') ('__Result__') [137]  (0 ns)
	'and' operation ('localbuffer2.V', /home/soc/Documents/canny-approximate-compute_git_new_ip/IP/Vitis_Libraries/vision/L1/include/common/xf_structs.hpp:1078->/home/soc/Documents/canny-approximate-compute_git_new_ip/IP/Vitis_Libraries/vision/L1/include/common/xf_structs.hpp:1161) [142]  (2.67 ns)
	fifo write on port 'mat_in_478' (/tools/Xilinx/Vitis_HLS/2020.2/common/technology/autopilot/hls_stream_39.h:174) [146]  (3.63 ns)

 <State 9>: 0ns
The critical path consists of the following:


============================================================
+ Verbose Summary: Binding
============================================================
N/A
* FSMD analyzer results:
  - Output states:
 - Input state : 
  - Chain level:
	State 1
	State 2
	State 3
	State 4
	State 5
	State 6
	State 7
	State 8
	State 9


============================================================
+ Verbose Summary: Datapath Resource usage 
============================================================
N/A
