

================================================================
== Vitis HLS Report for 'Threshold_0_0_720_1280_1_s'
================================================================
* Date:           Mon Feb 26 05:31:42 2024

* Version:        2020.2.2 (Build 3118627 on Tue Feb  9 05:13:49 MST 2021)
* Project:        thresholded_sobel_edge_detector
* Solution:       solution1 (Vivado IP Flow Target)
* Product family: zynq
* Target device:  xc7z020-clg400-1


================================================================
== Performance Estimates
================================================================
+ Timing: 
    * Summary: 
    +--------+----------+----------+------------+
    |  Clock |  Target  | Estimated| Uncertainty|
    +--------+----------+----------+------------+
    |ap_clk  |  10.00 ns|  5.185 ns|     2.70 ns|
    +--------+----------+----------+------------+

+ Latency: 
    * Summary: 
    +---------+---------+----------+----------+--------+--------+---------+
    |  Latency (cycles) |  Latency (absolute) |     Interval    | Pipeline|
    |   min   |   max   |    min   |    max   |   min  |   max  |   Type  |
    +---------+---------+----------+----------+--------+--------+---------+
    |   924481|   924481|  9.245 ms|  9.245 ms|  924481|  924481|     none|
    +---------+---------+----------+----------+--------+--------+---------+

    + Detail: 
        * Instance: 
        N/A

        * Loop: 
        +------------+---------+---------+----------+-----------+-----------+------+----------+
        |            |  Latency (cycles) | Iteration|  Initiation Interval  | Trip |          |
        |  Loop Name |   min   |   max   |  Latency |  achieved |   target  | Count| Pipelined|
        +------------+---------+---------+----------+-----------+-----------+------+----------+
        |- rowLoop   |   924480|   924480|      1284|          -|          -|   720|        no|
        | + colLoop  |     1281|     1281|         3|          1|          1|  1280|       yes|
        +------------+---------+---------+----------+-----------+-----------+------+----------+

============================================================
+ Verbose Summary: Synthesis Manager
============================================================
InlineROM: 1
ExposeGlobal: 0
============================================================
+ Verbose Summary: CDFG Model
============================================================
IsTopModel: 0
ResetActiveHigh: 1
IsCombinational: 2
IsDatapathOnly: 0
HasWiredReturn: 1
HasMFsm: 0
HasVarLatency: 1
IsPipeline: 0
IsRtlPipelined: 0
IsInstanceOverlapped: 0
IsDontTouch: 0
HasImplIP: 0
IsGatedGlobalClock: 0

+ Individual pipeline summary: 
  * Pipeline-0: initiation interval (II) = 1, depth = 3


============================================================
+ Verbose Summary: Schedule
============================================================
* Number of FSM states : 6
* Pipeline : 1
  Pipeline-0 : II = 1, D = 3, States = { 3 4 5 }
* Dataflow Pipeline: 0

* FSM state transitions: 
1 --> 2 
2 --> 3 
3 --> 6 4 
4 --> 5 
5 --> 3 
6 --> 2 

* FSM state operations: 

State 1 <SV = 0> <Delay = 3.59>
ST_1 : Operation 7 [1/1] (0.00ns)   --->   "%specinterface_ln0 = specinterface void @_ssdm_op_SpecInterface, i8 %mat_grad_sum_482, void @empty_6, i32 0, i32 0, void @empty_19, i32 0, i32 0, void @empty_19, void @empty_19, void @empty_19, i32 0, i32 0, i32 0, i32 0, void @empty_19, void @empty_19"   --->   Operation 7 'specinterface' 'specinterface_ln0' <Predicate = true> <Delay = 0.00>
ST_1 : Operation 8 [1/1] (0.00ns)   --->   "%specinterface_ln0 = specinterface void @_ssdm_op_SpecInterface, i8 %mat_out_483, void @empty_6, i32 0, i32 0, void @empty_19, i32 0, i32 0, void @empty_19, void @empty_19, void @empty_19, i32 0, i32 0, i32 0, i32 0, void @empty_19, void @empty_19"   --->   Operation 8 'specinterface' 'specinterface_ln0' <Predicate = true> <Delay = 0.00>
ST_1 : Operation 9 [1/1] (0.00ns)   --->   "%specinterface_ln0 = specinterface void @_ssdm_op_SpecInterface, i16 %thresh, void @ap_fifo_str, i32 0, i32 0, void @p_str, i32 0, i32 0, void @p_str, void @p_str, void @p_str, i32 2, i32 2, i32 16, i32 16, void @p_str, void @ScalarProp_str"   --->   Operation 9 'specinterface' 'specinterface_ln0' <Predicate = true> <Delay = 0.00>
ST_1 : Operation 10 [1/1] (0.00ns)   --->   "%specinterface_ln0 = specinterface void @_ssdm_op_SpecInterface, i32 %p_src_mat_rows, void @ap_fifo_str, i32 0, i32 0, void @p_str, i32 0, i32 0, void @p_str, void @p_str, void @p_str, i32 2, i32 2, i32 16, i32 16, void @p_str, void @ScalarProp_str"   --->   Operation 10 'specinterface' 'specinterface_ln0' <Predicate = true> <Delay = 0.00>
ST_1 : Operation 11 [1/1] (0.00ns)   --->   "%specinterface_ln0 = specinterface void @_ssdm_op_SpecInterface, i32 %p_src_mat_cols, void @ap_fifo_str, i32 0, i32 0, void @p_str, i32 0, i32 0, void @p_str, void @p_str, void @p_str, i32 2, i32 2, i32 16, i32 16, void @p_str, void @ScalarProp_str"   --->   Operation 11 'specinterface' 'specinterface_ln0' <Predicate = true> <Delay = 0.00>
ST_1 : Operation 12 [1/1] (3.59ns)   --->   "%thresh_read = read i16 @_ssdm_op_Read.ap_fifo.i16P0A, i16 %thresh"   --->   Operation 12 'read' 'thresh_read' <Predicate = true> <Delay = 3.59> <CoreInst = "FIFO_SRL">   --->   Core 81 'FIFO_SRL' <Latency = 0> <II = 1> <Delay = 3.59> <Storage> <Opcode : 'read' 'write' 'nbread' 'nbwrite'> <Ports = 0> <Width = 16> <Depth = 6> <FIFO>
ST_1 : Operation 13 [1/1] (0.00ns)   --->   "%specinterface_ln0 = specinterface void @_ssdm_op_SpecInterface, i8 %mat_out_483, void @empty_6, i32 0, i32 0, void @empty_19, i32 0, i32 0, void @empty_19, void @empty_19, void @empty_19, i32 0, i32 0, i32 0, i32 0, void @empty_19, void @empty_19"   --->   Operation 13 'specinterface' 'specinterface_ln0' <Predicate = true> <Delay = 0.00>
ST_1 : Operation 14 [1/1] (0.00ns)   --->   "%specinterface_ln0 = specinterface void @_ssdm_op_SpecInterface, i8 %mat_grad_sum_482, void @empty_6, i32 0, i32 0, void @empty_19, i32 0, i32 0, void @empty_19, void @empty_19, void @empty_19, i32 0, i32 0, i32 0, i32 0, void @empty_19, void @empty_19"   --->   Operation 14 'specinterface' 'specinterface_ln0' <Predicate = true> <Delay = 0.00>
ST_1 : Operation 15 [1/1] (3.59ns)   --->   "%p_src_mat_cols_read = read i32 @_ssdm_op_Read.ap_fifo.i32P0A, i32 %p_src_mat_cols" [/home/soc/Documents/canny-approximate-compute_git_new_ip/IP/Vitis_Libraries/vision/L1/include/imgproc/xf_threshold.hpp:110]   --->   Operation 15 'read' 'p_src_mat_cols_read' <Predicate = true> <Delay = 3.59> <CoreInst = "FIFO_SRL">   --->   Core 81 'FIFO_SRL' <Latency = 0> <II = 1> <Delay = 3.59> <Storage> <Opcode : 'read' 'write' 'nbread' 'nbwrite'> <Ports = 0> <Width = 32> <Depth = 6> <FIFO>
ST_1 : Operation 16 [1/1] (0.00ns)   --->   "%width = trunc i32 %p_src_mat_cols_read" [/home/soc/Documents/canny-approximate-compute_git_new_ip/IP/Vitis_Libraries/vision/L1/include/imgproc/xf_threshold.hpp:110]   --->   Operation 16 'trunc' 'width' <Predicate = true> <Delay = 0.00>
ST_1 : Operation 17 [1/1] (3.59ns)   --->   "%p_src_mat_rows_read = read i32 @_ssdm_op_Read.ap_fifo.i32P0A, i32 %p_src_mat_rows" [/home/soc/Documents/canny-approximate-compute_git_new_ip/IP/Vitis_Libraries/vision/L1/include/imgproc/xf_threshold.hpp:111]   --->   Operation 17 'read' 'p_src_mat_rows_read' <Predicate = true> <Delay = 3.59> <CoreInst = "FIFO_SRL">   --->   Core 81 'FIFO_SRL' <Latency = 0> <II = 1> <Delay = 3.59> <Storage> <Opcode : 'read' 'write' 'nbread' 'nbwrite'> <Ports = 0> <Width = 32> <Depth = 6> <FIFO>
ST_1 : Operation 18 [1/1] (0.00ns)   --->   "%height = trunc i32 %p_src_mat_rows_read" [/home/soc/Documents/canny-approximate-compute_git_new_ip/IP/Vitis_Libraries/vision/L1/include/imgproc/xf_threshold.hpp:111]   --->   Operation 18 'trunc' 'height' <Predicate = true> <Delay = 0.00>
ST_1 : Operation 19 [1/1] (0.00ns)   --->   "%thresh_V = trunc i16 %thresh_read"   --->   Operation 19 'trunc' 'thresh_V' <Predicate = true> <Delay = 0.00>
ST_1 : Operation 20 [1/1] (1.58ns)   --->   "%br_ln55 = br void" [/home/soc/Documents/canny-approximate-compute_git_new_ip/IP/Vitis_Libraries/vision/L1/include/imgproc/xf_threshold.hpp:55]   --->   Operation 20 'br' 'br_ln55' <Predicate = true> <Delay = 1.58>

State 2 <SV = 1> <Delay = 2.42>
ST_2 : Operation 21 [1/1] (0.00ns)   --->   "%i_V = phi i13 0, void %entry, i13 %i_V_3, void %._crit_edge.i.loopexit.i"   --->   Operation 21 'phi' 'i_V' <Predicate = true> <Delay = 0.00>
ST_2 : Operation 22 [1/1] (1.67ns)   --->   "%i_V_3 = add i13 %i_V, i13 1"   --->   Operation 22 'add' 'i_V_3' <Predicate = true> <Delay = 1.67> <CoreInst = "Adder">   --->   Core 1 'Adder' <Latency = 0> <II = 1> <Delay = 1.67> <FuncUnit> <Opcode : 'add' 'sub'> <InPorts = 2> <OutPorts = 1>
ST_2 : Operation 23 [1/1] (0.00ns)   --->   "%zext_ln878 = zext i13 %i_V"   --->   Operation 23 'zext' 'zext_ln878' <Predicate = true> <Delay = 0.00>
ST_2 : Operation 24 [1/1] (2.42ns)   --->   "%icmp_ln878 = icmp_ult  i16 %zext_ln878, i16 %height"   --->   Operation 24 'icmp' 'icmp_ln878' <Predicate = true> <Delay = 2.42> <CoreInst = "Cmp">   --->   Core 9 'Cmp' <Latency = 0> <II = 1> <Delay = 2.42> <FuncUnit> <Opcode : 'icmp'> <InPorts = 2> <OutPorts = 1>
ST_2 : Operation 25 [1/1] (0.00ns)   --->   "%br_ln55 = br i1 %icmp_ln878, void %.exit, void %.split3.i" [/home/soc/Documents/canny-approximate-compute_git_new_ip/IP/Vitis_Libraries/vision/L1/include/imgproc/xf_threshold.hpp:55]   --->   Operation 25 'br' 'br_ln55' <Predicate = true> <Delay = 0.00>
ST_2 : Operation 26 [1/1] (0.00ns)   --->   "%speclooptripcount_ln53 = speclooptripcount void @_ssdm_op_SpecLoopTripCount, i64 720, i64 720, i64 720" [/home/soc/Documents/canny-approximate-compute_git_new_ip/IP/Vitis_Libraries/vision/L1/include/imgproc/xf_threshold.hpp:53]   --->   Operation 26 'speclooptripcount' 'speclooptripcount_ln53' <Predicate = (icmp_ln878)> <Delay = 0.00>
ST_2 : Operation 27 [1/1] (0.00ns)   --->   "%specloopname_ln53 = specloopname void @_ssdm_op_SpecLoopName, void @empty_4" [/home/soc/Documents/canny-approximate-compute_git_new_ip/IP/Vitis_Libraries/vision/L1/include/imgproc/xf_threshold.hpp:53]   --->   Operation 27 'specloopname' 'specloopname_ln53' <Predicate = (icmp_ln878)> <Delay = 0.00>
ST_2 : Operation 28 [1/1] (1.58ns)   --->   "%br_ln62 = br void" [/home/soc/Documents/canny-approximate-compute_git_new_ip/IP/Vitis_Libraries/vision/L1/include/imgproc/xf_threshold.hpp:62]   --->   Operation 28 'br' 'br_ln62' <Predicate = (icmp_ln878)> <Delay = 1.58>
ST_2 : Operation 29 [1/1] (0.00ns)   --->   "%ret_ln0 = ret"   --->   Operation 29 'ret' 'ret_ln0' <Predicate = (!icmp_ln878)> <Delay = 0.00>

State 3 <SV = 2> <Delay = 2.42>
ST_3 : Operation 30 [1/1] (0.00ns)   --->   "%j_V = phi i16 0, void %.split3.i, i16 %add_ln878, void %.split.i"   --->   Operation 30 'phi' 'j_V' <Predicate = true> <Delay = 0.00>
ST_3 : Operation 31 [1/1] (2.07ns)   --->   "%add_ln878 = add i16 %j_V, i16 1"   --->   Operation 31 'add' 'add_ln878' <Predicate = true> <Delay = 2.07> <CoreInst = "Adder">   --->   Core 1 'Adder' <Latency = 0> <II = 1> <Delay = 1.67> <FuncUnit> <Opcode : 'add' 'sub'> <InPorts = 2> <OutPorts = 1>
ST_3 : Operation 32 [1/1] (2.42ns)   --->   "%icmp_ln62 = icmp_eq  i16 %j_V, i16 %width" [/home/soc/Documents/canny-approximate-compute_git_new_ip/IP/Vitis_Libraries/vision/L1/include/imgproc/xf_threshold.hpp:62]   --->   Operation 32 'icmp' 'icmp_ln62' <Predicate = true> <Delay = 2.42> <CoreInst = "Cmp">   --->   Core 9 'Cmp' <Latency = 0> <II = 1> <Delay = 2.42> <FuncUnit> <Opcode : 'icmp'> <InPorts = 2> <OutPorts = 1>
ST_3 : Operation 33 [1/1] (0.00ns)   --->   "%br_ln62 = br i1 %icmp_ln62, void %.split.i, void %._crit_edge.i.loopexit.i" [/home/soc/Documents/canny-approximate-compute_git_new_ip/IP/Vitis_Libraries/vision/L1/include/imgproc/xf_threshold.hpp:62]   --->   Operation 33 'br' 'br_ln62' <Predicate = true> <Delay = 0.00>

State 4 <SV = 3> <Delay = 5.18>
ST_4 : Operation 34 [1/1] (3.63ns)   --->   "%tmp_V = read i8 @_ssdm_op_Read.ap_fifo.volatile.i8P0A, i8 %mat_grad_sum_482" [/tools/Xilinx/Vitis_HLS/2020.2/common/technology/autopilot/hls_stream_39.h:145]   --->   Operation 34 'read' 'tmp_V' <Predicate = (!icmp_ln62)> <Delay = 3.63> <CoreInst = "FIFO_SRL">   --->   Core 81 'FIFO_SRL' <Latency = 0> <II = 1> <Delay = 3.63> <Storage> <Opcode : 'read' 'write' 'nbread' 'nbwrite'> <Ports = 0> <Width = 8> <Depth = 2> <FIFO>
ST_4 : Operation 35 [1/1] (1.55ns)   --->   "%tmp_V_8 = icmp_ugt  i8 %tmp_V, i8 %thresh_V"   --->   Operation 35 'icmp' 'tmp_V_8' <Predicate = (!icmp_ln62)> <Delay = 1.55> <CoreInst = "Cmp">   --->   Core 9 'Cmp' <Latency = 0> <II = 1> <Delay = 2.42> <FuncUnit> <Opcode : 'icmp'> <InPorts = 2> <OutPorts = 1>

State 5 <SV = 4> <Delay = 4.62>
ST_5 : Operation 36 [1/1] (0.00ns)   --->   "%specpipeline_ln49 = specpipeline void @_ssdm_op_SpecPipeline, i32 4294967295, i32 0, i32 0, i32 0, void @empty_19" [/home/soc/Documents/canny-approximate-compute_git_new_ip/IP/Vitis_Libraries/vision/L1/include/imgproc/xf_threshold.hpp:49]   --->   Operation 36 'specpipeline' 'specpipeline_ln49' <Predicate = (!icmp_ln62)> <Delay = 0.00>
ST_5 : Operation 37 [1/1] (0.00ns)   --->   "%speclooptripcount_ln49 = speclooptripcount void @_ssdm_op_SpecLoopTripCount, i64 1280, i64 1280, i64 1280" [/home/soc/Documents/canny-approximate-compute_git_new_ip/IP/Vitis_Libraries/vision/L1/include/imgproc/xf_threshold.hpp:49]   --->   Operation 37 'speclooptripcount' 'speclooptripcount_ln49' <Predicate = (!icmp_ln62)> <Delay = 0.00>
ST_5 : Operation 38 [1/1] (0.00ns)   --->   "%specloopname_ln49 = specloopname void @_ssdm_op_SpecLoopName, void @empty_3" [/home/soc/Documents/canny-approximate-compute_git_new_ip/IP/Vitis_Libraries/vision/L1/include/imgproc/xf_threshold.hpp:49]   --->   Operation 38 'specloopname' 'specloopname_ln49' <Predicate = (!icmp_ln62)> <Delay = 0.00>
ST_5 : Operation 39 [1/1] (0.99ns)   --->   "%select_ln80 = select i1 %tmp_V_8, i8 255, i8 0" [/home/soc/Documents/canny-approximate-compute_git_new_ip/IP/Vitis_Libraries/vision/L1/include/imgproc/xf_threshold.hpp:80]   --->   Operation 39 'select' 'select_ln80' <Predicate = (!icmp_ln62)> <Delay = 0.99> <CoreInst = "Sel">   --->   Core 73 'Sel' <Latency = 0> <II = 1> <Delay = 0.99> <FuncUnit> <Opcode : 'select'> <InPorts = 3> <OutPorts = 1>
ST_5 : Operation 40 [1/1] (3.63ns)   --->   "%write_ln174 = write void @_ssdm_op_Write.ap_fifo.volatile.i8P0A, i8 %mat_out_483, i8 %select_ln80" [/tools/Xilinx/Vitis_HLS/2020.2/common/technology/autopilot/hls_stream_39.h:174]   --->   Operation 40 'write' 'write_ln174' <Predicate = (!icmp_ln62)> <Delay = 3.63> <CoreInst = "FIFO_SRL">   --->   Core 81 'FIFO_SRL' <Latency = 0> <II = 1> <Delay = 3.63> <Storage> <Opcode : 'read' 'write' 'nbread' 'nbwrite'> <Ports = 0> <Width = 8> <Depth = 2> <FIFO>
ST_5 : Operation 41 [1/1] (0.00ns)   --->   "%br_ln0 = br void"   --->   Operation 41 'br' 'br_ln0' <Predicate = (!icmp_ln62)> <Delay = 0.00>

State 6 <SV = 3> <Delay = 0.00>
ST_6 : Operation 42 [1/1] (0.00ns)   --->   "%br_ln0 = br void"   --->   Operation 42 'br' 'br_ln0' <Predicate = true> <Delay = 0.00>


============================================================
+ Verbose Summary: Timing violations
============================================================
Target clock period: 10ns, clock uncertainty: 2.7ns.

 <State 1>: 3.59ns
The critical path consists of the following:
	fifo read on port 'thresh' [11]  (3.59 ns)

 <State 2>: 2.43ns
The critical path consists of the following:
	'phi' operation ('i.V') with incoming values : ('i.V') [21]  (0 ns)
	'icmp' operation ('icmp_ln878') [24]  (2.43 ns)

 <State 3>: 2.43ns
The critical path consists of the following:
	'phi' operation ('j_V') with incoming values : ('add_ln878') [31]  (0 ns)
	'icmp' operation ('icmp_ln62', /home/soc/Documents/canny-approximate-compute_git_new_ip/IP/Vitis_Libraries/vision/L1/include/imgproc/xf_threshold.hpp:62) [33]  (2.43 ns)

 <State 4>: 5.18ns
The critical path consists of the following:
	fifo read on port 'mat_grad_sum_482' (/tools/Xilinx/Vitis_HLS/2020.2/common/technology/autopilot/hls_stream_39.h:145) [39]  (3.63 ns)
	'icmp' operation ('tmp.V') [40]  (1.55 ns)

 <State 5>: 4.63ns
The critical path consists of the following:
	'select' operation ('select_ln80', /home/soc/Documents/canny-approximate-compute_git_new_ip/IP/Vitis_Libraries/vision/L1/include/imgproc/xf_threshold.hpp:80) [41]  (0.993 ns)
	fifo write on port 'mat_out_483' (/tools/Xilinx/Vitis_HLS/2020.2/common/technology/autopilot/hls_stream_39.h:174) [42]  (3.63 ns)

 <State 6>: 0ns
The critical path consists of the following:


============================================================
+ Verbose Summary: Binding
============================================================
N/A
* FSMD analyzer results:
  - Output states:
 - Input state : 
  - Chain level:
	State 1
	State 2
	State 3
	State 4
	State 5
	State 6


============================================================
+ Verbose Summary: Datapath Resource usage 
============================================================
N/A
