

================================================================
== Vitis HLS Report for 'Canny_3_0_0_8_1080_1920_1_32_false_s'
================================================================
* Date:           Sun Feb 25 01:46:27 2024

* Version:        2020.2.2 (Build 3118627 on Tue Feb  9 05:13:49 MST 2021)
* Project:        canny_accel
* Solution:       solution1 (Vivado IP Flow Target)
* Product family: zynq
* Target device:  xc7z020-clg400-1


================================================================
== Performance Estimates
================================================================
+ Timing: 
    * Summary: 
    +--------+----------+----------+------------+
    |  Clock |  Target  | Estimated| Uncertainty|
    +--------+----------+----------+------------+
    |ap_clk  |  10.00 ns|  7.300 ns|     2.70 ns|
    +--------+----------+----------+------------+

+ Latency: 
    * Summary: 
    +---------+---------+-----------+-----------+---------+---------+---------+
    |  Latency (cycles) |   Latency (absolute)  |      Interval     | Pipeline|
    |   min   |   max   |    min    |    max    |   min   |   max   |   Type  |
    +---------+---------+-----------+-----------+---------+---------+---------+
    |  4161742|  4163662|  41.617 ms|  41.637 ms|  4161742|  4163662|     none|
    +---------+---------+-----------+-----------+---------+---------+---------+

    + Detail: 
        * Instance: 
        N/A

        * Loop: 
        N/A

============================================================
+ Verbose Summary: Synthesis Manager
============================================================
InlineROM: 1
ExposeGlobal: 0
============================================================
+ Verbose Summary: CDFG Model
============================================================
IsTopModel: 0
ResetActiveHigh: 1
IsCombinational: 2
IsDatapathOnly: 0
HasWiredReturn: 1
HasMFsm: 0
HasVarLatency: 1
IsPipeline: 0
IsRtlPipelined: 0
IsInstanceOverlapped: 0
IsDontTouch: 0
HasImplIP: 0
IsGatedGlobalClock: 0


============================================================
+ Verbose Summary: Schedule
============================================================
* Number of FSM states : 2
* Pipeline : 0
* Dataflow Pipeline: 0

* FSM state transitions: 
1 --> 2 
2 --> 

* FSM state operations: 

State 1 <SV = 0> <Delay = 3.63>
ST_1 : Operation 3 [1/1] (3.63ns)   --->   "%low_threshold_read = read i32 @_ssdm_op_Read.ap_fifo.i32P0A, i32 %low_threshold" [../../src/canny_2/canny.cpp:54]   --->   Operation 3 'read' 'low_threshold_read' <Predicate = true> <Delay = 3.63> <CoreInst = "FIFO_SRL">   --->   Core 81 'FIFO_SRL' <Latency = 0> <II = 1> <Delay = 3.63> <Storage> <Opcode : 'read' 'write' 'nbread' 'nbwrite'> <Ports = 0> <Width = 32> <Depth = 3> <FIFO>
ST_1 : Operation 4 [1/1] (3.63ns)   --->   "%high_threshold_read = read i32 @_ssdm_op_Read.ap_fifo.i32P0A, i32 %high_threshold" [../../src/canny_2/canny.cpp:54]   --->   Operation 4 'read' 'high_threshold_read' <Predicate = true> <Delay = 3.63> <CoreInst = "FIFO_SRL">   --->   Core 81 'FIFO_SRL' <Latency = 0> <II = 1> <Delay = 3.63> <Storage> <Opcode : 'read' 'write' 'nbread' 'nbwrite'> <Ports = 0> <Width = 32> <Depth = 3> <FIFO>
ST_1 : Operation 5 [1/1] (0.00ns)   --->   "%trunc_ln54 = trunc i32 %low_threshold_read" [../../src/canny_2/canny.cpp:54]   --->   Operation 5 'trunc' 'trunc_ln54' <Predicate = true> <Delay = 0.00>
ST_1 : Operation 6 [1/1] (0.00ns)   --->   "%trunc_ln54_1 = trunc i32 %high_threshold_read" [../../src/canny_2/canny.cpp:54]   --->   Operation 6 'trunc' 'trunc_ln54_1' <Predicate = true> <Delay = 0.00>
ST_1 : Operation 7 [1/1] (3.63ns)   --->   "%in_mat_rows_read = read i32 @_ssdm_op_Read.ap_fifo.i32P0A, i32 %in_mat_rows" [../../Vitis_Libraries/vision/L1/include/imgproc/xf_canny.hpp:281->../../src/canny_2/canny.cpp:53]   --->   Operation 7 'read' 'in_mat_rows_read' <Predicate = true> <Delay = 3.63> <CoreInst = "FIFO_SRL">   --->   Core 81 'FIFO_SRL' <Latency = 0> <II = 1> <Delay = 3.63> <Storage> <Opcode : 'read' 'write' 'nbread' 'nbwrite'> <Ports = 0> <Width = 32> <Depth = 2> <FIFO>
ST_1 : Operation 8 [1/1] (0.00ns)   --->   "%trunc_ln281 = trunc i32 %in_mat_rows_read" [../../Vitis_Libraries/vision/L1/include/imgproc/xf_canny.hpp:281->../../src/canny_2/canny.cpp:53]   --->   Operation 8 'trunc' 'trunc_ln281' <Predicate = true> <Delay = 0.00>
ST_1 : Operation 9 [1/1] (3.63ns)   --->   "%in_mat_cols_read = read i32 @_ssdm_op_Read.ap_fifo.i32P0A, i32 %in_mat_cols" [../../Vitis_Libraries/vision/L1/include/imgproc/xf_canny.hpp:281->../../src/canny_2/canny.cpp:53]   --->   Operation 9 'read' 'in_mat_cols_read' <Predicate = true> <Delay = 3.63> <CoreInst = "FIFO_SRL">   --->   Core 81 'FIFO_SRL' <Latency = 0> <II = 1> <Delay = 3.63> <Storage> <Opcode : 'read' 'write' 'nbread' 'nbwrite'> <Ports = 0> <Width = 32> <Depth = 2> <FIFO>
ST_1 : Operation 10 [1/1] (0.00ns)   --->   "%trunc_ln281_1 = trunc i32 %in_mat_cols_read" [../../Vitis_Libraries/vision/L1/include/imgproc/xf_canny.hpp:281->../../src/canny_2/canny.cpp:53]   --->   Operation 10 'trunc' 'trunc_ln281_1' <Predicate = true> <Delay = 0.00>
ST_1 : Operation 11 [2/2] (0.00ns)   --->   "%call_ln278 = call void @xFCannyKernel<0, 8, 0, 1080, 1920, 0, 12, 1, 32, 1, 20, 1920, 2, 5760, 3, false>, i8 %in_mat_data, i64 %dst_mat_data, i8 %trunc_ln54, i8 %trunc_ln54_1, i11 %trunc_ln281, i11 %trunc_ln281_1" [../../Vitis_Libraries/vision/L1/include/imgproc/xf_canny.hpp:278->../../src/canny_2/canny.cpp:53]   --->   Operation 11 'call' 'call_ln278' <Predicate = true> <Delay = 0.00> <CoreType = "Generic">   --->   Core 0 '' <Latency = 0> <II = 1> <Delay = 1.00> <Generic> <Opcode : >

State 2 <SV = 1> <Delay = 0.00>
ST_2 : Operation 12 [1/1] (0.00ns)   --->   "%specinterface_ln0 = specinterface void @_ssdm_op_SpecInterface, i8 %in_mat_data, void @empty_13, i32 0, i32 0, void @empty_17, i32 0, i32 0, void @empty_17, void @empty_17, void @empty_17, i32 0, i32 0, i32 0, i32 0, void @empty_17, void @empty_17"   --->   Operation 12 'specinterface' 'specinterface_ln0' <Predicate = true> <Delay = 0.00>
ST_2 : Operation 13 [1/1] (0.00ns)   --->   "%specinterface_ln0 = specinterface void @_ssdm_op_SpecInterface, i64 %dst_mat_data, void @empty_13, i32 0, i32 0, void @empty_17, i32 0, i32 0, void @empty_17, void @empty_17, void @empty_17, i32 0, i32 0, i32 0, i32 0, void @empty_17, void @empty_17"   --->   Operation 13 'specinterface' 'specinterface_ln0' <Predicate = true> <Delay = 0.00>
ST_2 : Operation 14 [1/1] (0.00ns)   --->   "%specinterface_ln0 = specinterface void @_ssdm_op_SpecInterface, i32 %high_threshold, void @ap_fifo_str, i32 0, i32 0, void @p_str, i32 0, i32 0, void @p_str, void @p_str, void @p_str, i32 2, i32 2, i32 16, i32 16, void @p_str, void @ScalarProp_str"   --->   Operation 14 'specinterface' 'specinterface_ln0' <Predicate = true> <Delay = 0.00>
ST_2 : Operation 15 [1/1] (0.00ns)   --->   "%specinterface_ln0 = specinterface void @_ssdm_op_SpecInterface, i32 %low_threshold, void @ap_fifo_str, i32 0, i32 0, void @p_str, i32 0, i32 0, void @p_str, void @p_str, void @p_str, i32 2, i32 2, i32 16, i32 16, void @p_str, void @ScalarProp_str"   --->   Operation 15 'specinterface' 'specinterface_ln0' <Predicate = true> <Delay = 0.00>
ST_2 : Operation 16 [1/1] (0.00ns)   --->   "%specinterface_ln0 = specinterface void @_ssdm_op_SpecInterface, i32 %in_mat_rows, void @ap_fifo_str, i32 0, i32 0, void @p_str, i32 0, i32 0, void @p_str, void @p_str, void @p_str, i32 2, i32 2, i32 16, i32 16, void @p_str, void @ScalarProp_str"   --->   Operation 16 'specinterface' 'specinterface_ln0' <Predicate = true> <Delay = 0.00>
ST_2 : Operation 17 [1/1] (0.00ns)   --->   "%specinterface_ln0 = specinterface void @_ssdm_op_SpecInterface, i32 %in_mat_cols, void @ap_fifo_str, i32 0, i32 0, void @p_str, i32 0, i32 0, void @p_str, void @p_str, void @p_str, i32 2, i32 2, i32 16, i32 16, void @p_str, void @ScalarProp_str"   --->   Operation 17 'specinterface' 'specinterface_ln0' <Predicate = true> <Delay = 0.00>
ST_2 : Operation 18 [1/1] (0.00ns)   --->   "%specinterface_ln0 = specinterface void @_ssdm_op_SpecInterface, i64 %dst_mat_data, void @empty_13, i32 0, i32 0, void @empty_17, i32 0, i32 0, void @empty_17, void @empty_17, void @empty_17, i32 0, i32 0, i32 0, i32 0, void @empty_17, void @empty_17"   --->   Operation 18 'specinterface' 'specinterface_ln0' <Predicate = true> <Delay = 0.00>
ST_2 : Operation 19 [1/1] (0.00ns)   --->   "%specinterface_ln0 = specinterface void @_ssdm_op_SpecInterface, i8 %in_mat_data, void @empty_13, i32 0, i32 0, void @empty_17, i32 0, i32 0, void @empty_17, void @empty_17, void @empty_17, i32 0, i32 0, i32 0, i32 0, void @empty_17, void @empty_17"   --->   Operation 19 'specinterface' 'specinterface_ln0' <Predicate = true> <Delay = 0.00>
ST_2 : Operation 20 [1/2] (0.00ns)   --->   "%call_ln278 = call void @xFCannyKernel<0, 8, 0, 1080, 1920, 0, 12, 1, 32, 1, 20, 1920, 2, 5760, 3, false>, i8 %in_mat_data, i64 %dst_mat_data, i8 %trunc_ln54, i8 %trunc_ln54_1, i11 %trunc_ln281, i11 %trunc_ln281_1" [../../Vitis_Libraries/vision/L1/include/imgproc/xf_canny.hpp:278->../../src/canny_2/canny.cpp:53]   --->   Operation 20 'call' 'call_ln278' <Predicate = true> <Delay = 0.00> <CoreType = "Generic">   --->   Core 0 '' <Latency = 0> <II = 1> <Delay = 1.00> <Generic> <Opcode : >
ST_2 : Operation 21 [1/1] (0.00ns)   --->   "%ret_ln0 = ret"   --->   Operation 21 'ret' 'ret_ln0' <Predicate = true> <Delay = 0.00>


============================================================
+ Verbose Summary: Timing violations
============================================================
Target clock period: 10ns, clock uncertainty: 2.7ns.

 <State 1>: 3.63ns
The critical path consists of the following:
	fifo read on port 'low_threshold' (../../src/canny_2/canny.cpp:54) [13]  (3.63 ns)

 <State 2>: 0ns
The critical path consists of the following:


============================================================
+ Verbose Summary: Binding
============================================================
N/A
* FSMD analyzer results:
  - Output states:
 - Input state : 
  - Chain level:
	State 1
	State 2


============================================================
+ Verbose Summary: Datapath Resource usage 
============================================================
N/A
