

================================================================
== Vitis HLS Report for 'cols_npc_aligned31'
================================================================
* Date:           Sun Feb 25 01:46:28 2024

* Version:        2020.2.2 (Build 3118627 on Tue Feb  9 05:13:49 MST 2021)
* Project:        canny_accel
* Solution:       solution1 (Vivado IP Flow Target)
* Product family: zynq
* Target device:  xc7z020-clg400-1


================================================================
== Performance Estimates
================================================================
+ Timing: 
    * Summary: 
    +--------+----------+----------+------------+
    |  Clock |  Target  | Estimated| Uncertainty|
    +--------+----------+----------+------------+
    |ap_clk  |  10.00 ns|  5.273 ns|     2.70 ns|
    +--------+----------+----------+------------+

+ Latency: 
    * Summary: 
    +---------+---------+-----------+-----------+-----+-----+---------+
    |  Latency (cycles) |   Latency (absolute)  |  Interval | Pipeline|
    |   min   |   max   |    min    |    max    | min | max |   Type  |
    +---------+---------+-----------+-----------+-----+-----+---------+
    |        1|        1|  10.000 ns|  10.000 ns|    1|    1|     none|
    +---------+---------+-----------+-----------+-----+-----+---------+

    + Detail: 
        * Instance: 
        N/A

        * Loop: 
        N/A

============================================================
+ Verbose Summary: Synthesis Manager
============================================================
InlineROM: 1
ExposeGlobal: 0
============================================================
+ Verbose Summary: CDFG Model
============================================================
IsTopModel: 0
ResetActiveHigh: 1
IsCombinational: 2
IsDatapathOnly: 0
HasWiredReturn: 1
HasMFsm: 0
HasVarLatency: 1
IsPipeline: 0
IsRtlPipelined: 0
IsInstanceOverlapped: 0
IsDontTouch: 0
HasImplIP: 0
IsGatedGlobalClock: 0


============================================================
+ Verbose Summary: Schedule
============================================================
* Number of FSM states : 2
* Pipeline : 0
* Dataflow Pipeline: 0

* FSM state transitions: 
1 --> 2 
2 --> 

* FSM state operations: 

State 1 <SV = 0> <Delay = 3.63>
ST_1 : Operation 3 [1/1] (3.63ns)   --->   "%cols_read = read i11 @_ssdm_op_Read.ap_fifo.i11P0A, i11 %cols" [../../Vitis_Libraries/vision/L1/include/common/xf_structs.hpp:984->../../Vitis_Libraries/vision/L1/include/common/xf_structs.hpp:1372]   --->   Operation 3 'read' 'cols_read' <Predicate = true> <Delay = 3.63> <CoreInst = "FIFO_SRL">   --->   Core 81 'FIFO_SRL' <Latency = 0> <II = 1> <Delay = 3.63> <Storage> <Opcode : 'read' 'write' 'nbread' 'nbwrite'> <Ports = 0> <Width = 11> <Depth = 2> <FIFO>
ST_1 : Operation 4 [1/1] (3.63ns)   --->   "%rows_read = read i32 @_ssdm_op_Read.ap_fifo.i32P0A, i32 %rows" [../../Vitis_Libraries/vision/L1/include/common/xf_structs.hpp:1372]   --->   Operation 4 'read' 'rows_read' <Predicate = true> <Delay = 3.63> <CoreInst = "FIFO_SRL">   --->   Core 81 'FIFO_SRL' <Latency = 0> <II = 1> <Delay = 3.63> <Storage> <Opcode : 'read' 'write' 'nbread' 'nbwrite'> <Ports = 0> <Width = 32> <Depth = 2> <FIFO>

State 2 <SV = 1> <Delay = 5.27>
ST_2 : Operation 5 [1/1] (0.00ns)   --->   "%specinterface_ln0 = specinterface void @_ssdm_op_SpecInterface, i11 %cols_out, void @ap_fifo_str, i32 0, i32 0, void @p_str, i32 0, i32 0, void @p_str, void @p_str, void @p_str, i32 2, i32 2, i32 16, i32 16, void @p_str, void @ScalarProp_str"   --->   Operation 5 'specinterface' 'specinterface_ln0' <Predicate = true> <Delay = 0.00>
ST_2 : Operation 6 [1/1] (0.00ns)   --->   "%specinterface_ln0 = specinterface void @_ssdm_op_SpecInterface, i32 %rows_out, void @ap_fifo_str, i32 0, i32 0, void @p_str, i32 0, i32 0, void @p_str, void @p_str, void @p_str, i32 2, i32 2, i32 16, i32 16, void @p_str, void @ScalarProp_str"   --->   Operation 6 'specinterface' 'specinterface_ln0' <Predicate = true> <Delay = 0.00>
ST_2 : Operation 7 [1/1] (0.00ns)   --->   "%specinterface_ln0 = specinterface void @_ssdm_op_SpecInterface, i7 %ret_out, void @ap_fifo_str, i32 0, i32 0, void @p_str, i32 0, i32 0, void @p_str, void @p_str, void @p_str, i32 2, i32 2, i32 16, i32 16, void @p_str, void @ScalarProp_str"   --->   Operation 7 'specinterface' 'specinterface_ln0' <Predicate = true> <Delay = 0.00>
ST_2 : Operation 8 [1/1] (0.00ns)   --->   "%specinterface_ln0 = specinterface void @_ssdm_op_SpecInterface, i32 %rows, void @ap_fifo_str, i32 0, i32 0, void @p_str, i32 0, i32 0, void @p_str, void @p_str, void @p_str, i32 2, i32 2, i32 16, i32 16, void @p_str, void @ScalarProp_str"   --->   Operation 8 'specinterface' 'specinterface_ln0' <Predicate = true> <Delay = 0.00>
ST_2 : Operation 9 [1/1] (0.00ns)   --->   "%specinterface_ln0 = specinterface void @_ssdm_op_SpecInterface, i11 %cols, void @ap_fifo_str, i32 0, i32 0, void @p_str, i32 0, i32 0, void @p_str, void @p_str, void @p_str, i32 2, i32 2, i32 16, i32 16, void @p_str, void @ScalarProp_str"   --->   Operation 9 'specinterface' 'specinterface_ln0' <Predicate = true> <Delay = 0.00>
ST_2 : Operation 10 [1/1] (0.00ns)   --->   "%specinterface_ln0 = specinterface void @_ssdm_op_SpecInterface, i11 %cols_out, void @ap_fifo_str, i32 0, i32 0, void @p_str, i32 0, i32 0, void @p_str, void @p_str, void @p_str, i32 2, i32 2, i32 16, i32 16, void @p_str, void @ScalarProp_str"   --->   Operation 10 'specinterface' 'specinterface_ln0' <Predicate = true> <Delay = 0.00>
ST_2 : Operation 11 [1/1] (3.63ns)   --->   "%write_ln1372 = write void @_ssdm_op_Write.ap_fifo.i11P0A, i11 %cols_out, i11 %cols_read" [../../Vitis_Libraries/vision/L1/include/common/xf_structs.hpp:1372->../../Vitis_Libraries/vision/L1/include/common/xf_structs.hpp:1376]   --->   Operation 11 'write' 'write_ln1372' <Predicate = true> <Delay = 3.63> <CoreInst = "FIFO_SRL">   --->   Core 81 'FIFO_SRL' <Latency = 0> <II = 1> <Delay = 3.63> <Storage> <Opcode : 'read' 'write' 'nbread' 'nbwrite'> <Ports = 0> <Width = 11> <Depth = 2> <FIFO>
ST_2 : Operation 12 [1/1] (0.00ns)   --->   "%specinterface_ln0 = specinterface void @_ssdm_op_SpecInterface, i32 %rows_out, void @ap_fifo_str, i32 0, i32 0, void @p_str, i32 0, i32 0, void @p_str, void @p_str, void @p_str, i32 2, i32 2, i32 16, i32 16, void @p_str, void @ScalarProp_str"   --->   Operation 12 'specinterface' 'specinterface_ln0' <Predicate = true> <Delay = 0.00>
ST_2 : Operation 13 [1/1] (3.63ns)   --->   "%write_ln1372 = write void @_ssdm_op_Write.ap_fifo.i32P0A, i32 %rows_out, i32 %rows_read" [../../Vitis_Libraries/vision/L1/include/common/xf_structs.hpp:1372->../../Vitis_Libraries/vision/L1/include/common/xf_structs.hpp:1376]   --->   Operation 13 'write' 'write_ln1372' <Predicate = true> <Delay = 3.63> <CoreInst = "FIFO_SRL">   --->   Core 81 'FIFO_SRL' <Latency = 0> <II = 1> <Delay = 3.63> <Storage> <Opcode : 'read' 'write' 'nbread' 'nbwrite'> <Ports = 0> <Width = 32> <Depth = 3> <FIFO>
ST_2 : Operation 14 [1/1] (0.00ns)   --->   "%zext_ln984 = zext i11 %cols_read" [../../Vitis_Libraries/vision/L1/include/common/xf_structs.hpp:984->../../Vitis_Libraries/vision/L1/include/common/xf_structs.hpp:1372->../../Vitis_Libraries/vision/L1/include/common/xf_structs.hpp:1376]   --->   Operation 14 'zext' 'zext_ln984' <Predicate = true> <Delay = 0.00>
ST_2 : Operation 15 [1/1] (1.63ns)   --->   "%add_ln984 = add i12 %zext_ln984, i12 31" [../../Vitis_Libraries/vision/L1/include/common/xf_structs.hpp:984->../../Vitis_Libraries/vision/L1/include/common/xf_structs.hpp:1372->../../Vitis_Libraries/vision/L1/include/common/xf_structs.hpp:1376]   --->   Operation 15 'add' 'add_ln984' <Predicate = true> <Delay = 1.63> <CoreInst = "Adder">   --->   Core 1 'Adder' <Latency = 0> <II = 1> <Delay = 1.63> <FuncUnit> <Opcode : 'add' 'sub'> <InPorts = 2> <OutPorts = 1>
ST_2 : Operation 16 [1/1] (0.00ns)   --->   "%trunc_ln = partselect i7 @_ssdm_op_PartSelect.i7.i12.i32.i32, i12 %add_ln984, i32 5, i32 11" [../../Vitis_Libraries/vision/L1/include/common/xf_structs.hpp:984->../../Vitis_Libraries/vision/L1/include/common/xf_structs.hpp:1372->../../Vitis_Libraries/vision/L1/include/common/xf_structs.hpp:1376]   --->   Operation 16 'partselect' 'trunc_ln' <Predicate = true> <Delay = 0.00>
ST_2 : Operation 17 [1/1] (0.00ns)   --->   "%specinterface_ln0 = specinterface void @_ssdm_op_SpecInterface, i7 %ret_out, void @ap_fifo_str, i32 0, i32 0, void @p_str, i32 0, i32 0, void @p_str, void @p_str, void @p_str, i32 2, i32 2, i32 16, i32 16, void @p_str, void @ScalarProp_str"   --->   Operation 17 'specinterface' 'specinterface_ln0' <Predicate = true> <Delay = 0.00>
ST_2 : Operation 18 [1/1] (3.63ns)   --->   "%write_ln1372 = write void @_ssdm_op_Write.ap_fifo.i7P0A, i7 %ret_out, i7 %trunc_ln" [../../Vitis_Libraries/vision/L1/include/common/xf_structs.hpp:1372->../../Vitis_Libraries/vision/L1/include/common/xf_structs.hpp:1376]   --->   Operation 18 'write' 'write_ln1372' <Predicate = true> <Delay = 3.63> <CoreInst = "FIFO_SRL">   --->   Core 81 'FIFO_SRL' <Latency = 0> <II = 1> <Delay = 3.63> <Storage> <Opcode : 'read' 'write' 'nbread' 'nbwrite'> <Ports = 0> <Width = 7> <Depth = 2> <FIFO>
ST_2 : Operation 19 [1/1] (0.00ns)   --->   "%ret_ln0 = ret"   --->   Operation 19 'ret' 'ret_ln0' <Predicate = true> <Delay = 0.00>


============================================================
+ Verbose Summary: Timing violations
============================================================
Target clock period: 10ns, clock uncertainty: 2.7ns.

 <State 1>: 3.63ns
The critical path consists of the following:
	fifo read on port 'cols' (../../Vitis_Libraries/vision/L1/include/common/xf_structs.hpp:984->../../Vitis_Libraries/vision/L1/include/common/xf_structs.hpp:1372) [11]  (3.63 ns)

 <State 2>: 5.27ns
The critical path consists of the following:
	'add' operation ('add_ln984', ../../Vitis_Libraries/vision/L1/include/common/xf_structs.hpp:984->../../Vitis_Libraries/vision/L1/include/common/xf_structs.hpp:1372->../../Vitis_Libraries/vision/L1/include/common/xf_structs.hpp:1376) [18]  (1.64 ns)
	fifo write on port 'ret_out' (../../Vitis_Libraries/vision/L1/include/common/xf_structs.hpp:1372->../../Vitis_Libraries/vision/L1/include/common/xf_structs.hpp:1376) [21]  (3.63 ns)


============================================================
+ Verbose Summary: Binding
============================================================
N/A
* FSMD analyzer results:
  - Output states:
 - Input state : 
  - Chain level:
	State 1
	State 2


============================================================
+ Verbose Summary: Datapath Resource usage 
============================================================
N/A
