

================================================================
== Vitis HLS Report for 'xFCannyKernel_0_8_0_1080_1920_0_12_1_32_1_20_1920_2_5760_3_false_entry21'
================================================================
* Date:           Sun Feb 25 01:46:32 2024

* Version:        2020.2.2 (Build 3118627 on Tue Feb  9 05:13:49 MST 2021)
* Project:        canny_accel
* Solution:       solution1 (Vivado IP Flow Target)
* Product family: zynq
* Target device:  xc7z020-clg400-1


================================================================
== Performance Estimates
================================================================
+ Timing: 
    * Summary: 
    +--------+----------+----------+------------+
    |  Clock |  Target  | Estimated| Uncertainty|
    +--------+----------+----------+------------+
    |ap_clk  |  10.00 ns|  3.634 ns|     2.70 ns|
    +--------+----------+----------+------------+

+ Latency: 
    * Summary: 
    +---------+---------+----------+----------+-----+-----+---------+
    |  Latency (cycles) |  Latency (absolute) |  Interval | Pipeline|
    |   min   |   max   |    min   |    max   | min | max |   Type  |
    +---------+---------+----------+----------+-----+-----+---------+
    |        0|        0|      0 ns|      0 ns|    0|    0|     none|
    +---------+---------+----------+----------+-----+-----+---------+

    + Detail: 
        * Instance: 
        N/A

        * Loop: 
        N/A



================================================================
== Utilization Estimates
================================================================
* Summary: 
+-----------------+---------+-----+--------+-------+-----+
|       Name      | BRAM_18K| DSP |   FF   |  LUT  | URAM|
+-----------------+---------+-----+--------+-------+-----+
|DSP              |        -|    -|       -|      -|    -|
|Expression       |        -|    -|       0|      2|    -|
|FIFO             |        -|    -|       -|      -|    -|
|Instance         |        -|    -|       -|      -|    -|
|Memory           |        -|    -|       -|      -|    -|
|Multiplexer      |        -|    -|       -|     72|    -|
|Register         |        -|    -|       3|      -|    -|
+-----------------+---------+-----+--------+-------+-----+
|Total            |        0|    0|       3|     74|    0|
+-----------------+---------+-----+--------+-------+-----+
|Available        |      280|  220|  106400|  53200|    0|
+-----------------+---------+-----+--------+-------+-----+
|Utilization (%)  |        0|    0|      ~0|     ~0|    0|
+-----------------+---------+-----+--------+-------+-----+

+ Detail: 
    * Instance: 
    N/A

    * DSP: 
    N/A

    * Memory: 
    N/A

    * FIFO: 
    N/A

    * Expression: 
    +-----------------+----------+----+---+----+------------+------------+
    |  Variable Name  | Operation| DSP| FF| LUT| Bitwidth P0| Bitwidth P1|
    +-----------------+----------+----+---+----+------------+------------+
    |ap_block_state1  |        or|   0|  0|   2|           1|           1|
    +-----------------+----------+----+---+----+------------+------------+
    |Total            |          |   0|  0|   2|           1|           1|
    +-----------------+----------+----+---+----+------------+------------+

    * Multiplexer: 
    +---------------------------+----+-----------+-----+-----------+
    |            Name           | LUT| Input Size| Bits| Total Bits|
    +---------------------------+----+-----------+-----+-----------+
    |ap_done                    |   9|          2|    1|          2|
    |img_height_out1_blk_n      |   9|          2|    1|          2|
    |img_height_out_blk_n       |   9|          2|    1|          2|
    |img_width_out2_blk_n       |   9|          2|    1|          2|
    |img_width_out_blk_n        |   9|          2|    1|          2|
    |p_highthreshold_out_blk_n  |   9|          2|    1|          2|
    |p_lowthreshold_out_blk_n   |   9|          2|    1|          2|
    |real_start                 |   9|          2|    1|          2|
    +---------------------------+----+-----------+-----+-----------+
    |Total                      |  72|         16|    8|         16|
    +---------------------------+----+-----------+-----+-----------+

    * Register: 
    +----------------+---+----+-----+-----------+
    |      Name      | FF| LUT| Bits| Const Bits|
    +----------------+---+----+-----+-----------+
    |ap_CS_fsm       |  1|   0|    1|          0|
    |ap_done_reg     |  1|   0|    1|          0|
    |start_once_reg  |  1|   0|    1|          0|
    +----------------+---+----+-----+-----------+
    |Total           |  3|   0|    3|          0|
    +----------------+---+----+-----+-----------+



================================================================
== Interface
================================================================
* Summary: 
+----------------------------+-----+-----+------------+------------------------------------------------------------------------------------------+--------------+
|          RTL Ports         | Dir | Bits|  Protocol  |                                       Source Object                                      |    C Type    |
+----------------------------+-----+-----+------------+------------------------------------------------------------------------------------------+--------------+
|ap_clk                      |   in|    1|  ap_ctrl_hs|  xFCannyKernel<0, 8, 0, 1080, 1920, 0, 12, 1, 32, 1, 20, 1920, 2, 5760, 3, false>.entry21|  return value|
|ap_rst                      |   in|    1|  ap_ctrl_hs|  xFCannyKernel<0, 8, 0, 1080, 1920, 0, 12, 1, 32, 1, 20, 1920, 2, 5760, 3, false>.entry21|  return value|
|ap_start                    |   in|    1|  ap_ctrl_hs|  xFCannyKernel<0, 8, 0, 1080, 1920, 0, 12, 1, 32, 1, 20, 1920, 2, 5760, 3, false>.entry21|  return value|
|start_full_n                |   in|    1|  ap_ctrl_hs|  xFCannyKernel<0, 8, 0, 1080, 1920, 0, 12, 1, 32, 1, 20, 1920, 2, 5760, 3, false>.entry21|  return value|
|ap_done                     |  out|    1|  ap_ctrl_hs|  xFCannyKernel<0, 8, 0, 1080, 1920, 0, 12, 1, 32, 1, 20, 1920, 2, 5760, 3, false>.entry21|  return value|
|ap_continue                 |   in|    1|  ap_ctrl_hs|  xFCannyKernel<0, 8, 0, 1080, 1920, 0, 12, 1, 32, 1, 20, 1920, 2, 5760, 3, false>.entry21|  return value|
|ap_idle                     |  out|    1|  ap_ctrl_hs|  xFCannyKernel<0, 8, 0, 1080, 1920, 0, 12, 1, 32, 1, 20, 1920, 2, 5760, 3, false>.entry21|  return value|
|ap_ready                    |  out|    1|  ap_ctrl_hs|  xFCannyKernel<0, 8, 0, 1080, 1920, 0, 12, 1, 32, 1, 20, 1920, 2, 5760, 3, false>.entry21|  return value|
|start_out                   |  out|    1|  ap_ctrl_hs|  xFCannyKernel<0, 8, 0, 1080, 1920, 0, 12, 1, 32, 1, 20, 1920, 2, 5760, 3, false>.entry21|  return value|
|start_write                 |  out|    1|  ap_ctrl_hs|  xFCannyKernel<0, 8, 0, 1080, 1920, 0, 12, 1, 32, 1, 20, 1920, 2, 5760, 3, false>.entry21|  return value|
|p_lowthreshold              |   in|    8|     ap_none|                                                                            p_lowthreshold|        scalar|
|p_highthreshold             |   in|    8|     ap_none|                                                                           p_highthreshold|        scalar|
|img_height                  |   in|   11|     ap_none|                                                                                img_height|        scalar|
|img_width                   |   in|   11|     ap_none|                                                                                 img_width|        scalar|
|p_lowthreshold_out_din      |  out|    8|     ap_fifo|                                                                        p_lowthreshold_out|       pointer|
|p_lowthreshold_out_full_n   |   in|    1|     ap_fifo|                                                                        p_lowthreshold_out|       pointer|
|p_lowthreshold_out_write    |  out|    1|     ap_fifo|                                                                        p_lowthreshold_out|       pointer|
|p_highthreshold_out_din     |  out|    8|     ap_fifo|                                                                       p_highthreshold_out|       pointer|
|p_highthreshold_out_full_n  |   in|    1|     ap_fifo|                                                                       p_highthreshold_out|       pointer|
|p_highthreshold_out_write   |  out|    1|     ap_fifo|                                                                       p_highthreshold_out|       pointer|
|img_height_out_din          |  out|   11|     ap_fifo|                                                                            img_height_out|       pointer|
|img_height_out_full_n       |   in|    1|     ap_fifo|                                                                            img_height_out|       pointer|
|img_height_out_write        |  out|    1|     ap_fifo|                                                                            img_height_out|       pointer|
|img_height_out1_din         |  out|   11|     ap_fifo|                                                                           img_height_out1|       pointer|
|img_height_out1_full_n      |   in|    1|     ap_fifo|                                                                           img_height_out1|       pointer|
|img_height_out1_write       |  out|    1|     ap_fifo|                                                                           img_height_out1|       pointer|
|img_width_out_din           |  out|   11|     ap_fifo|                                                                             img_width_out|       pointer|
|img_width_out_full_n        |   in|    1|     ap_fifo|                                                                             img_width_out|       pointer|
|img_width_out_write         |  out|    1|     ap_fifo|                                                                             img_width_out|       pointer|
|img_width_out2_din          |  out|   11|     ap_fifo|                                                                            img_width_out2|       pointer|
|img_width_out2_full_n       |   in|    1|     ap_fifo|                                                                            img_width_out2|       pointer|
|img_width_out2_write        |  out|    1|     ap_fifo|                                                                            img_width_out2|       pointer|
+----------------------------+-----+-----+------------+------------------------------------------------------------------------------------------+--------------+

============================================================
+ Verbose Summary: Synthesis Manager
============================================================
InlineROM: 1
ExposeGlobal: 0
============================================================
+ Verbose Summary: CDFG Model
============================================================
IsTopModel: 0
ResetActiveHigh: 1
IsCombinational: 2
IsDatapathOnly: 0
HasWiredReturn: 1
HasMFsm: 0
HasVarLatency: 0
IsPipeline: 0
IsRtlPipelined: 0
IsInstanceOverlapped: 0
IsDontTouch: 0
HasImplIP: 0
IsGatedGlobalClock: 0


============================================================
+ Verbose Summary: Schedule
============================================================
* Number of FSM states : 1
* Pipeline : 0
* Dataflow Pipeline: 0

* FSM state transitions: 
1 --> 

* FSM state operations: 

State 1 <SV = 0> <Delay = 3.63>
ST_1 : Operation 2 [1/1] (0.00ns)   --->   "%specinterface_ln0 = specinterface void @_ssdm_op_SpecInterface, i8 %p_lowthreshold_out, void @ap_fifo_str, i32 0, i32 0, void @p_str, i32 0, i32 0, void @p_str, void @p_str, void @p_str, i32 2, i32 2, i32 16, i32 16, void @p_str, void @ScalarProp_str"   --->   Operation 2 'specinterface' 'specinterface_ln0' <Predicate = true> <Delay = 0.00>
ST_1 : Operation 3 [1/1] (0.00ns)   --->   "%img_width_read = read i11 @_ssdm_op_Read.ap_auto.i11, i11 %img_width"   --->   Operation 3 'read' 'img_width_read' <Predicate = true> <Delay = 0.00>
ST_1 : Operation 4 [1/1] (0.00ns)   --->   "%img_height_read = read i11 @_ssdm_op_Read.ap_auto.i11, i11 %img_height"   --->   Operation 4 'read' 'img_height_read' <Predicate = true> <Delay = 0.00>
ST_1 : Operation 5 [1/1] (0.00ns)   --->   "%p_highthreshold_read = read i8 @_ssdm_op_Read.ap_auto.i8, i8 %p_highthreshold"   --->   Operation 5 'read' 'p_highthreshold_read' <Predicate = true> <Delay = 0.00>
ST_1 : Operation 6 [1/1] (0.00ns)   --->   "%p_lowthreshold_read = read i8 @_ssdm_op_Read.ap_auto.i8, i8 %p_lowthreshold"   --->   Operation 6 'read' 'p_lowthreshold_read' <Predicate = true> <Delay = 0.00>
ST_1 : Operation 7 [1/1] (3.59ns)   --->   "%write_ln0 = write void @_ssdm_op_Write.ap_fifo.i8P0A, i8 %p_lowthreshold_out, i8 %p_lowthreshold_read"   --->   Operation 7 'write' 'write_ln0' <Predicate = true> <Delay = 3.59> <CoreInst = "FIFO_SRL">   --->   Core 81 'FIFO_SRL' <Latency = 0> <II = 1> <Delay = 3.59> <Storage> <Opcode : 'read' 'write' 'nbread' 'nbwrite'> <Ports = 0> <Width = 8> <Depth = 6> <FIFO>
ST_1 : Operation 8 [1/1] (0.00ns)   --->   "%specinterface_ln0 = specinterface void @_ssdm_op_SpecInterface, i8 %p_highthreshold_out, void @ap_fifo_str, i32 0, i32 0, void @p_str, i32 0, i32 0, void @p_str, void @p_str, void @p_str, i32 2, i32 2, i32 16, i32 16, void @p_str, void @ScalarProp_str"   --->   Operation 8 'specinterface' 'specinterface_ln0' <Predicate = true> <Delay = 0.00>
ST_1 : Operation 9 [1/1] (3.59ns)   --->   "%write_ln0 = write void @_ssdm_op_Write.ap_fifo.i8P0A, i8 %p_highthreshold_out, i8 %p_highthreshold_read"   --->   Operation 9 'write' 'write_ln0' <Predicate = true> <Delay = 3.59> <CoreInst = "FIFO_SRL">   --->   Core 81 'FIFO_SRL' <Latency = 0> <II = 1> <Delay = 3.59> <Storage> <Opcode : 'read' 'write' 'nbread' 'nbwrite'> <Ports = 0> <Width = 8> <Depth = 6> <FIFO>
ST_1 : Operation 10 [1/1] (0.00ns)   --->   "%specinterface_ln0 = specinterface void @_ssdm_op_SpecInterface, i11 %img_height_out, void @ap_fifo_str, i32 0, i32 0, void @p_str, i32 0, i32 0, void @p_str, void @p_str, void @p_str, i32 2, i32 2, i32 16, i32 16, void @p_str, void @ScalarProp_str"   --->   Operation 10 'specinterface' 'specinterface_ln0' <Predicate = true> <Delay = 0.00>
ST_1 : Operation 11 [1/1] (3.63ns)   --->   "%write_ln0 = write void @_ssdm_op_Write.ap_fifo.i11P0A, i11 %img_height_out, i11 %img_height_read"   --->   Operation 11 'write' 'write_ln0' <Predicate = true> <Delay = 3.63> <CoreInst = "FIFO_SRL">   --->   Core 81 'FIFO_SRL' <Latency = 0> <II = 1> <Delay = 3.63> <Storage> <Opcode : 'read' 'write' 'nbread' 'nbwrite'> <Ports = 0> <Width = 11> <Depth = 2> <FIFO>
ST_1 : Operation 12 [1/1] (0.00ns)   --->   "%specinterface_ln0 = specinterface void @_ssdm_op_SpecInterface, i11 %img_height_out1, void @ap_fifo_str, i32 0, i32 0, void @p_str, i32 0, i32 0, void @p_str, void @p_str, void @p_str, i32 2, i32 2, i32 16, i32 16, void @p_str, void @ScalarProp_str"   --->   Operation 12 'specinterface' 'specinterface_ln0' <Predicate = true> <Delay = 0.00>
ST_1 : Operation 13 [1/1] (3.63ns)   --->   "%write_ln0 = write void @_ssdm_op_Write.ap_fifo.i11P0A, i11 %img_height_out1, i11 %img_height_read"   --->   Operation 13 'write' 'write_ln0' <Predicate = true> <Delay = 3.63> <CoreInst = "FIFO_SRL">   --->   Core 81 'FIFO_SRL' <Latency = 0> <II = 1> <Delay = 3.63> <Storage> <Opcode : 'read' 'write' 'nbread' 'nbwrite'> <Ports = 0> <Width = 11> <Depth = 2> <FIFO>
ST_1 : Operation 14 [1/1] (0.00ns)   --->   "%specinterface_ln0 = specinterface void @_ssdm_op_SpecInterface, i11 %img_width_out, void @ap_fifo_str, i32 0, i32 0, void @p_str, i32 0, i32 0, void @p_str, void @p_str, void @p_str, i32 2, i32 2, i32 16, i32 16, void @p_str, void @ScalarProp_str"   --->   Operation 14 'specinterface' 'specinterface_ln0' <Predicate = true> <Delay = 0.00>
ST_1 : Operation 15 [1/1] (3.63ns)   --->   "%write_ln0 = write void @_ssdm_op_Write.ap_fifo.i11P0A, i11 %img_width_out, i11 %img_width_read"   --->   Operation 15 'write' 'write_ln0' <Predicate = true> <Delay = 3.63> <CoreInst = "FIFO_SRL">   --->   Core 81 'FIFO_SRL' <Latency = 0> <II = 1> <Delay = 3.63> <Storage> <Opcode : 'read' 'write' 'nbread' 'nbwrite'> <Ports = 0> <Width = 11> <Depth = 2> <FIFO>
ST_1 : Operation 16 [1/1] (0.00ns)   --->   "%specinterface_ln0 = specinterface void @_ssdm_op_SpecInterface, i11 %img_width_out2, void @ap_fifo_str, i32 0, i32 0, void @p_str, i32 0, i32 0, void @p_str, void @p_str, void @p_str, i32 2, i32 2, i32 16, i32 16, void @p_str, void @ScalarProp_str"   --->   Operation 16 'specinterface' 'specinterface_ln0' <Predicate = true> <Delay = 0.00>
ST_1 : Operation 17 [1/1] (3.63ns)   --->   "%write_ln0 = write void @_ssdm_op_Write.ap_fifo.i11P0A, i11 %img_width_out2, i11 %img_width_read"   --->   Operation 17 'write' 'write_ln0' <Predicate = true> <Delay = 3.63> <CoreInst = "FIFO_SRL">   --->   Core 81 'FIFO_SRL' <Latency = 0> <II = 1> <Delay = 3.63> <Storage> <Opcode : 'read' 'write' 'nbread' 'nbwrite'> <Ports = 0> <Width = 11> <Depth = 2> <FIFO>
ST_1 : Operation 18 [1/1] (0.00ns)   --->   "%ret_ln0 = ret"   --->   Operation 18 'ret' 'ret_ln0' <Predicate = true> <Delay = 0.00>


============================================================
+ Verbose Summary: Binding
============================================================
STG Binding: 
---------------- STG Properties BEGIN ----------------
- Is combinational: 0
- Is one-state seq: 1
- Is datapath-only: 0
- Is pipelined: 0
- Is top level: 0
Port [ Return ] is wired: 1; IO mode=ap_ctrl_hs:ce=0
Port [ p_lowthreshold]:  wired=1; compound=0; hidden=0; nouse=0; global=0; static=0; extern=0; dir=0; type=0; pingpong=0; private_global=0; IO mode=ap_none:ce=0
Port [ p_highthreshold]:  wired=1; compound=0; hidden=0; nouse=0; global=0; static=0; extern=0; dir=0; type=0; pingpong=0; private_global=0; IO mode=ap_none:ce=0
Port [ img_height]:  wired=1; compound=0; hidden=0; nouse=0; global=0; static=0; extern=0; dir=0; type=0; pingpong=0; private_global=0; IO mode=ap_none:ce=0
Port [ img_width]:  wired=1; compound=0; hidden=0; nouse=0; global=0; static=0; extern=0; dir=0; type=0; pingpong=0; private_global=0; IO mode=ap_none:ce=0
Port [ p_lowthreshold_out]:  wired=1; compound=1; hidden=0; nouse=0; global=0; static=0; extern=0; dir=1; type=3; pingpong=0; private_global=0; IO mode=ap_fifo:ce=0
Port [ p_highthreshold_out]:  wired=1; compound=1; hidden=0; nouse=0; global=0; static=0; extern=0; dir=1; type=3; pingpong=0; private_global=0; IO mode=ap_fifo:ce=0
Port [ img_height_out]:  wired=1; compound=1; hidden=0; nouse=0; global=0; static=0; extern=0; dir=1; type=3; pingpong=0; private_global=0; IO mode=ap_fifo:ce=0
Port [ img_height_out1]:  wired=1; compound=1; hidden=0; nouse=0; global=0; static=0; extern=0; dir=1; type=3; pingpong=0; private_global=0; IO mode=ap_fifo:ce=0
Port [ img_width_out]:  wired=1; compound=1; hidden=0; nouse=0; global=0; static=0; extern=0; dir=1; type=3; pingpong=0; private_global=0; IO mode=ap_fifo:ce=0
Port [ img_width_out2]:  wired=1; compound=1; hidden=0; nouse=0; global=0; static=0; extern=0; dir=1; type=3; pingpong=0; private_global=0; IO mode=ap_fifo:ce=0
---------------- STG Properties END ------------------

---------------- Datapath Model BEGIN ----------------

<LifeTime>
<method=bitvector/>
specinterface_ln0    (specinterface) [ 00]
img_width_read       (read         ) [ 00]
img_height_read      (read         ) [ 00]
p_highthreshold_read (read         ) [ 00]
p_lowthreshold_read  (read         ) [ 00]
write_ln0            (write        ) [ 00]
specinterface_ln0    (specinterface) [ 00]
write_ln0            (write        ) [ 00]
specinterface_ln0    (specinterface) [ 00]
write_ln0            (write        ) [ 00]
specinterface_ln0    (specinterface) [ 00]
write_ln0            (write        ) [ 00]
specinterface_ln0    (specinterface) [ 00]
write_ln0            (write        ) [ 00]
specinterface_ln0    (specinterface) [ 00]
write_ln0            (write        ) [ 00]
ret_ln0              (ret          ) [ 00]
</LifeTime>

<model>

<comp_list>
<comp id="0" class="1000" name="p_lowthreshold">
<pin_list>
<pin id="1" dir="1" index="0" bw="1" slack="0"/>
</pin_list>
<bind>
<StgValue><ssdm name="p_lowthreshold"/></StgValue>
</bind>
</comp>

<comp id="2" class="1000" name="p_highthreshold">
<pin_list>
<pin id="3" dir="1" index="0" bw="1" slack="0"/>
</pin_list>
<bind>
<StgValue><ssdm name="p_highthreshold"/></StgValue>
</bind>
</comp>

<comp id="4" class="1000" name="img_height">
<pin_list>
<pin id="5" dir="1" index="0" bw="1" slack="0"/>
</pin_list>
<bind>
<StgValue><ssdm name="img_height"/></StgValue>
</bind>
</comp>

<comp id="6" class="1000" name="img_width">
<pin_list>
<pin id="7" dir="1" index="0" bw="1" slack="0"/>
</pin_list>
<bind>
<StgValue><ssdm name="img_width"/></StgValue>
</bind>
</comp>

<comp id="8" class="1000" name="p_lowthreshold_out">
<pin_list>
<pin id="9" dir="1" index="0" bw="1" slack="0"/>
</pin_list>
<bind>
<StgValue><ssdm name="p_lowthreshold_out"/></StgValue>
</bind>
</comp>

<comp id="10" class="1000" name="p_highthreshold_out">
<pin_list>
<pin id="11" dir="1" index="0" bw="1" slack="0"/>
</pin_list>
<bind>
<StgValue><ssdm name="p_highthreshold_out"/></StgValue>
</bind>
</comp>

<comp id="12" class="1000" name="img_height_out">
<pin_list>
<pin id="13" dir="1" index="0" bw="1" slack="0"/>
</pin_list>
<bind>
<StgValue><ssdm name="img_height_out"/></StgValue>
</bind>
</comp>

<comp id="14" class="1000" name="img_height_out1">
<pin_list>
<pin id="15" dir="1" index="0" bw="1" slack="0"/>
</pin_list>
<bind>
<StgValue><ssdm name="img_height_out1"/></StgValue>
</bind>
</comp>

<comp id="16" class="1000" name="img_width_out">
<pin_list>
<pin id="17" dir="1" index="0" bw="1" slack="0"/>
</pin_list>
<bind>
<StgValue><ssdm name="img_width_out"/></StgValue>
</bind>
</comp>

<comp id="18" class="1000" name="img_width_out2">
<pin_list>
<pin id="19" dir="1" index="0" bw="1" slack="0"/>
</pin_list>
<bind>
<StgValue><ssdm name="img_width_out2"/></StgValue>
</bind>
</comp>

<comp id="20" class="1001" name="const_20">
<pin_list>
<pin id="21" dir="1" index="0" bw="1" slack="2147483647"/>
</pin_list>
<bind>
<StgValue><ssdm name="_ssdm_op_SpecInterface"/></StgValue>
</bind>
</comp>

<comp id="22" class="1001" name="const_22">
<pin_list>
<pin id="23" dir="1" index="0" bw="1" slack="2147483647"/>
</pin_list>
<bind>
<StgValue><ssdm name="ap_fifo_str"/></StgValue>
</bind>
</comp>

<comp id="24" class="1001" name="const_24">
<pin_list>
<pin id="25" dir="1" index="0" bw="1" slack="2147483647"/>
</pin_list>
<bind>
<StgValue><ssdm name=""/></StgValue>
</bind>
</comp>

<comp id="26" class="1001" name="const_26">
<pin_list>
<pin id="27" dir="1" index="0" bw="1" slack="2147483647"/>
</pin_list>
<bind>
<StgValue><ssdm name="p_str"/></StgValue>
</bind>
</comp>

<comp id="28" class="1001" name="const_28">
<pin_list>
<pin id="29" dir="1" index="0" bw="1" slack="2147483647"/>
</pin_list>
<bind>
<StgValue><ssdm name=""/></StgValue>
</bind>
</comp>

<comp id="30" class="1001" name="const_30">
<pin_list>
<pin id="31" dir="1" index="0" bw="1" slack="2147483647"/>
</pin_list>
<bind>
<StgValue><ssdm name=""/></StgValue>
</bind>
</comp>

<comp id="32" class="1001" name="const_32">
<pin_list>
<pin id="33" dir="1" index="0" bw="1" slack="2147483647"/>
</pin_list>
<bind>
<StgValue><ssdm name="ScalarProp_str"/></StgValue>
</bind>
</comp>

<comp id="34" class="1001" name="const_34">
<pin_list>
<pin id="35" dir="1" index="0" bw="1" slack="0"/>
</pin_list>
<bind>
<StgValue><ssdm name="_ssdm_op_Read.ap_auto.i11"/></StgValue>
</bind>
</comp>

<comp id="36" class="1001" name="const_36">
<pin_list>
<pin id="37" dir="1" index="0" bw="1" slack="0"/>
</pin_list>
<bind>
<StgValue><ssdm name="_ssdm_op_Read.ap_auto.i8"/></StgValue>
</bind>
</comp>

<comp id="38" class="1001" name="const_38">
<pin_list>
<pin id="39" dir="1" index="0" bw="1" slack="0"/>
</pin_list>
<bind>
<StgValue><ssdm name="_ssdm_op_Write.ap_fifo.i8P0A"/></StgValue>
</bind>
</comp>

<comp id="40" class="1001" name="const_40">
<pin_list>
<pin id="41" dir="1" index="0" bw="1" slack="0"/>
</pin_list>
<bind>
<StgValue><ssdm name="_ssdm_op_Write.ap_fifo.i11P0A"/></StgValue>
</bind>
</comp>

<comp id="42" class="1004" name="img_width_read_read_fu_42">
<pin_list>
<pin id="43" dir="0" index="0" bw="11" slack="0"/>
<pin id="44" dir="0" index="1" bw="11" slack="0"/>
<pin id="45" dir="1" index="2" bw="11" slack="0"/>
</pin_list>
<bind>
<opcode="read(1150) " fcode="read"/>
<opset="img_width_read/1 "/>
</bind>
</comp>

<comp id="48" class="1004" name="img_height_read_read_fu_48">
<pin_list>
<pin id="49" dir="0" index="0" bw="11" slack="0"/>
<pin id="50" dir="0" index="1" bw="11" slack="0"/>
<pin id="51" dir="1" index="2" bw="11" slack="0"/>
</pin_list>
<bind>
<opcode="read(1150) " fcode="read"/>
<opset="img_height_read/1 "/>
</bind>
</comp>

<comp id="54" class="1004" name="p_highthreshold_read_read_fu_54">
<pin_list>
<pin id="55" dir="0" index="0" bw="8" slack="0"/>
<pin id="56" dir="0" index="1" bw="8" slack="0"/>
<pin id="57" dir="1" index="2" bw="8" slack="0"/>
</pin_list>
<bind>
<opcode="read(1150) " fcode="read"/>
<opset="p_highthreshold_read/1 "/>
</bind>
</comp>

<comp id="60" class="1004" name="p_lowthreshold_read_read_fu_60">
<pin_list>
<pin id="61" dir="0" index="0" bw="8" slack="0"/>
<pin id="62" dir="0" index="1" bw="8" slack="0"/>
<pin id="63" dir="1" index="2" bw="8" slack="0"/>
</pin_list>
<bind>
<opcode="read(1150) " fcode="read"/>
<opset="p_lowthreshold_read/1 "/>
</bind>
</comp>

<comp id="66" class="1004" name="write_ln0_write_fu_66">
<pin_list>
<pin id="67" dir="0" index="0" bw="0" slack="0"/>
<pin id="68" dir="0" index="1" bw="8" slack="0"/>
<pin id="69" dir="0" index="2" bw="8" slack="0"/>
<pin id="70" dir="1" index="3" bw="0" slack="2147483647"/>
</pin_list>
<bind>
<opcode="write(1151) " fcode="write"/>
<opset="write_ln0/1 "/>
</bind>
</comp>

<comp id="74" class="1004" name="write_ln0_write_fu_74">
<pin_list>
<pin id="75" dir="0" index="0" bw="0" slack="0"/>
<pin id="76" dir="0" index="1" bw="8" slack="0"/>
<pin id="77" dir="0" index="2" bw="8" slack="0"/>
<pin id="78" dir="1" index="3" bw="0" slack="2147483647"/>
</pin_list>
<bind>
<opcode="write(1151) " fcode="write"/>
<opset="write_ln0/1 "/>
</bind>
</comp>

<comp id="82" class="1004" name="write_ln0_write_fu_82">
<pin_list>
<pin id="83" dir="0" index="0" bw="0" slack="0"/>
<pin id="84" dir="0" index="1" bw="11" slack="0"/>
<pin id="85" dir="0" index="2" bw="11" slack="0"/>
<pin id="86" dir="1" index="3" bw="0" slack="2147483647"/>
</pin_list>
<bind>
<opcode="write(1151) " fcode="write"/>
<opset="write_ln0/1 "/>
</bind>
</comp>

<comp id="90" class="1004" name="write_ln0_write_fu_90">
<pin_list>
<pin id="91" dir="0" index="0" bw="0" slack="0"/>
<pin id="92" dir="0" index="1" bw="11" slack="0"/>
<pin id="93" dir="0" index="2" bw="11" slack="0"/>
<pin id="94" dir="1" index="3" bw="0" slack="2147483647"/>
</pin_list>
<bind>
<opcode="write(1151) " fcode="write"/>
<opset="write_ln0/1 "/>
</bind>
</comp>

<comp id="98" class="1004" name="write_ln0_write_fu_98">
<pin_list>
<pin id="99" dir="0" index="0" bw="0" slack="0"/>
<pin id="100" dir="0" index="1" bw="11" slack="0"/>
<pin id="101" dir="0" index="2" bw="11" slack="0"/>
<pin id="102" dir="1" index="3" bw="0" slack="2147483647"/>
</pin_list>
<bind>
<opcode="write(1151) " fcode="write"/>
<opset="write_ln0/1 "/>
</bind>
</comp>

<comp id="106" class="1004" name="write_ln0_write_fu_106">
<pin_list>
<pin id="107" dir="0" index="0" bw="0" slack="0"/>
<pin id="108" dir="0" index="1" bw="11" slack="0"/>
<pin id="109" dir="0" index="2" bw="11" slack="0"/>
<pin id="110" dir="1" index="3" bw="0" slack="2147483647"/>
</pin_list>
<bind>
<opcode="write(1151) " fcode="write"/>
<opset="write_ln0/1 "/>
</bind>
</comp>

</comp_list>

<net_list>
<net id="46"><net_src comp="34" pin="0"/><net_sink comp="42" pin=0"/></net>

<net id="47"><net_src comp="6" pin="0"/><net_sink comp="42" pin=1"/></net>

<net id="52"><net_src comp="34" pin="0"/><net_sink comp="48" pin=0"/></net>

<net id="53"><net_src comp="4" pin="0"/><net_sink comp="48" pin=1"/></net>

<net id="58"><net_src comp="36" pin="0"/><net_sink comp="54" pin=0"/></net>

<net id="59"><net_src comp="2" pin="0"/><net_sink comp="54" pin=1"/></net>

<net id="64"><net_src comp="36" pin="0"/><net_sink comp="60" pin=0"/></net>

<net id="65"><net_src comp="0" pin="0"/><net_sink comp="60" pin=1"/></net>

<net id="71"><net_src comp="38" pin="0"/><net_sink comp="66" pin=0"/></net>

<net id="72"><net_src comp="8" pin="0"/><net_sink comp="66" pin=1"/></net>

<net id="73"><net_src comp="60" pin="2"/><net_sink comp="66" pin=2"/></net>

<net id="79"><net_src comp="38" pin="0"/><net_sink comp="74" pin=0"/></net>

<net id="80"><net_src comp="10" pin="0"/><net_sink comp="74" pin=1"/></net>

<net id="81"><net_src comp="54" pin="2"/><net_sink comp="74" pin=2"/></net>

<net id="87"><net_src comp="40" pin="0"/><net_sink comp="82" pin=0"/></net>

<net id="88"><net_src comp="12" pin="0"/><net_sink comp="82" pin=1"/></net>

<net id="89"><net_src comp="48" pin="2"/><net_sink comp="82" pin=2"/></net>

<net id="95"><net_src comp="40" pin="0"/><net_sink comp="90" pin=0"/></net>

<net id="96"><net_src comp="14" pin="0"/><net_sink comp="90" pin=1"/></net>

<net id="97"><net_src comp="48" pin="2"/><net_sink comp="90" pin=2"/></net>

<net id="103"><net_src comp="40" pin="0"/><net_sink comp="98" pin=0"/></net>

<net id="104"><net_src comp="16" pin="0"/><net_sink comp="98" pin=1"/></net>

<net id="105"><net_src comp="42" pin="2"/><net_sink comp="98" pin=2"/></net>

<net id="111"><net_src comp="40" pin="0"/><net_sink comp="106" pin=0"/></net>

<net id="112"><net_src comp="18" pin="0"/><net_sink comp="106" pin=1"/></net>

<net id="113"><net_src comp="42" pin="2"/><net_sink comp="106" pin=2"/></net>

</net_list>

</model> 
---------------- Datapath Model END ------------------

* FSMD analyzer results:
  - Output states:
	Port: p_lowthreshold_out | {1 }
	Port: p_highthreshold_out | {1 }
	Port: img_height_out | {1 }
	Port: img_height_out1 | {1 }
	Port: img_width_out | {1 }
	Port: img_width_out2 | {1 }
 - Input state : 
	Port: xFCannyKernel<0, 8, 0, 1080, 1920, 0, 12, 1, 32, 1, 20, 1920, 2, 5760, 3, false>.entry21 : p_lowthreshold | {1 }
	Port: xFCannyKernel<0, 8, 0, 1080, 1920, 0, 12, 1, 32, 1, 20, 1920, 2, 5760, 3, false>.entry21 : p_highthreshold | {1 }
	Port: xFCannyKernel<0, 8, 0, 1080, 1920, 0, 12, 1, 32, 1, 20, 1920, 2, 5760, 3, false>.entry21 : img_height | {1 }
	Port: xFCannyKernel<0, 8, 0, 1080, 1920, 0, 12, 1, 32, 1, 20, 1920, 2, 5760, 3, false>.entry21 : img_width | {1 }
	Port: xFCannyKernel<0, 8, 0, 1080, 1920, 0, 12, 1, 32, 1, 20, 1920, 2, 5760, 3, false>.entry21 : p_lowthreshold_out | {}
	Port: xFCannyKernel<0, 8, 0, 1080, 1920, 0, 12, 1, 32, 1, 20, 1920, 2, 5760, 3, false>.entry21 : p_highthreshold_out | {}
	Port: xFCannyKernel<0, 8, 0, 1080, 1920, 0, 12, 1, 32, 1, 20, 1920, 2, 5760, 3, false>.entry21 : img_height_out | {}
	Port: xFCannyKernel<0, 8, 0, 1080, 1920, 0, 12, 1, 32, 1, 20, 1920, 2, 5760, 3, false>.entry21 : img_height_out1 | {}
	Port: xFCannyKernel<0, 8, 0, 1080, 1920, 0, 12, 1, 32, 1, 20, 1920, 2, 5760, 3, false>.entry21 : img_width_out | {}
	Port: xFCannyKernel<0, 8, 0, 1080, 1920, 0, 12, 1, 32, 1, 20, 1920, 2, 5760, 3, false>.entry21 : img_width_out2 | {}
  - Chain level:
	State 1


============================================================
+ Verbose Summary: Datapath Resource usage 
============================================================

* Functional unit list:
|----------|---------------------------------|
| Operation|         Functional Unit         |
|----------|---------------------------------|
|          |    img_width_read_read_fu_42    |
|   read   |    img_height_read_read_fu_48   |
|          | p_highthreshold_read_read_fu_54 |
|          |  p_lowthreshold_read_read_fu_60 |
|----------|---------------------------------|
|          |      write_ln0_write_fu_66      |
|          |      write_ln0_write_fu_74      |
|   write  |      write_ln0_write_fu_82      |
|          |      write_ln0_write_fu_90      |
|          |      write_ln0_write_fu_98      |
|          |      write_ln0_write_fu_106     |
|----------|---------------------------------|
|   Total  |                                 |
|----------|---------------------------------|

Memories:
N/A

* Register list:
N/A

* Multiplexer (MUX) list: 
|--------|------|------|------|--------|
|  Comp  |  Pin | Size |  BW  | S x BW |
|--------|------|------|------|--------|
|  Total |      |      |      |    0   |
|--------|------|------|------|--------|



* Summary:
+-----------+
|           |
+-----------+
|  Function |
|   Memory  |
|Multiplexer|
|  Register |
+-----------+
|   Total   |
+-----------+
