INFO: Applying HLS Y2K22 patch v1.2 for IP revision
INFO: [HLS 200-10] Running '/tools/Xilinx/Vitis_HLS/2020.2/bin/unwrapped/lnx64.o/vitis_hls'
INFO: [HLS 200-10] For user 'soc' on host 'ubuntu' (Linux_x86_64 version 5.15.0-97-generic) on Sun Feb 25 00:53:31 PST 2024
INFO: [HLS 200-10] On os Ubuntu 20.04.6 LTS
INFO: [HLS 200-10] In directory '/home/soc/Documents/canny-approximate-compute/IP/vitis_hls_projects/grayscaler.vhlsprj'
Sourcing Tcl script '/home/soc/Documents/canny-approximate-compute/IP/vitis_hls_projects/grayscaler.vhlsprj/grayscaler/solution1/export.tcl'
INFO: [HLS 200-1510] Running: open_project grayscaler 
INFO: [HLS 200-10] Opening project '/home/soc/Documents/canny-approximate-compute/IP/vitis_hls_projects/grayscaler.vhlsprj/grayscaler'.
INFO: [HLS 200-1510] Running: set_top grayscale_accel2 
INFO: [HLS 200-1510] Running: add_files ../../src/grayscaler/grayscaler.cpp -cflags -I../../Vitis_Libraries/vision/L1/include -csimflags -I../../Vitis_Libraries/vision/L1/include 
INFO: [HLS 200-10] Adding design file '../../src/grayscaler/grayscaler.cpp' to the project
INFO: [HLS 200-1510] Running: open_solution solution1 -flow_target vivado 
INFO: [HLS 200-10] Opening solution '/home/soc/Documents/canny-approximate-compute/IP/vitis_hls_projects/grayscaler.vhlsprj/grayscaler/solution1'.
INFO: [SYN 201-201] Setting up clock 'default' with a period of 10ns.
INFO: [HLS 200-10] Setting target device to 'xc7z020-clg400-1'
INFO: [HLS 200-1505] Using flow_target 'vivado'
Resolution: For help on HLS 200-1505 see www.xilinx.com/cgi-bin/docs/rdoc?v=2020.2;t=hls+guidance;d=200-1505.html
INFO: [HLS 200-1464] Running solution command: config_export -format=ip_catalog
INFO: [HLS 200-1464] Running solution command: config_export -rtl=verilog
INFO: [HLS 200-1510] Running: set_part xc7z020-clg400-1 
INFO: [HLS 200-1510] Running: create_clock -period 10 -name default 
INFO: [HLS 200-1510] Running: config_export -format ip_catalog -rtl verilog 
INFO: [HLS 200-1510] Running: set_directive_top -name grayscale_accel2 grayscale_accel2 
INFO: [HLS 200-1510] Running: export_design -rtl verilog -format ip_catalog 
INFO: [IMPL 213-8] Exporting RTL as a Vivado IP.

****** Vivado v2020.2.2 (64-bit)
  **** SW Build 3118627 on Tue Feb  9 05:13:49 MST 2021
  **** IP Build 3115676 on Tue Feb  9 10:48:11 MST 2021
    ** Copyright 1986-2021 Xilinx, Inc. All Rights Reserved.

source run_ippack.tcl -notrace
INFO: [IP_Flow 19-234] Refreshing IP repositories
INFO: [IP_Flow 19-1704] No user IP repositories specified
INFO: [IP_Flow 19-2313] Loaded Vivado IP repository '/tools/Xilinx/Vivado/2020.2/data/ip'.
INFO: [Common 17-206] Exiting Vivado at Sun Feb 25 00:53:48 2024...
INFO: [HLS 200-802] Generated output file grayscaler/solution1/impl/export.zip
INFO: [HLS 200-111] Finished Command export_design CPU user time: 16.85 seconds. CPU system time: 4.03 seconds. Elapsed time: 18.79 seconds; current allocated memory: 114.914 MB.
